<?xml version="1.0" encoding="utf-8"?>
<test-run id="2" testcasecount="673" result="Failed(Child)" total="673" passed="672" failed="1" inconclusive="0" skipped="0" asserts="0" engine-version="3.5.0.0" clr-version="4.0.30319.42000" start-time="2026-09-22 02:50:53Z" end-time="2026-09-22 02:50:56Z" duration="3,505812">
  <test-suite type="TestSuite" id="1000" name="GlobalFront" fullname="GlobalFront" runstate="Runnable" testcasecount="673" result="Failed" site="Child" start-time="2026-09-22 02:50:53Z" end-time="2026-09-22 02:50:56Z" duration="3.505812" total="673" passed="672" failed="1" inconclusive="0" skipped="0" asserts="0">
    <properties>
      <property name="platform" value="EditMode" />
    </properties>
    <failure>
      <message><![CDATA[One or more child tests had errors]]></message>
    </failure>
    <test-suite type="Assembly" id="1734" name="GlobalFront.Tests.EditMode.dll" fullname="C:/UnityProjects/GlobalFront/Library/ScriptAssemblies/GlobalFront.Tests.EditMode.dll" runstate="Runnable" testcasecount="673" result="Failed" site="Child" start-time="2026-09-22 02:50:53Z" end-time="2026-09-22 02:50:56Z" duration="3.493832" total="673" passed="672" failed="1" inconclusive="0" skipped="0" asserts="0">
      <properties>
        <property name="_PID" value="19960" />
        <property name="_APPDOMAIN" value="Unity Child Domain" />
        <property name="platform" value="EditMode" />
        <property name="EditorOnly" value="True" />
      </properties>
      <failure>
        <message><![CDATA[One or more child tests had errors]]></message>
      </failure>
      <test-suite type="TestSuite" id="1735" name="GlobalFront" fullname="GlobalFront" runstate="Runnable" testcasecount="673" result="Failed" site="Child" start-time="2026-09-22 02:50:53Z" end-time="2026-09-22 02:50:56Z" duration="3.488430" total="673" passed="672" failed="1" inconclusive="0" skipped="0" asserts="0">
        <properties />
        <failure>
          <message><![CDATA[One or more child tests had errors]]></message>
        </failure>
        <test-suite type="TestSuite" id="1736" name="Tests" fullname="GlobalFront.Tests" runstate="Runnable" testcasecount="673" result="Failed" site="Child" start-time="2026-09-22 02:50:53Z" end-time="2026-09-22 02:50:56Z" duration="3.483507" total="673" passed="672" failed="1" inconclusive="0" skipped="0" asserts="0">
          <properties />
          <failure>
            <message><![CDATA[One or more child tests had errors]]></message>
          </failure>
          <test-suite type="TestSuite" id="1737" name="EditMode" fullname="GlobalFront.Tests.EditMode" runstate="Runnable" testcasecount="673" result="Failed" site="Child" start-time="2026-09-22 02:50:53Z" end-time="2026-09-22 02:50:56Z" duration="3.478427" total="673" passed="672" failed="1" inconclusive="0" skipped="0" asserts="0">
            <properties />
            <failure>
              <message><![CDATA[One or more child tests had errors]]></message>
            </failure>
            <test-suite type="TestFixture" id="1001" name="AttackCommandTests" fullname="GlobalFront.Tests.EditMode.AttackCommandTests" classname="GlobalFront.Tests.EditMode.AttackCommandTests" runstate="Runnable" testcasecount="9" result="Passed" start-time="2026-09-22 02:50:53Z" end-time="2026-09-22 02:50:53Z" duration="0.061605" total="9" passed="9" failed="0" inconclusive="0" skipped="0" asserts="0">
              <properties />
              <test-case id="1002" name="TryCreate_CopiesAndCanonicalizesAttackerOrder" fullname="GlobalFront.Tests.EditMode.AttackCommandTests.TryCreate_CopiesAndCanonicalizesAttackerOrder" methodname="TryCreate_CopiesAndCanonicalizesAttackerOrder" classname="GlobalFront.Tests.EditMode.AttackCommandTests" runstate="Runnable" seed="1764410017" result="Passed" start-time="2026-09-22 02:50:53Z" end-time="2026-09-22 02:50:53Z" duration="0.020411" asserts="0">
                <properties>
                  <property name="retryIteration" value="0" />
                  <property name="repeatIteration" value="0" />
                </properties>
              </test-case>
              <test-case id="1011" name="TryCreate_EnforcesSelectionLimit" fullname="GlobalFront.Tests.EditMode.AttackCommandTests.TryCreate_EnforcesSelectionLimit" methodname="TryCreate_EnforcesSelectionLimit" classname="GlobalFront.Tests.EditMode.AttackCommandTests" runstate="Runnable" seed="1019459320" result="Passed" start-time="2026-09-22 02:50:53Z" end-time="2026-09-22 02:50:53Z" duration="0.004987" asserts="0">
                <properties>
                  <property name="retryIteration" value="0" />
                  <property name="repeatIteration" value="0" />
                </properties>
              </test-case>
              <test-case id="1007" name="TryCreate_RejectsInvalidHeader" fullname="GlobalFront.Tests.EditMode.AttackCommandTests.TryCreate_RejectsInvalidHeader" methodname="TryCreate_RejectsInvalidHeader" classname="GlobalFront.Tests.EditMode.AttackCommandTests" runstate="Runnable" seed="996749990" result="Passed" start-time="2026-09-22 02:50:53Z" end-time="2026-09-22 02:50:53Z" duration="0.001825" asserts="0">
                <properties>
                  <property name="retryIteration" value="0" />
                  <property name="repeatIteration" value="0" />
                </properties>
              </test-case>
              <test-case id="1009" name="TryCreate_RejectsInvalidOrDuplicateAttacker" fullname="GlobalFront.Tests.EditMode.AttackCommandTests.TryCreate_RejectsInvalidOrDuplicateAttacker" methodname="TryCreate_RejectsInvalidOrDuplicateAttacker" classname="GlobalFront.Tests.EditMode.AttackCommandTests" runstate="Runnable" seed="1699358389" result="Passed" start-time="2026-09-22 02:50:53Z" end-time="2026-09-22 02:50:53Z" duration="0.001107" asserts="0">
                <properties>
                  <property name="retryIteration" value="0" />
                  <property name="repeatIteration" value="0" />
                </properties>
              </test-case>
              <test-case id="1010" name="TryCreate_RejectsInvalidOrSelfTarget" fullname="GlobalFront.Tests.EditMode.AttackCommandTests.TryCreate_RejectsInvalidOrSelfTarget" methodname="TryCreate_RejectsInvalidOrSelfTarget" classname="GlobalFront.Tests.EditMode.AttackCommandTests" runstate="Runnable" seed="102917113" result="Passed" start-time="2026-09-22 02:50:53Z" end-time="2026-09-22 02:50:53Z" duration="0.000811" asserts="0">
                <properties>
                  <property name="retryIteration" value="0" />
                  <property name="repeatIteration" value="0" />
                </properties>
              </test-case>
              <test-suite type="ParameterizedMethod" id="1006" name="TryCreate_RejectsNonAttackCommandType" fullname="GlobalFront.Tests.EditMode.AttackCommandTests.TryCreate_RejectsNonAttackCommandType" classname="GlobalFront.Tests.EditMode.AttackCommandTests" runstate="Runnable" testcasecount="3" result="Passed" start-time="2026-09-22 02:50:53Z" end-time="2026-09-22 02:50:53Z" duration="0.006617" total="3" passed="3" failed="0" inconclusive="0" skipped="0" asserts="0">
                <properties />
                <test-case id="1003" name="TryCreate_RejectsNonAttackCommandType(None)" fullname="GlobalFront.Tests.EditMode.AttackCommandTests.TryCreate_RejectsNonAttackCommandType(None)" methodname="TryCreate_RejectsNonAttackCommandType" classname="GlobalFront.Tests.EditMode.AttackCommandTests" runstate="Runnable" seed="373504323" result="Passed" start-time="2026-09-22 02:50:53Z" end-time="2026-09-22 02:50:53Z" duration="0.000839" asserts="0">
                  <properties>
                    <property name="retryIteration" value="0" />
                    <property name="repeatIteration" value="0" />
                  </properties>
                </test-case>
                <test-case id="1004" name="TryCreate_RejectsNonAttackCommandType(Move)" fullname="GlobalFront.Tests.EditMode.AttackCommandTests.TryCreate_RejectsNonAttackCommandType(Move)" methodname="TryCreate_RejectsNonAttackCommandType" classname="GlobalFront.Tests.EditMode.AttackCommandTests" runstate="Runnable" seed="1012509269" result="Passed" start-time="2026-09-22 02:50:53Z" end-time="2026-09-22 02:50:53Z" duration="0.000265" asserts="0">
                  <properties>
                    <property name="retryIteration" value="0" />
                    <property name="repeatIteration" value="0" />
                  </properties>
                </test-case>
                <test-case id="1005" name="TryCreate_RejectsNonAttackCommandType(AttackMove)" fullname="GlobalFront.Tests.EditMode.AttackCommandTests.TryCreate_RejectsNonAttackCommandType(AttackMove)" methodname="TryCreate_RejectsNonAttackCommandType" classname="GlobalFront.Tests.EditMode.AttackCommandTests" runstate="Runnable" seed="2085295836" result="Passed" start-time="2026-09-22 02:50:53Z" end-time="2026-09-22 02:50:53Z" duration="0.000226" asserts="0">
                  <properties>
                    <property name="retryIteration" value="0" />
                    <property name="repeatIteration" value="0" />
                  </properties>
                </test-case>
              </test-suite>
              <test-case id="1008" name="TryCreate_RejectsNullOrEmptySelection" fullname="GlobalFront.Tests.EditMode.AttackCommandTests.TryCreate_RejectsNullOrEmptySelection" methodname="TryCreate_RejectsNullOrEmptySelection" classname="GlobalFront.Tests.EditMode.AttackCommandTests" runstate="Runnable" seed="682014177" result="Passed" start-time="2026-09-22 02:50:53Z" end-time="2026-09-22 02:50:53Z" duration="0.000689" asserts="0">
                <properties>
                  <property name="retryIteration" value="0" />
                  <property name="repeatIteration" value="0" />
                </properties>
              </test-case>
            </test-suite>
            <test-suite type="TestSuite" id="1745" name="Client" fullname="GlobalFront.Tests.EditMode.Client" runstate="Runnable" testcasecount="157" result="Failed" site="Child" start-time="2026-09-22 02:50:53Z" end-time="2026-09-22 02:50:53Z" duration="0.226078" total="157" passed="156" failed="1" inconclusive="0" skipped="0" asserts="0">
              <properties />
              <failure>
                <message><![CDATA[One or more child tests had errors]]></message>
              </failure>
              <test-suite type="TestFixture" id="1568" name="ClientReconnectTests" fullname="GlobalFront.Tests.EditMode.Client.ClientReconnectTests" classname="GlobalFront.Tests.EditMode.Client.ClientReconnectTests" runstate="Runnable" testcasecount="16" result="Failed" site="Child" start-time="2026-09-22 02:50:53Z" end-time="2026-09-22 02:50:53Z" duration="0.068517" total="16" passed="15" failed="1" inconclusive="0" skipped="0" asserts="0">
                <properties />
                <failure>
                  <message><![CDATA[One or more child tests had errors]]></message>
                </failure>
                <test-case id="1582" name="Coordinator_AdvanceCountdown_DecrementsTimer_AndResumesAtZero" fullname="GlobalFront.Tests.EditMode.Client.ClientReconnectTests.Coordinator_AdvanceCountdown_DecrementsTimer_AndResumesAtZero" methodname="Coordinator_AdvanceCountdown_DecrementsTimer_AndResumesAtZero" classname="GlobalFront.Tests.EditMode.Client.ClientReconnectTests" runstate="Runnable" seed="165746176" result="Passed" start-time="2026-09-22 02:50:53Z" end-time="2026-09-22 02:50:53Z" duration="0.007217" asserts="0">
                  <properties>
                    <property name="retryIteration" value="0" />
                    <property name="repeatIteration" value="0" />
                  </properties>
                </test-case>
                <test-case id="1570" name="Coordinator_CacheSession_TransitionsToConnected" fullname="GlobalFront.Tests.EditMode.Client.ClientReconnectTests.Coordinator_CacheSession_TransitionsToConnected" methodname="Coordinator_CacheSession_TransitionsToConnected" classname="GlobalFront.Tests.EditMode.Client.ClientReconnectTests" runstate="Runnable" seed="1829486903" result="Passed" start-time="2026-09-22 02:50:53Z" end-time="2026-09-22 02:50:53Z" duration="0.002564" asserts="0">
                  <properties>
                    <property name="retryIteration" value="0" />
                    <property name="repeatIteration" value="0" />
                  </properties>
                </test-case>
                <test-case id="1585" name="Coordinator_CommandPreservation_PreservesQueueAcrossDisconnectAndPause" fullname="GlobalFront.Tests.EditMode.Client.ClientReconnectTests.Coordinator_CommandPreservation_PreservesQueueAcrossDisconnectAndPause" methodname="Coordinator_CommandPreservation_PreservesQueueAcrossDisconnectAndPause" classname="GlobalFront.Tests.EditMode.Client.ClientReconnectTests" runstate="Runnable" seed="462845916" result="Passed" start-time="2026-09-22 02:50:53Z" end-time="2026-09-22 02:50:53Z" duration="0.027826" asserts="0">
                  <properties>
                    <property name="retryIteration" value="0" />
                    <property name="repeatIteration" value="0" />
                  </properties>
                </test-case>
                <test-case id="1569" name="Coordinator_InitialState_IsIdle" fullname="GlobalFront.Tests.EditMode.Client.ClientReconnectTests.Coordinator_InitialState_IsIdle" methodname="Coordinator_InitialState_IsIdle" classname="GlobalFront.Tests.EditMode.Client.ClientReconnectTests" runstate="Runnable" seed="132682651" result="Passed" start-time="2026-09-22 02:50:53Z" end-time="2026-09-22 02:50:53Z" duration="0.000472" asserts="0">
                  <properties>
                    <property name="retryIteration" value="0" />
                    <property name="repeatIteration" value="0" />
                  </properties>
                </test-case>
                <test-case id="1581" name="Coordinator_OnKeyframeInstalled_TransitionsToCountdown" fullname="GlobalFront.Tests.EditMode.Client.ClientReconnectTests.Coordinator_OnKeyframeInstalled_TransitionsToCountdown" methodname="Coordinator_OnKeyframeInstalled_TransitionsToCountdown" classname="GlobalFront.Tests.EditMode.Client.ClientReconnectTests" runstate="Runnable" seed="950526442" result="Passed" start-time="2026-09-22 02:50:53Z" end-time="2026-09-22 02:50:53Z" duration="0.000695" asserts="0">
                  <properties>
                    <property name="retryIteration" value="0" />
                    <property name="repeatIteration" value="0" />
                  </properties>
                </test-case>
                <test-case id="1575" name="Coordinator_OnReconnectResponse_Accepted_TransitionsToResyncing" fullname="GlobalFront.Tests.EditMode.Client.ClientReconnectTests.Coordinator_OnReconnectResponse_Accepted_TransitionsToResyncing" methodname="Coordinator_OnReconnectResponse_Accepted_TransitionsToResyncing" classname="GlobalFront.Tests.EditMode.Client.ClientReconnectTests" runstate="Runnable" seed="1632719400" result="Passed" start-time="2026-09-22 02:50:53Z" end-time="2026-09-22 02:50:53Z" duration="0.001475" asserts="0">
                  <properties>
                    <property name="retryIteration" value="0" />
                    <property name="repeatIteration" value="0" />
                  </properties>
                </test-case>
                <test-suite type="ParameterizedMethod" id="1580" name="Coordinator_OnReconnectResponse_Rejections_TransitionsToTerminated" fullname="GlobalFront.Tests.EditMode.Client.ClientReconnectTests.Coordinator_OnReconnectResponse_Rejections_TransitionsToTerminated" classname="GlobalFront.Tests.EditMode.Client.ClientReconnectTests" runstate="Runnable" testcasecount="4" result="Passed" start-time="2026-09-22 02:50:53Z" end-time="2026-09-22 02:50:53Z" duration="0.001979" total="4" passed="4" failed="0" inconclusive="0" skipped="0" asserts="0">
                  <properties />
                  <test-case id="1576" name="Coordinator_OnReconnectResponse_Rejections_TransitionsToTerminated(GraceExpired)" fullname="GlobalFront.Tests.EditMode.Client.ClientReconnectTests.Coordinator_OnReconnectResponse_Rejections_TransitionsToTerminated(GraceExpired)" methodname="Coordinator_OnReconnectResponse_Rejections_TransitionsToTerminated" classname="GlobalFront.Tests.EditMode.Client.ClientReconnectTests" runstate="Runnable" seed="31960543" result="Passed" start-time="2026-09-22 02:50:53Z" end-time="2026-09-22 02:50:53Z" duration="0.000529" asserts="0">
                    <properties>
                      <property name="retryIteration" value="0" />
                      <property name="repeatIteration" value="0" />
                    </properties>
                  </test-case>
                  <test-case id="1577" name="Coordinator_OnReconnectResponse_Rejections_TransitionsToTerminated(InvalidSecret)" fullname="GlobalFront.Tests.EditMode.Client.ClientReconnectTests.Coordinator_OnReconnectResponse_Rejections_TransitionsToTerminated(InvalidSecret)" methodname="Coordinator_OnReconnectResponse_Rejections_TransitionsToTerminated" classname="GlobalFront.Tests.EditMode.Client.ClientReconnectTests" runstate="Runnable" seed="1889792079" result="Passed" start-time="2026-09-22 02:50:53Z" end-time="2026-09-22 02:50:53Z" duration="0.000151" asserts="0">
                    <properties>
                      <property name="retryIteration" value="0" />
                      <property name="repeatIteration" value="0" />
                    </properties>
                  </test-case>
                  <test-case id="1578" name="Coordinator_OnReconnectResponse_Rejections_TransitionsToTerminated(SessionNotFound)" fullname="GlobalFront.Tests.EditMode.Client.ClientReconnectTests.Coordinator_OnReconnectResponse_Rejections_TransitionsToTerminated(SessionNotFound)" methodname="Coordinator_OnReconnectResponse_Rejections_TransitionsToTerminated" classname="GlobalFront.Tests.EditMode.Client.ClientReconnectTests" runstate="Runnable" seed="330014328" result="Passed" start-time="2026-09-22 02:50:53Z" end-time="2026-09-22 02:50:53Z" duration="0.000123" asserts="0">
                    <properties>
                      <property name="retryIteration" value="0" />
                      <property name="repeatIteration" value="0" />
                    </properties>
                  </test-case>
                  <test-case id="1579" name="Coordinator_OnReconnectResponse_Rejections_TransitionsToTerminated(MatchFinished)" fullname="GlobalFront.Tests.EditMode.Client.ClientReconnectTests.Coordinator_OnReconnectResponse_Rejections_TransitionsToTerminated(MatchFinished)" methodname="Coordinator_OnReconnectResponse_Rejections_TransitionsToTerminated" classname="GlobalFront.Tests.EditMode.Client.ClientReconnectTests" runstate="Runnable" seed="1055910528" result="Passed" start-time="2026-09-22 02:50:53Z" end-time="2026-09-22 02:50:53Z" duration="0.000115" asserts="0">
                    <properties>
                      <property name="retryIteration" value="0" />
                      <property name="repeatIteration" value="0" />
                    </properties>
                  </test-case>
                </test-suite>
                <test-case id="1571" name="Coordinator_OnTransportDisconnected_TransitionsToReconnecting_AndTracksAttempts" fullname="GlobalFront.Tests.EditMode.Client.ClientReconnectTests.Coordinator_OnTransportDisconnected_TransitionsToReconnecting_AndTracksAttempts" methodname="Coordinator_OnTransportDisconnected_TransitionsToReconnecting_AndTracksAttempts" classname="GlobalFront.Tests.EditMode.Client.ClientReconnectTests" runstate="Runnable" seed="981883723" result="Passed" start-time="2026-09-22 02:50:53Z" end-time="2026-09-22 02:50:53Z" duration="0.000475" asserts="0">
                  <properties>
                    <property name="retryIteration" value="0" />
                    <property name="repeatIteration" value="0" />
                  </properties>
                </test-case>
                <test-case id="1584" name="Coordinator_Resyncing_PrimesReplicationReceiver_RejectsStaleDeltas" fullname="GlobalFront.Tests.EditMode.Client.ClientReconnectTests.Coordinator_Resyncing_PrimesReplicationReceiver_RejectsStaleDeltas" methodname="Coordinator_Resyncing_PrimesReplicationReceiver_RejectsStaleDeltas" classname="GlobalFront.Tests.EditMode.Client.ClientReconnectTests" runstate="Runnable" seed="550955608" result="Passed" start-time="2026-09-22 02:50:53Z" end-time="2026-09-22 02:50:53Z" duration="0.005010" asserts="0">
                  <properties>
                    <property name="retryIteration" value="0" />
                    <property name="repeatIteration" value="0" />
                  </properties>
                </test-case>
                <test-case id="1583" name="Coordinator_SuccessfulReconnectCycle_FullFlow" fullname="GlobalFront.Tests.EditMode.Client.ClientReconnectTests.Coordinator_SuccessfulReconnectCycle_FullFlow" methodname="Coordinator_SuccessfulReconnectCycle_FullFlow" classname="GlobalFront.Tests.EditMode.Client.ClientReconnectTests" runstate="Runnable" seed="795900093" result="Passed" start-time="2026-09-22 02:50:53Z" end-time="2026-09-22 02:50:53Z" duration="0.003560" asserts="0">
                  <properties>
                    <property name="retryIteration" value="0" />
                    <property name="repeatIteration" value="0" />
                  </properties>
                </test-case>
                <test-case id="1573" name="Coordinator_TryBuildReconnectRequest_AllocatesZeroGC" fullname="GlobalFront.Tests.EditMode.Client.ClientReconnectTests.Coordinator_TryBuildReconnectRequest_AllocatesZeroGC" methodname="Coordinator_TryBuildReconnectRequest_AllocatesZeroGC" classname="GlobalFront.Tests.EditMode.Client.ClientReconnectTests" runstate="Runnable" seed="888764465" result="Failed" start-time="2026-09-22 02:50:53Z" end-time="2026-09-22 02:50:53Z" duration="0.009632" asserts="0">
                  <properties>
                    <property name="retryIteration" value="0" />
                    <property name="repeatIteration" value="0" />
                  </properties>
                  <failure>
                    <message><![CDATA[  Expected: not allocates GC memory
  But was:  <NUnit.Framework.TestDelegate>
]]></message>
                    <stack-trace><![CDATA[at GlobalFront.Tests.EditMode.Client.ClientReconnectTests.Coordinator_TryBuildReconnectRequest_AllocatesZeroGC () [0x0005b] in C:\UnityProjects\GlobalFront\Assets\_GlobalFront\Tests\EditMode\Client\ClientReconnectTests.cs:146
]]></stack-trace>
                  </failure>
                </test-case>
                <test-case id="1572" name="Coordinator_TryBuildReconnectRequest_EncodesCorrectWireBytes" fullname="GlobalFront.Tests.EditMode.Client.ClientReconnectTests.Coordinator_TryBuildReconnectRequest_EncodesCorrectWireBytes" methodname="Coordinator_TryBuildReconnectRequest_EncodesCorrectWireBytes" classname="GlobalFront.Tests.EditMode.Client.ClientReconnectTests" runstate="Runnable" seed="266079750" result="Passed" start-time="2026-09-22 02:50:53Z" end-time="2026-09-22 02:50:53Z" duration="0.001770" asserts="0">
                  <properties>
                    <property name="retryIteration" value="0" />
                    <property name="repeatIteration" value="0" />
                  </properties>
                </test-case>
                <test-case id="1574" name="Coordinator_TryBuildReconnectRequest_Fails_WhenInvalidStateOrBufferTooSmall" fullname="GlobalFront.Tests.EditMode.Client.ClientReconnectTests.Coordinator_TryBuildReconnectRequest_Fails_WhenInvalidStateOrBufferTooSmall" methodname="Coordinator_TryBuildReconnectRequest_Fails_WhenInvalidStateOrBufferTooSmall" classname="GlobalFront.Tests.EditMode.Client.ClientReconnectTests" runstate="Runnable" seed="1752985755" result="Passed" start-time="2026-09-22 02:50:53Z" end-time="2026-09-22 02:50:53Z" duration="0.000565" asserts="0">
                  <properties>
                    <property name="retryIteration" value="0" />
                    <property name="repeatIteration" value="0" />
                  </properties>
                </test-case>
              </test-suite>
              <test-suite type="TestSuite" id="1746" name="Presentation" fullname="GlobalFront.Tests.EditMode.Client.Presentation" runstate="Runnable" testcasecount="8" result="Passed" start-time="2026-09-22 02:50:53Z" end-time="2026-09-22 02:50:53Z" duration="0.032662" total="8" passed="8" failed="0" inconclusive="0" skipped="0" asserts="0">
                <properties />
                <test-suite type="TestFixture" id="1591" name="UnitViewTickBufferTests" fullname="GlobalFront.Tests.EditMode.Client.Presentation.UnitViewTickBufferTests" classname="GlobalFront.Tests.EditMode.Client.Presentation.UnitViewTickBufferTests" runstate="Runnable" testcasecount="8" result="Passed" start-time="2026-09-22 02:50:53Z" end-time="2026-09-22 02:50:53Z" duration="0.032211" total="8" passed="8" failed="0" inconclusive="0" skipped="0" asserts="0">
                  <properties />
                  <test-case id="1596" name="Extrapolation_ClampedTowardsMoveTarget" fullname="GlobalFront.Tests.EditMode.Client.Presentation.UnitViewTickBufferTests.Extrapolation_ClampedTowardsMoveTarget" methodname="Extrapolation_ClampedTowardsMoveTarget" classname="GlobalFront.Tests.EditMode.Client.Presentation.UnitViewTickBufferTests" runstate="Runnable" seed="31603891" result="Passed" start-time="2026-09-22 02:50:53Z" end-time="2026-09-22 02:50:53Z" duration="0.007352" asserts="0">
                    <properties>
                      <property name="retryIteration" value="0" />
                      <property name="repeatIteration" value="0" />
                    </properties>
                  </test-case>
                  <test-case id="1598" name="FlushAndResync_ClearsHistoryCleanly" fullname="GlobalFront.Tests.EditMode.Client.Presentation.UnitViewTickBufferTests.FlushAndResync_ClearsHistoryCleanly" methodname="FlushAndResync_ClearsHistoryCleanly" classname="GlobalFront.Tests.EditMode.Client.Presentation.UnitViewTickBufferTests" runstate="Runnable" seed="191521529" result="Passed" start-time="2026-09-22 02:50:53Z" end-time="2026-09-22 02:50:53Z" duration="0.002143" asserts="0">
                    <properties>
                      <property name="retryIteration" value="0" />
                      <property name="repeatIteration" value="0" />
                    </properties>
                  </test-case>
                  <test-case id="1592" name="Interpolation_10HzCadence_ProducesSmoothTrajectory" fullname="GlobalFront.Tests.EditMode.Client.Presentation.UnitViewTickBufferTests.Interpolation_10HzCadence_ProducesSmoothTrajectory" methodname="Interpolation_10HzCadence_ProducesSmoothTrajectory" classname="GlobalFront.Tests.EditMode.Client.Presentation.UnitViewTickBufferTests" runstate="Runnable" seed="135130188" result="Passed" start-time="2026-09-22 02:50:53Z" end-time="2026-09-22 02:50:53Z" duration="0.001390" asserts="0">
                    <properties>
                      <property name="retryIteration" value="0" />
                      <property name="repeatIteration" value="0" />
                    </properties>
                  </test-case>
                  <test-case id="1594" name="InvMaxHealth_ZeroHealth_NoNaN" fullname="GlobalFront.Tests.EditMode.Client.Presentation.UnitViewTickBufferTests.InvMaxHealth_ZeroHealth_NoNaN" methodname="InvMaxHealth_ZeroHealth_NoNaN" classname="GlobalFront.Tests.EditMode.Client.Presentation.UnitViewTickBufferTests" runstate="Runnable" seed="493875691" result="Passed" start-time="2026-09-22 02:50:53Z" end-time="2026-09-22 02:50:53Z" duration="0.001331" asserts="0">
                    <properties>
                      <property name="retryIteration" value="0" />
                      <property name="repeatIteration" value="0" />
                    </properties>
                  </test-case>
                  <test-case id="1593" name="SafeAlpha_SingleSample_SnapsWithoutNaN" fullname="GlobalFront.Tests.EditMode.Client.Presentation.UnitViewTickBufferTests.SafeAlpha_SingleSample_SnapsWithoutNaN" methodname="SafeAlpha_SingleSample_SnapsWithoutNaN" classname="GlobalFront.Tests.EditMode.Client.Presentation.UnitViewTickBufferTests" runstate="Runnable" seed="369197561" result="Passed" start-time="2026-09-22 02:50:53Z" end-time="2026-09-22 02:50:53Z" duration="0.001027" asserts="0">
                    <properties>
                      <property name="retryIteration" value="0" />
                      <property name="repeatIteration" value="0" />
                    </properties>
                  </test-case>
                  <test-case id="1595" name="StalePacket_DroppedSafely" fullname="GlobalFront.Tests.EditMode.Client.Presentation.UnitViewTickBufferTests.StalePacket_DroppedSafely" methodname="StalePacket_DroppedSafely" classname="GlobalFront.Tests.EditMode.Client.Presentation.UnitViewTickBufferTests" runstate="Runnable" seed="1128710173" result="Passed" start-time="2026-09-22 02:50:53Z" end-time="2026-09-22 02:50:53Z" duration="0.000866" asserts="0">
                    <properties>
                      <property name="retryIteration" value="0" />
                      <property name="repeatIteration" value="0" />
                    </properties>
                  </test-case>
                  <test-case id="1597" name="Yaw_Deadzone_PreventsJitterWhenIdle" fullname="GlobalFront.Tests.EditMode.Client.Presentation.UnitViewTickBufferTests.Yaw_Deadzone_PreventsJitterWhenIdle" methodname="Yaw_Deadzone_PreventsJitterWhenIdle" classname="GlobalFront.Tests.EditMode.Client.Presentation.UnitViewTickBufferTests" runstate="Runnable" seed="966507380" result="Passed" start-time="2026-09-22 02:50:53Z" end-time="2026-09-22 02:50:53Z" duration="0.001555" asserts="0">
                    <properties>
                      <property name="retryIteration" value="0" />
                      <property name="repeatIteration" value="0" />
                    </properties>
                  </test-case>
                  <test-case id="1599" name="ZeroGC_SustainedOperation" fullname="GlobalFront.Tests.EditMode.Client.Presentation.UnitViewTickBufferTests.ZeroGC_SustainedOperation" methodname="ZeroGC_SustainedOperation" classname="GlobalFront.Tests.EditMode.Client.Presentation.UnitViewTickBufferTests" runstate="Runnable" seed="1095221860" result="Passed" start-time="2026-09-22 02:50:53Z" end-time="2026-09-22 02:50:53Z" duration="0.014787" asserts="0">
                    <properties>
                      <property name="retryIteration" value="0" />
                      <property name="repeatIteration" value="0" />
                    </properties>
                  </test-case>
                </test-suite>
              </test-suite>
              <test-suite type="TestSuite" id="1747" name="Replication" fullname="GlobalFront.Tests.EditMode.Client.Replication" runstate="Runnable" testcasecount="129" result="Passed" start-time="2026-09-22 02:50:53Z" end-time="2026-09-22 02:50:53Z" duration="0.111702" total="129" passed="129" failed="0" inconclusive="0" skipped="0" asserts="0">
                <properties />
                <test-suite type="TestFixture" id="1600" name="ClientReplicationPipelineTests" fullname="GlobalFront.Tests.EditMode.Client.Replication.ClientReplicationPipelineTests" classname="GlobalFront.Tests.EditMode.Client.Replication.ClientReplicationPipelineTests" runstate="Runnable" testcasecount="6" result="Passed" start-time="2026-09-22 02:50:53Z" end-time="2026-09-22 02:50:53Z" duration="0.029491" total="6" passed="6" failed="0" inconclusive="0" skipped="0" asserts="0">
                  <properties />
                  <test-case id="1604" name="Pipeline_BaseBeyondTheRetainedWindow_ForcesAKeyframe" fullname="GlobalFront.Tests.EditMode.Client.Replication.ClientReplicationPipelineTests.Pipeline_BaseBeyondTheRetainedWindow_ForcesAKeyframe" methodname="Pipeline_BaseBeyondTheRetainedWindow_ForcesAKeyframe" classname="GlobalFront.Tests.EditMode.Client.Replication.ClientReplicationPipelineTests" runstate="Runnable" seed="1395297536" result="Passed" start-time="2026-09-22 02:50:53Z" end-time="2026-09-22 02:50:53Z" duration="0.011989" asserts="0">
                    <properties>
                      <property name="retryIteration" value="0" />
                      <property name="repeatIteration" value="0" />
                    </properties>
                  </test-case>
                  <test-case id="1603" name="Pipeline_DependencyGap_ClientResumesAndTheServerAnswers" fullname="GlobalFront.Tests.EditMode.Client.Replication.ClientReplicationPipelineTests.Pipeline_DependencyGap_ClientResumesAndTheServerAnswers" methodname="Pipeline_DependencyGap_ClientResumesAndTheServerAnswers" classname="GlobalFront.Tests.EditMode.Client.Replication.ClientReplicationPipelineTests" runstate="Runnable" seed="1416477086" result="Passed" start-time="2026-09-22 02:50:53Z" end-time="2026-09-22 02:50:53Z" duration="0.007741" asserts="0">
                    <properties>
                      <property name="retryIteration" value="0" />
                      <property name="repeatIteration" value="0" />
                    </properties>
                  </test-case>
                  <test-case id="1606" name="Pipeline_FeedbackCarriesTheConfirmedTickBackToTheServer" fullname="GlobalFront.Tests.EditMode.Client.Replication.ClientReplicationPipelineTests.Pipeline_FeedbackCarriesTheConfirmedTickBackToTheServer" methodname="Pipeline_FeedbackCarriesTheConfirmedTickBackToTheServer" classname="GlobalFront.Tests.EditMode.Client.Replication.ClientReplicationPipelineTests" runstate="Runnable" seed="2130879864" result="Passed" start-time="2026-09-22 02:50:53Z" end-time="2026-09-22 02:50:53Z" duration="0.002221" asserts="0">
                    <properties>
                      <property name="retryIteration" value="0" />
                      <property name="repeatIteration" value="0" />
                    </properties>
                  </test-case>
                  <test-case id="1601" name="Pipeline_KeyframeThenDeltaStream_ReproducesTheAuthoritativeWorld" fullname="GlobalFront.Tests.EditMode.Client.Replication.ClientReplicationPipelineTests.Pipeline_KeyframeThenDeltaStream_ReproducesTheAuthoritativeWorld" methodname="Pipeline_KeyframeThenDeltaStream_ReproducesTheAuthoritativeWorld" classname="GlobalFront.Tests.EditMode.Client.Replication.ClientReplicationPipelineTests" runstate="Runnable" seed="969854842" result="Passed" start-time="2026-09-22 02:50:53Z" end-time="2026-09-22 02:50:53Z" duration="0.003381" asserts="0">
                    <properties>
                      <property name="retryIteration" value="0" />
                      <property name="repeatIteration" value="0" />
                    </properties>
                  </test-case>
                  <test-case id="1602" name="Pipeline_LostTicks_ReconvergeThroughOneCumulativeDelta" fullname="GlobalFront.Tests.EditMode.Client.Replication.ClientReplicationPipelineTests.Pipeline_LostTicks_ReconvergeThroughOneCumulativeDelta" methodname="Pipeline_LostTicks_ReconvergeThroughOneCumulativeDelta" classname="GlobalFront.Tests.EditMode.Client.Replication.ClientReplicationPipelineTests" runstate="Runnable" seed="1462974920" result="Passed" start-time="2026-09-22 02:50:53Z" end-time="2026-09-22 02:50:53Z" duration="0.001341" asserts="0">
                    <properties>
                      <property name="retryIteration" value="0" />
                      <property name="repeatIteration" value="0" />
                    </properties>
                  </test-case>
                  <test-case id="1605" name="Pipeline_UnitBornAndDiedInsideTheWindow_LeavesNoGhost" fullname="GlobalFront.Tests.EditMode.Client.Replication.ClientReplicationPipelineTests.Pipeline_UnitBornAndDiedInsideTheWindow_LeavesNoGhost" methodname="Pipeline_UnitBornAndDiedInsideTheWindow_LeavesNoGhost" classname="GlobalFront.Tests.EditMode.Client.Replication.ClientReplicationPipelineTests" runstate="Runnable" seed="1725500727" result="Passed" start-time="2026-09-22 02:50:53Z" end-time="2026-09-22 02:50:53Z" duration="0.001191" asserts="0">
                    <properties>
                      <property name="retryIteration" value="0" />
                      <property name="repeatIteration" value="0" />
                    </properties>
                  </test-case>
                </test-suite>
                <test-suite type="TestFixture" id="1607" name="ClientReplicationReceiverTests" fullname="GlobalFront.Tests.EditMode.Client.Replication.ClientReplicationReceiverTests" classname="GlobalFront.Tests.EditMode.Client.Replication.ClientReplicationReceiverTests" runstate="Runnable" testcasecount="27" result="Passed" start-time="2026-09-22 02:50:53Z" end-time="2026-09-22 02:50:53Z" duration="0.023936" total="27" passed="27" failed="0" inconclusive="0" skipped="0" asserts="0">
                  <properties />
                  <test-case id="1630" name="Constructor_RejectsInvalidArguments" fullname="GlobalFront.Tests.EditMode.Client.Replication.ClientReplicationReceiverTests.Constructor_RejectsInvalidArguments" methodname="Constructor_RejectsInvalidArguments" classname="GlobalFront.Tests.EditMode.Client.Replication.ClientReplicationReceiverTests" runstate="Runnable" seed="446910511" result="Passed" start-time="2026-09-22 02:50:53Z" end-time="2026-09-22 02:50:53Z" duration="0.002025" asserts="0">
                    <properties>
                      <property name="retryIteration" value="0" />
                      <property name="repeatIteration" value="0" />
                    </properties>
                  </test-case>
                  <test-case id="1631" name="DefaultConstructor_UsesTheDocumentedDefaults" fullname="GlobalFront.Tests.EditMode.Client.Replication.ClientReplicationReceiverTests.DefaultConstructor_UsesTheDocumentedDefaults" methodname="DefaultConstructor_UsesTheDocumentedDefaults" classname="GlobalFront.Tests.EditMode.Client.Replication.ClientReplicationReceiverTests" runstate="Runnable" seed="321571527" result="Passed" start-time="2026-09-22 02:50:53Z" end-time="2026-09-22 02:50:53Z" duration="0.000393" asserts="0">
                    <properties>
                      <property name="retryIteration" value="0" />
                      <property name="repeatIteration" value="0" />
                    </properties>
                  </test-case>
                  <test-case id="1632" name="GcAllocationRecorder_ObservesKnownAllocation_Control" fullname="GlobalFront.Tests.EditMode.Client.Replication.ClientReplicationReceiverTests.GcAllocationRecorder_ObservesKnownAllocation_Control" methodname="GcAllocationRecorder_ObservesKnownAllocation_Control" classname="GlobalFront.Tests.EditMode.Client.Replication.ClientReplicationReceiverTests" runstate="Runnable" seed="656201318" result="Passed" start-time="2026-09-22 02:50:53Z" end-time="2026-09-22 02:50:53Z" duration="0.000297" asserts="0">
                    <properties>
                      <property name="retryIteration" value="0" />
                      <property name="repeatIteration" value="0" />
                    </properties>
                  </test-case>
                  <test-case id="1612" name="ReceiveDelta_AcrossLostIntermediateTicks_Converges" fullname="GlobalFront.Tests.EditMode.Client.Replication.ClientReplicationReceiverTests.ReceiveDelta_AcrossLostIntermediateTicks_Converges" methodname="ReceiveDelta_AcrossLostIntermediateTicks_Converges" classname="GlobalFront.Tests.EditMode.Client.Replication.ClientReplicationReceiverTests" runstate="Runnable" seed="485908785" result="Passed" start-time="2026-09-22 02:50:53Z" end-time="2026-09-22 02:50:53Z" duration="0.000942" asserts="0">
                    <properties>
                      <property name="retryIteration" value="0" />
                      <property name="repeatIteration" value="0" />
                    </properties>
                  </test-case>
                  <test-case id="1626" name="ReceiveDelta_AfterTerminalFailure_IsRejected" fullname="GlobalFront.Tests.EditMode.Client.Replication.ClientReplicationReceiverTests.ReceiveDelta_AfterTerminalFailure_IsRejected" methodname="ReceiveDelta_AfterTerminalFailure_IsRejected" classname="GlobalFront.Tests.EditMode.Client.Replication.ClientReplicationReceiverTests" runstate="Runnable" seed="623310785" result="Passed" start-time="2026-09-22 02:50:53Z" end-time="2026-09-22 02:50:53Z" duration="0.000520" asserts="0">
                    <properties>
                      <property name="retryIteration" value="0" />
                      <property name="repeatIteration" value="0" />
                    </properties>
                  </test-case>
                  <test-case id="1611" name="ReceiveDelta_AppliesEverySectionInWireOrder" fullname="GlobalFront.Tests.EditMode.Client.Replication.ClientReplicationReceiverTests.ReceiveDelta_AppliesEverySectionInWireOrder" methodname="ReceiveDelta_AppliesEverySectionInWireOrder" classname="GlobalFront.Tests.EditMode.Client.Replication.ClientReplicationReceiverTests" runstate="Runnable" seed="751105998" result="Passed" start-time="2026-09-22 02:50:53Z" end-time="2026-09-22 02:50:53Z" duration="0.000857" asserts="0">
                    <properties>
                      <property name="retryIteration" value="0" />
                      <property name="repeatIteration" value="0" />
                    </properties>
                  </test-case>
                  <test-case id="1617" name="ReceiveDelta_CumulativeAnswer_RestoresStreamingAndClearsTheGap" fullname="GlobalFront.Tests.EditMode.Client.Replication.ClientReplicationReceiverTests.ReceiveDelta_CumulativeAnswer_RestoresStreamingAndClearsTheGap" methodname="ReceiveDelta_CumulativeAnswer_RestoresStreamingAndClearsTheGap" classname="GlobalFront.Tests.EditMode.Client.Replication.ClientReplicationReceiverTests" runstate="Runnable" seed="267329556" result="Passed" start-time="2026-09-22 02:50:53Z" end-time="2026-09-22 02:50:53Z" duration="0.000790" asserts="0">
                    <properties>
                      <property name="retryIteration" value="0" />
                      <property name="repeatIteration" value="0" />
                    </properties>
                  </test-case>
                  <test-case id="1616" name="ReceiveDelta_DependencyGap_AsksForACumulativeDeltaAndReportsIt" fullname="GlobalFront.Tests.EditMode.Client.Replication.ClientReplicationReceiverTests.ReceiveDelta_DependencyGap_AsksForACumulativeDeltaAndReportsIt" methodname="ReceiveDelta_DependencyGap_AsksForACumulativeDeltaAndReportsIt" classname="GlobalFront.Tests.EditMode.Client.Replication.ClientReplicationReceiverTests" runstate="Runnable" seed="12149719" result="Passed" start-time="2026-09-22 02:50:53Z" end-time="2026-09-22 02:50:53Z" duration="0.000667" asserts="0">
                    <properties>
                      <property name="retryIteration" value="0" />
                      <property name="repeatIteration" value="0" />
                    </properties>
                  </test-case>
                  <test-case id="1618" name="ReceiveDelta_GapBeyondTheWindow_AsksForAFreshKeyframe" fullname="GlobalFront.Tests.EditMode.Client.Replication.ClientReplicationReceiverTests.ReceiveDelta_GapBeyondTheWindow_AsksForAFreshKeyframe" methodname="ReceiveDelta_GapBeyondTheWindow_AsksForAFreshKeyframe" classname="GlobalFront.Tests.EditMode.Client.Replication.ClientReplicationReceiverTests" runstate="Runnable" seed="816735115" result="Passed" start-time="2026-09-22 02:50:53Z" end-time="2026-09-22 02:50:53Z" duration="0.000481" asserts="0">
                    <properties>
                      <property name="retryIteration" value="0" />
                      <property name="repeatIteration" value="0" />
                    </properties>
                  </test-case>
                  <test-case id="1619" name="ReceiveDelta_KeyframeMismatch_AsksForAFreshKeyframe" fullname="GlobalFront.Tests.EditMode.Client.Replication.ClientReplicationReceiverTests.ReceiveDelta_KeyframeMismatch_AsksForAFreshKeyframe" methodname="ReceiveDelta_KeyframeMismatch_AsksForAFreshKeyframe" classname="GlobalFront.Tests.EditMode.Client.Replication.ClientReplicationReceiverTests" runstate="Runnable" seed="1906082096" result="Passed" start-time="2026-09-22 02:50:53Z" end-time="2026-09-22 02:50:53Z" duration="0.000343" asserts="0">
                    <properties>
                      <property name="retryIteration" value="0" />
                      <property name="repeatIteration" value="0" />
                    </properties>
                  </test-case>
                  <test-case id="1625" name="ReceiveDelta_MultipartTick_IsNotAppliedBeforeAssembly" fullname="GlobalFront.Tests.EditMode.Client.Replication.ClientReplicationReceiverTests.ReceiveDelta_MultipartTick_IsNotAppliedBeforeAssembly" methodname="ReceiveDelta_MultipartTick_IsNotAppliedBeforeAssembly" classname="GlobalFront.Tests.EditMode.Client.Replication.ClientReplicationReceiverTests" runstate="Runnable" seed="602153075" result="Passed" start-time="2026-09-22 02:50:53Z" end-time="2026-09-22 02:50:53Z" duration="0.000577" asserts="0">
                    <properties>
                      <property name="retryIteration" value="0" />
                      <property name="repeatIteration" value="0" />
                    </properties>
                  </test-case>
                  <test-case id="1615" name="ReceiveDelta_OD14Clear_PropagatesIntoTheClientWorld" fullname="GlobalFront.Tests.EditMode.Client.Replication.ClientReplicationReceiverTests.ReceiveDelta_OD14Clear_PropagatesIntoTheClientWorld" methodname="ReceiveDelta_OD14Clear_PropagatesIntoTheClientWorld" classname="GlobalFront.Tests.EditMode.Client.Replication.ClientReplicationReceiverTests" runstate="Runnable" seed="100094033" result="Passed" start-time="2026-09-22 02:50:53Z" end-time="2026-09-22 02:50:53Z" duration="0.000538" asserts="0">
                    <properties>
                      <property name="retryIteration" value="0" />
                      <property name="repeatIteration" value="0" />
                    </properties>
                  </test-case>
                  <test-case id="1624" name="ReceiveDelta_SinkShorterThanTheDeclaredCounts_IsRejected" fullname="GlobalFront.Tests.EditMode.Client.Replication.ClientReplicationReceiverTests.ReceiveDelta_SinkShorterThanTheDeclaredCounts_IsRejected" methodname="ReceiveDelta_SinkShorterThanTheDeclaredCounts_IsRejected" classname="GlobalFront.Tests.EditMode.Client.Replication.ClientReplicationReceiverTests" runstate="Runnable" seed="246787174" result="Passed" start-time="2026-09-22 02:50:53Z" end-time="2026-09-22 02:50:53Z" duration="0.000377" asserts="0">
                    <properties>
                      <property name="retryIteration" value="0" />
                      <property name="repeatIteration" value="0" />
                    </properties>
                  </test-case>
                  <test-case id="1613" name="ReceiveDelta_StalePacket_LeavesTheWorldUntouched" fullname="GlobalFront.Tests.EditMode.Client.Replication.ClientReplicationReceiverTests.ReceiveDelta_StalePacket_LeavesTheWorldUntouched" methodname="ReceiveDelta_StalePacket_LeavesTheWorldUntouched" classname="GlobalFront.Tests.EditMode.Client.Replication.ClientReplicationReceiverTests" runstate="Runnable" seed="203917856" result="Passed" start-time="2026-09-22 02:50:53Z" end-time="2026-09-22 02:50:53Z" duration="0.000607" asserts="0">
                    <properties>
                      <property name="retryIteration" value="0" />
                      <property name="repeatIteration" value="0" />
                    </properties>
                  </test-case>
                  <test-case id="1614" name="ReceiveDelta_TombstoneEcho_IsAppliedIdempotently" fullname="GlobalFront.Tests.EditMode.Client.Replication.ClientReplicationReceiverTests.ReceiveDelta_TombstoneEcho_IsAppliedIdempotently" methodname="ReceiveDelta_TombstoneEcho_IsAppliedIdempotently" classname="GlobalFront.Tests.EditMode.Client.Replication.ClientReplicationReceiverTests" runstate="Runnable" seed="1840678747" result="Passed" start-time="2026-09-22 02:50:53Z" end-time="2026-09-22 02:50:53Z" duration="0.000544" asserts="0">
                    <properties>
                      <property name="retryIteration" value="0" />
                      <property name="repeatIteration" value="0" />
                    </properties>
                  </test-case>
                  <test-case id="1623" name="ReceiveDelta_UnsupportedDeltaVersion_IsRejected" fullname="GlobalFront.Tests.EditMode.Client.Replication.ClientReplicationReceiverTests.ReceiveDelta_UnsupportedDeltaVersion_IsRejected" methodname="ReceiveDelta_UnsupportedDeltaVersion_IsRejected" classname="GlobalFront.Tests.EditMode.Client.Replication.ClientReplicationReceiverTests" runstate="Runnable" seed="186148421" result="Passed" start-time="2026-09-22 02:50:53Z" end-time="2026-09-22 02:50:53Z" duration="0.000240" asserts="0">
                    <properties>
                      <property name="retryIteration" value="0" />
                      <property name="repeatIteration" value="0" />
                    </properties>
                  </test-case>
                  <test-case id="1620" name="ReceiveDelta_UpdateForUnknownEntity_ReportsAnInconsistentWorld" fullname="GlobalFront.Tests.EditMode.Client.Replication.ClientReplicationReceiverTests.ReceiveDelta_UpdateForUnknownEntity_ReportsAnInconsistentWorld" methodname="ReceiveDelta_UpdateForUnknownEntity_ReportsAnInconsistentWorld" classname="GlobalFront.Tests.EditMode.Client.Replication.ClientReplicationReceiverTests" runstate="Runnable" seed="1836081582" result="Passed" start-time="2026-09-22 02:50:53Z" end-time="2026-09-22 02:50:53Z" duration="0.000602" asserts="0">
                    <properties>
                      <property name="retryIteration" value="0" />
                      <property name="repeatIteration" value="0" />
                    </properties>
                  </test-case>
                  <test-case id="1621" name="ReceiveDelta_WorldOverflow_ReportsCapacityWithoutTouchingTheWorld" fullname="GlobalFront.Tests.EditMode.Client.Replication.ClientReplicationReceiverTests.ReceiveDelta_WorldOverflow_ReportsCapacityWithoutTouchingTheWorld" methodname="ReceiveDelta_WorldOverflow_ReportsCapacityWithoutTouchingTheWorld" classname="GlobalFront.Tests.EditMode.Client.Replication.ClientReplicationReceiverTests" runstate="Runnable" seed="1767503287" result="Passed" start-time="2026-09-22 02:50:53Z" end-time="2026-09-22 02:50:53Z" duration="0.000471" asserts="0">
                    <properties>
                      <property name="retryIteration" value="0" />
                      <property name="repeatIteration" value="0" />
                    </properties>
                  </test-case>
                  <test-case id="1622" name="ReceiveDelta_WrongMessageType_IsRejected" fullname="GlobalFront.Tests.EditMode.Client.Replication.ClientReplicationReceiverTests.ReceiveDelta_WrongMessageType_IsRejected" methodname="ReceiveDelta_WrongMessageType_IsRejected" classname="GlobalFront.Tests.EditMode.Client.Replication.ClientReplicationReceiverTests" runstate="Runnable" seed="176840689" result="Passed" start-time="2026-09-22 02:50:53Z" end-time="2026-09-22 02:50:53Z" duration="0.000311" asserts="0">
                    <properties>
                      <property name="retryIteration" value="0" />
                      <property name="repeatIteration" value="0" />
                    </properties>
                  </test-case>
                  <test-case id="1610" name="ReceiveKeyframe_BeyondWorldCapacity_ReportsTheOverflow" fullname="GlobalFront.Tests.EditMode.Client.Replication.ClientReplicationReceiverTests.ReceiveKeyframe_BeyondWorldCapacity_ReportsTheOverflow" methodname="ReceiveKeyframe_BeyondWorldCapacity_ReportsTheOverflow" classname="GlobalFront.Tests.EditMode.Client.Replication.ClientReplicationReceiverTests" runstate="Runnable" seed="1803783260" result="Passed" start-time="2026-09-22 02:50:53Z" end-time="2026-09-22 02:50:53Z" duration="0.000374" asserts="0">
                    <properties>
                      <property name="retryIteration" value="0" />
                      <property name="repeatIteration" value="0" />
                    </properties>
                  </test-case>
                  <test-case id="1608" name="ReceiveKeyframe_InstallsTheBaselineAndTheWholeWorld" fullname="GlobalFront.Tests.EditMode.Client.Replication.ClientReplicationReceiverTests.ReceiveKeyframe_InstallsTheBaselineAndTheWholeWorld" methodname="ReceiveKeyframe_InstallsTheBaselineAndTheWholeWorld" classname="GlobalFront.Tests.EditMode.Client.Replication.ClientReplicationReceiverTests" runstate="Runnable" seed="1936903478" result="Passed" start-time="2026-09-22 02:50:53Z" end-time="2026-09-22 02:50:53Z" duration="0.000936" asserts="0">
                    <properties>
                      <property name="retryIteration" value="0" />
                      <property name="repeatIteration" value="0" />
                    </properties>
                  </test-case>
                  <test-case id="1609" name="ReceiveKeyframe_ReplacesThePreviousWorld" fullname="GlobalFront.Tests.EditMode.Client.Replication.ClientReplicationReceiverTests.ReceiveKeyframe_ReplacesThePreviousWorld" methodname="ReceiveKeyframe_ReplacesThePreviousWorld" classname="GlobalFront.Tests.EditMode.Client.Replication.ClientReplicationReceiverTests" runstate="Runnable" seed="930162031" result="Passed" start-time="2026-09-22 02:50:53Z" end-time="2026-09-22 02:50:53Z" duration="0.000532" asserts="0">
                    <properties>
                      <property name="retryIteration" value="0" />
                      <property name="repeatIteration" value="0" />
                    </properties>
                  </test-case>
                  <test-case id="1634" name="Receiver_CatchUpAndRebasePath_DoesNotAllocate" fullname="GlobalFront.Tests.EditMode.Client.Replication.ClientReplicationReceiverTests.Receiver_CatchUpAndRebasePath_DoesNotAllocate" methodname="Receiver_CatchUpAndRebasePath_DoesNotAllocate" classname="GlobalFront.Tests.EditMode.Client.Replication.ClientReplicationReceiverTests" runstate="Runnable" seed="1949145639" result="Passed" start-time="2026-09-22 02:50:53Z" end-time="2026-09-22 02:50:53Z" duration="0.000881" asserts="0">
                    <properties>
                      <property name="retryIteration" value="0" />
                      <property name="repeatIteration" value="0" />
                    </properties>
                  </test-case>
                  <test-case id="1633" name="Receiver_DeltaStreamHotPath_DoesNotAllocate" fullname="GlobalFront.Tests.EditMode.Client.Replication.ClientReplicationReceiverTests.Receiver_DeltaStreamHotPath_DoesNotAllocate" methodname="Receiver_DeltaStreamHotPath_DoesNotAllocate" classname="GlobalFront.Tests.EditMode.Client.Replication.ClientReplicationReceiverTests" runstate="Runnable" seed="1086995059" result="Passed" start-time="2026-09-22 02:50:53Z" end-time="2026-09-22 02:50:53Z" duration="0.003569" asserts="0">
                    <properties>
                      <property name="retryIteration" value="0" />
                      <property name="repeatIteration" value="0" />
                    </properties>
                  </test-case>
                  <test-case id="1629" name="Reset_ClearsWorldStateMachineAndFeedback" fullname="GlobalFront.Tests.EditMode.Client.Replication.ClientReplicationReceiverTests.Reset_ClearsWorldStateMachineAndFeedback" methodname="Reset_ClearsWorldStateMachineAndFeedback" classname="GlobalFront.Tests.EditMode.Client.Replication.ClientReplicationReceiverTests" runstate="Runnable" seed="2128887260" result="Passed" start-time="2026-09-22 02:50:53Z" end-time="2026-09-22 02:50:53Z" duration="0.000588" asserts="0">
                    <properties>
                      <property name="retryIteration" value="0" />
                      <property name="repeatIteration" value="0" />
                    </properties>
                  </test-case>
                  <test-case id="1628" name="TryTakeAck_PacesTheFeedbackAtTheBaseCadence" fullname="GlobalFront.Tests.EditMode.Client.Replication.ClientReplicationReceiverTests.TryTakeAck_PacesTheFeedbackAtTheBaseCadence" methodname="TryTakeAck_PacesTheFeedbackAtTheBaseCadence" classname="GlobalFront.Tests.EditMode.Client.Replication.ClientReplicationReceiverTests" runstate="Runnable" seed="2102405597" result="Passed" start-time="2026-09-22 02:50:53Z" end-time="2026-09-22 02:50:53Z" duration="0.000660" asserts="0">
                    <properties>
                      <property name="retryIteration" value="0" />
                      <property name="repeatIteration" value="0" />
                    </properties>
                  </test-case>
                  <test-case id="1627" name="Update_DrivesTheBaselineRequestSchedule" fullname="GlobalFront.Tests.EditMode.Client.Replication.ClientReplicationReceiverTests.Update_DrivesTheBaselineRequestSchedule" methodname="Update_DrivesTheBaselineRequestSchedule" classname="GlobalFront.Tests.EditMode.Client.Replication.ClientReplicationReceiverTests" runstate="Runnable" seed="764305263" result="Passed" start-time="2026-09-22 02:50:53Z" end-time="2026-09-22 02:50:53Z" duration="0.000539" asserts="0">
                    <properties>
                      <property name="retryIteration" value="0" />
                      <property name="repeatIteration" value="0" />
                    </properties>
                  </test-case>
                </test-suite>
                <test-suite type="TestFixture" id="1635" name="ClientReplicationWorldTests" fullname="GlobalFront.Tests.EditMode.Client.Replication.ClientReplicationWorldTests" classname="GlobalFront.Tests.EditMode.Client.Replication.ClientReplicationWorldTests" runstate="Runnable" testcasecount="36" result="Passed" start-time="2026-09-22 02:50:53Z" end-time="2026-09-22 02:50:53Z" duration="0.022983" total="36" passed="36" failed="0" inconclusive="0" skipped="0" asserts="0">
                  <properties />
                  <test-case id="1641" name="ApplyAdd_AfterRemoval_ReusesTheFreedSlotWithoutGrowing" fullname="GlobalFront.Tests.EditMode.Client.Replication.ClientReplicationWorldTests.ApplyAdd_AfterRemoval_ReusesTheFreedSlotWithoutGrowing" methodname="ApplyAdd_AfterRemoval_ReusesTheFreedSlotWithoutGrowing" classname="GlobalFront.Tests.EditMode.Client.Replication.ClientReplicationWorldTests" runstate="Runnable" seed="619097478" result="Passed" start-time="2026-09-22 02:50:53Z" end-time="2026-09-22 02:50:53Z" duration="0.000669" asserts="0">
                    <properties>
                      <property name="retryIteration" value="0" />
                      <property name="repeatIteration" value="0" />
                    </properties>
                  </test-case>
                  <test-case id="1640" name="ApplyAdd_BeyondCapacity_IsRejectedAndCountsTheReject" fullname="GlobalFront.Tests.EditMode.Client.Replication.ClientReplicationWorldTests.ApplyAdd_BeyondCapacity_IsRejectedAndCountsTheReject" methodname="ApplyAdd_BeyondCapacity_IsRejectedAndCountsTheReject" classname="GlobalFront.Tests.EditMode.Client.Replication.ClientReplicationWorldTests" runstate="Runnable" seed="1794122835" result="Passed" start-time="2026-09-22 02:50:53Z" end-time="2026-09-22 02:50:53Z" duration="0.000388" asserts="0">
                    <properties>
                      <property name="retryIteration" value="0" />
                      <property name="repeatIteration" value="0" />
                    </properties>
                  </test-case>
                  <test-case id="1636" name="ApplyAdd_InstallsEveryFieldBitExact" fullname="GlobalFront.Tests.EditMode.Client.Replication.ClientReplicationWorldTests.ApplyAdd_InstallsEveryFieldBitExact" methodname="ApplyAdd_InstallsEveryFieldBitExact" classname="GlobalFront.Tests.EditMode.Client.Replication.ClientReplicationWorldTests" runstate="Runnable" seed="1913953517" result="Passed" start-time="2026-09-22 02:50:53Z" end-time="2026-09-22 02:50:53Z" duration="0.000635" asserts="0">
                    <properties>
                      <property name="retryIteration" value="0" />
                      <property name="repeatIteration" value="0" />
                    </properties>
                  </test-case>
                  <test-case id="1639" name="ApplyAdd_InvalidEntityId_IsRejected" fullname="GlobalFront.Tests.EditMode.Client.Replication.ClientReplicationWorldTests.ApplyAdd_InvalidEntityId_IsRejected" methodname="ApplyAdd_InvalidEntityId_IsRejected" classname="GlobalFront.Tests.EditMode.Client.Replication.ClientReplicationWorldTests" runstate="Runnable" seed="2013454513" result="Passed" start-time="2026-09-22 02:50:53Z" end-time="2026-09-22 02:50:53Z" duration="0.000308" asserts="0">
                    <properties>
                      <property name="retryIteration" value="0" />
                      <property name="repeatIteration" value="0" />
                    </properties>
                  </test-case>
                  <test-case id="1638" name="ApplyAdd_SameEntityTwice_IsRejectedAndKeepsTheFirstState" fullname="GlobalFront.Tests.EditMode.Client.Replication.ClientReplicationWorldTests.ApplyAdd_SameEntityTwice_IsRejectedAndKeepsTheFirstState" methodname="ApplyAdd_SameEntityTwice_IsRejectedAndKeepsTheFirstState" classname="GlobalFront.Tests.EditMode.Client.Replication.ClientReplicationWorldTests" runstate="Runnable" seed="1318412319" result="Passed" start-time="2026-09-22 02:50:53Z" end-time="2026-09-22 02:50:53Z" duration="0.000343" asserts="0">
                    <properties>
                      <property name="retryIteration" value="0" />
                      <property name="repeatIteration" value="0" />
                    </properties>
                  </test-case>
                  <test-case id="1637" name="ApplyAdd_WithoutMoveTarget_StoresZeroedTargetCoordinates" fullname="GlobalFront.Tests.EditMode.Client.Replication.ClientReplicationWorldTests.ApplyAdd_WithoutMoveTarget_StoresZeroedTargetCoordinates" methodname="ApplyAdd_WithoutMoveTarget_StoresZeroedTargetCoordinates" classname="GlobalFront.Tests.EditMode.Client.Replication.ClientReplicationWorldTests" runstate="Runnable" seed="997954198" result="Passed" start-time="2026-09-22 02:50:53Z" end-time="2026-09-22 02:50:53Z" duration="0.000456" asserts="0">
                    <properties>
                      <property name="retryIteration" value="0" />
                      <property name="repeatIteration" value="0" />
                    </properties>
                  </test-case>
                  <test-case id="1658" name="ApplyRemove_DestroyedUnit_DropsItFromTheTable" fullname="GlobalFront.Tests.EditMode.Client.Replication.ClientReplicationWorldTests.ApplyRemove_DestroyedUnit_DropsItFromTheTable" methodname="ApplyRemove_DestroyedUnit_DropsItFromTheTable" classname="GlobalFront.Tests.EditMode.Client.Replication.ClientReplicationWorldTests" runstate="Runnable" seed="1161194506" result="Passed" start-time="2026-09-22 02:50:53Z" end-time="2026-09-22 02:50:53Z" duration="0.000409" asserts="0">
                    <properties>
                      <property name="retryIteration" value="0" />
                      <property name="repeatIteration" value="0" />
                    </properties>
                  </test-case>
                  <test-case id="1659" name="ApplyRemove_FogOfWarHidden_IsCountedSeparately" fullname="GlobalFront.Tests.EditMode.Client.Replication.ClientReplicationWorldTests.ApplyRemove_FogOfWarHidden_IsCountedSeparately" methodname="ApplyRemove_FogOfWarHidden_IsCountedSeparately" classname="GlobalFront.Tests.EditMode.Client.Replication.ClientReplicationWorldTests" runstate="Runnable" seed="1503590241" result="Passed" start-time="2026-09-22 02:50:53Z" end-time="2026-09-22 02:50:53Z" duration="0.000242" asserts="0">
                    <properties>
                      <property name="retryIteration" value="0" />
                      <property name="repeatIteration" value="0" />
                    </properties>
                  </test-case>
                  <test-case id="1662" name="ApplyRemove_InvalidEntityId_IsRejected" fullname="GlobalFront.Tests.EditMode.Client.Replication.ClientReplicationWorldTests.ApplyRemove_InvalidEntityId_IsRejected" methodname="ApplyRemove_InvalidEntityId_IsRejected" classname="GlobalFront.Tests.EditMode.Client.Replication.ClientReplicationWorldTests" runstate="Runnable" seed="188143634" result="Passed" start-time="2026-09-22 02:50:53Z" end-time="2026-09-22 02:50:53Z" duration="0.000190" asserts="0">
                    <properties>
                      <property name="retryIteration" value="0" />
                      <property name="repeatIteration" value="0" />
                    </properties>
                  </test-case>
                  <test-case id="1661" name="ApplyRemove_Twice_ReportsTheSecondAsUnknown" fullname="GlobalFront.Tests.EditMode.Client.Replication.ClientReplicationWorldTests.ApplyRemove_Twice_ReportsTheSecondAsUnknown" methodname="ApplyRemove_Twice_ReportsTheSecondAsUnknown" classname="GlobalFront.Tests.EditMode.Client.Replication.ClientReplicationWorldTests" runstate="Runnable" seed="1097257285" result="Passed" start-time="2026-09-22 02:50:53Z" end-time="2026-09-22 02:50:53Z" duration="0.000279" asserts="0">
                    <properties>
                      <property name="retryIteration" value="0" />
                      <property name="repeatIteration" value="0" />
                    </properties>
                  </test-case>
                  <test-case id="1660" name="ApplyRemove_UnknownEntity_IsAnIdempotentNoOp" fullname="GlobalFront.Tests.EditMode.Client.Replication.ClientReplicationWorldTests.ApplyRemove_UnknownEntity_IsAnIdempotentNoOp" methodname="ApplyRemove_UnknownEntity_IsAnIdempotentNoOp" classname="GlobalFront.Tests.EditMode.Client.Replication.ClientReplicationWorldTests" runstate="Runnable" seed="1797283256" result="Passed" start-time="2026-09-22 02:50:53Z" end-time="2026-09-22 02:50:53Z" duration="0.000304" asserts="0">
                    <properties>
                      <property name="retryIteration" value="0" />
                      <property name="repeatIteration" value="0" />
                    </properties>
                  </test-case>
                  <test-case id="1654" name="ApplyUpdate_ArmedTargetWithBothBits_SetsFlagAndCoordinates" fullname="GlobalFront.Tests.EditMode.Client.Replication.ClientReplicationWorldTests.ApplyUpdate_ArmedTargetWithBothBits_SetsFlagAndCoordinates" methodname="ApplyUpdate_ArmedTargetWithBothBits_SetsFlagAndCoordinates" classname="GlobalFront.Tests.EditMode.Client.Replication.ClientReplicationWorldTests" runstate="Runnable" seed="55474137" result="Passed" start-time="2026-09-22 02:50:53Z" end-time="2026-09-22 02:50:53Z" duration="0.000310" asserts="0">
                    <properties>
                      <property name="retryIteration" value="0" />
                      <property name="repeatIteration" value="0" />
                    </properties>
                  </test-case>
                  <test-case id="1647" name="ApplyUpdate_AttackTargetBit_ChangesOnlyTheAttackTarget" fullname="GlobalFront.Tests.EditMode.Client.Replication.ClientReplicationWorldTests.ApplyUpdate_AttackTargetBit_ChangesOnlyTheAttackTarget" methodname="ApplyUpdate_AttackTargetBit_ChangesOnlyTheAttackTarget" classname="GlobalFront.Tests.EditMode.Client.Replication.ClientReplicationWorldTests" runstate="Runnable" seed="381012078" result="Passed" start-time="2026-09-22 02:50:53Z" end-time="2026-09-22 02:50:53Z" duration="0.000753" asserts="0">
                    <properties>
                      <property name="retryIteration" value="0" />
                      <property name="repeatIteration" value="0" />
                    </properties>
                  </test-case>
                  <test-case id="1648" name="ApplyUpdate_AutoAcquireBit_ChangesOnlyTheFlag" fullname="GlobalFront.Tests.EditMode.Client.Replication.ClientReplicationWorldTests.ApplyUpdate_AutoAcquireBit_ChangesOnlyTheFlag" methodname="ApplyUpdate_AutoAcquireBit_ChangesOnlyTheFlag" classname="GlobalFront.Tests.EditMode.Client.Replication.ClientReplicationWorldTests" runstate="Runnable" seed="231186212" result="Passed" start-time="2026-09-22 02:50:53Z" end-time="2026-09-22 02:50:53Z" duration="0.000325" asserts="0">
                    <properties>
                      <property name="retryIteration" value="0" />
                      <property name="repeatIteration" value="0" />
                    </properties>
                  </test-case>
                  <test-case id="1649" name="ApplyUpdate_EmptyMask_ChangesNothing" fullname="GlobalFront.Tests.EditMode.Client.Replication.ClientReplicationWorldTests.ApplyUpdate_EmptyMask_ChangesNothing" methodname="ApplyUpdate_EmptyMask_ChangesNothing" classname="GlobalFront.Tests.EditMode.Client.Replication.ClientReplicationWorldTests" runstate="Runnable" seed="158716423" result="Passed" start-time="2026-09-22 02:50:53Z" end-time="2026-09-22 02:50:53Z" duration="0.000695" asserts="0">
                    <properties>
                      <property name="retryIteration" value="0" />
                      <property name="repeatIteration" value="0" />
                    </properties>
                  </test-case>
                  <test-case id="1650" name="ApplyUpdate_FullMask_InstallsEveryTransmittedField" fullname="GlobalFront.Tests.EditMode.Client.Replication.ClientReplicationWorldTests.ApplyUpdate_FullMask_InstallsEveryTransmittedField" methodname="ApplyUpdate_FullMask_InstallsEveryTransmittedField" classname="GlobalFront.Tests.EditMode.Client.Replication.ClientReplicationWorldTests" runstate="Runnable" seed="1997882112" result="Passed" start-time="2026-09-22 02:50:53Z" end-time="2026-09-22 02:50:53Z" duration="0.000545" asserts="0">
                    <properties>
                      <property name="retryIteration" value="0" />
                      <property name="repeatIteration" value="0" />
                    </properties>
                  </test-case>
                  <test-case id="1645" name="ApplyUpdate_HasMoveTargetBitSetToOne_ChangesOnlyTheFlag" fullname="GlobalFront.Tests.EditMode.Client.Replication.ClientReplicationWorldTests.ApplyUpdate_HasMoveTargetBitSetToOne_ChangesOnlyTheFlag" methodname="ApplyUpdate_HasMoveTargetBitSetToOne_ChangesOnlyTheFlag" classname="GlobalFront.Tests.EditMode.Client.Replication.ClientReplicationWorldTests" runstate="Runnable" seed="1133948230" result="Passed" start-time="2026-09-22 02:50:53Z" end-time="2026-09-22 02:50:53Z" duration="0.000356" asserts="0">
                    <properties>
                      <property name="retryIteration" value="0" />
                      <property name="repeatIteration" value="0" />
                    </properties>
                  </test-case>
                  <test-case id="1644" name="ApplyUpdate_HealthBit_ChangesOnlyTheHealth" fullname="GlobalFront.Tests.EditMode.Client.Replication.ClientReplicationWorldTests.ApplyUpdate_HealthBit_ChangesOnlyTheHealth" methodname="ApplyUpdate_HealthBit_ChangesOnlyTheHealth" classname="GlobalFront.Tests.EditMode.Client.Replication.ClientReplicationWorldTests" runstate="Runnable" seed="141166463" result="Passed" start-time="2026-09-22 02:50:53Z" end-time="2026-09-22 02:50:53Z" duration="0.000324" asserts="0">
                    <properties>
                      <property name="retryIteration" value="0" />
                      <property name="repeatIteration" value="0" />
                    </properties>
                  </test-case>
                  <test-case id="1656" name="ApplyUpdate_InvalidEntityId_IsRejected" fullname="GlobalFront.Tests.EditMode.Client.Replication.ClientReplicationWorldTests.ApplyUpdate_InvalidEntityId_IsRejected" methodname="ApplyUpdate_InvalidEntityId_IsRejected" classname="GlobalFront.Tests.EditMode.Client.Replication.ClientReplicationWorldTests" runstate="Runnable" seed="660711251" result="Passed" start-time="2026-09-22 02:50:53Z" end-time="2026-09-22 02:50:53Z" duration="0.000325" asserts="0">
                    <properties>
                      <property name="retryIteration" value="0" />
                      <property name="repeatIteration" value="0" />
                    </properties>
                  </test-case>
                  <test-case id="1646" name="ApplyUpdate_MoveTargetBit_ChangesOnlyTheCoordinates" fullname="GlobalFront.Tests.EditMode.Client.Replication.ClientReplicationWorldTests.ApplyUpdate_MoveTargetBit_ChangesOnlyTheCoordinates" methodname="ApplyUpdate_MoveTargetBit_ChangesOnlyTheCoordinates" classname="GlobalFront.Tests.EditMode.Client.Replication.ClientReplicationWorldTests" runstate="Runnable" seed="35311233" result="Passed" start-time="2026-09-22 02:50:53Z" end-time="2026-09-22 02:50:53Z" duration="0.000383" asserts="0">
                    <properties>
                      <property name="retryIteration" value="0" />
                      <property name="repeatIteration" value="0" />
                    </properties>
                  </test-case>
                  <test-case id="1653" name="ApplyUpdate_MoveTargetWithoutTheFlagBit_KeepsTheExistingFlag" fullname="GlobalFront.Tests.EditMode.Client.Replication.ClientReplicationWorldTests.ApplyUpdate_MoveTargetWithoutTheFlagBit_KeepsTheExistingFlag" methodname="ApplyUpdate_MoveTargetWithoutTheFlagBit_KeepsTheExistingFlag" classname="GlobalFront.Tests.EditMode.Client.Replication.ClientReplicationWorldTests" runstate="Runnable" seed="939641713" result="Passed" start-time="2026-09-22 02:50:53Z" end-time="2026-09-22 02:50:53Z" duration="0.000318" asserts="0">
                    <properties>
                      <property name="retryIteration" value="0" />
                      <property name="repeatIteration" value="0" />
                    </properties>
                  </test-case>
                  <test-case id="1651" name="ApplyUpdate_OD14_ClearingTheMoveTargetZeroesTheCoordinates" fullname="GlobalFront.Tests.EditMode.Client.Replication.ClientReplicationWorldTests.ApplyUpdate_OD14_ClearingTheMoveTargetZeroesTheCoordinates" methodname="ApplyUpdate_OD14_ClearingTheMoveTargetZeroesTheCoordinates" classname="GlobalFront.Tests.EditMode.Client.Replication.ClientReplicationWorldTests" runstate="Runnable" seed="353930105" result="Passed" start-time="2026-09-22 02:50:53Z" end-time="2026-09-22 02:50:53Z" duration="0.000299" asserts="0">
                    <properties>
                      <property name="retryIteration" value="0" />
                      <property name="repeatIteration" value="0" />
                    </properties>
                  </test-case>
                  <test-case id="1652" name="ApplyUpdate_OD14_ClearWithoutTheCoordinateBit_StillZeroesTheCoordinates" fullname="GlobalFront.Tests.EditMode.Client.Replication.ClientReplicationWorldTests.ApplyUpdate_OD14_ClearWithoutTheCoordinateBit_StillZeroesTheCoordinates" methodname="ApplyUpdate_OD14_ClearWithoutTheCoordinateBit_StillZeroesTheCoordinates" classname="GlobalFront.Tests.EditMode.Client.Replication.ClientReplicationWorldTests" runstate="Runnable" seed="1366952570" result="Passed" start-time="2026-09-22 02:50:53Z" end-time="2026-09-22 02:50:53Z" duration="0.000307" asserts="0">
                    <properties>
                      <property name="retryIteration" value="0" />
                      <property name="repeatIteration" value="0" />
                    </properties>
                  </test-case>
                  <test-case id="1642" name="ApplyUpdate_OwnerBit_ChangesOnlyTheOwner" fullname="GlobalFront.Tests.EditMode.Client.Replication.ClientReplicationWorldTests.ApplyUpdate_OwnerBit_ChangesOnlyTheOwner" methodname="ApplyUpdate_OwnerBit_ChangesOnlyTheOwner" classname="GlobalFront.Tests.EditMode.Client.Replication.ClientReplicationWorldTests" runstate="Runnable" seed="1900774969" result="Passed" start-time="2026-09-22 02:50:53Z" end-time="2026-09-22 02:50:53Z" duration="0.000375" asserts="0">
                    <properties>
                      <property name="retryIteration" value="0" />
                      <property name="repeatIteration" value="0" />
                    </properties>
                  </test-case>
                  <test-case id="1643" name="ApplyUpdate_PositionBit_ChangesOnlyThePosition" fullname="GlobalFront.Tests.EditMode.Client.Replication.ClientReplicationWorldTests.ApplyUpdate_PositionBit_ChangesOnlyThePosition" methodname="ApplyUpdate_PositionBit_ChangesOnlyThePosition" classname="GlobalFront.Tests.EditMode.Client.Replication.ClientReplicationWorldTests" runstate="Runnable" seed="895854325" result="Passed" start-time="2026-09-22 02:50:53Z" end-time="2026-09-22 02:50:53Z" duration="0.000319" asserts="0">
                    <properties>
                      <property name="retryIteration" value="0" />
                      <property name="repeatIteration" value="0" />
                    </properties>
                  </test-case>
                  <test-case id="1657" name="ApplyUpdate_ReservedDirtyMaskBit_IsRejectedAndLeavesTheUnitUntouched" fullname="GlobalFront.Tests.EditMode.Client.Replication.ClientReplicationWorldTests.ApplyUpdate_ReservedDirtyMaskBit_IsRejectedAndLeavesTheUnitUntouched" methodname="ApplyUpdate_ReservedDirtyMaskBit_IsRejectedAndLeavesTheUnitUntouched" classname="GlobalFront.Tests.EditMode.Client.Replication.ClientReplicationWorldTests" runstate="Runnable" seed="1949370318" result="Passed" start-time="2026-09-22 02:50:53Z" end-time="2026-09-22 02:50:53Z" duration="0.000318" asserts="0">
                    <properties>
                      <property name="retryIteration" value="0" />
                      <property name="repeatIteration" value="0" />
                    </properties>
                  </test-case>
                  <test-case id="1655" name="ApplyUpdate_UnknownEntity_IsRejectedAndChangesNothing" fullname="GlobalFront.Tests.EditMode.Client.Replication.ClientReplicationWorldTests.ApplyUpdate_UnknownEntity_IsRejectedAndChangesNothing" methodname="ApplyUpdate_UnknownEntity_IsRejectedAndChangesNothing" classname="GlobalFront.Tests.EditMode.Client.Replication.ClientReplicationWorldTests" runstate="Runnable" seed="1979752871" result="Passed" start-time="2026-09-22 02:50:53Z" end-time="2026-09-22 02:50:53Z" duration="0.000260" asserts="0">
                    <properties>
                      <property name="retryIteration" value="0" />
                      <property name="repeatIteration" value="0" />
                    </properties>
                  </test-case>
                  <test-case id="1665" name="Churn_AddRemoveCycles_KeepTheIndexConsistent" fullname="GlobalFront.Tests.EditMode.Client.Replication.ClientReplicationWorldTests.Churn_AddRemoveCycles_KeepTheIndexConsistent" methodname="Churn_AddRemoveCycles_KeepTheIndexConsistent" classname="GlobalFront.Tests.EditMode.Client.Replication.ClientReplicationWorldTests" runstate="Runnable" seed="1177563252" result="Passed" start-time="2026-09-22 02:50:53Z" end-time="2026-09-22 02:50:53Z" duration="0.001320" asserts="0">
                    <properties>
                      <property name="retryIteration" value="0" />
                      <property name="repeatIteration" value="0" />
                    </properties>
                  </test-case>
[...]
                <properties>
                  <property name="retryIteration" value="0" />
                  <property name="repeatIteration" value="0" />
                </properties>
              </test-case>
              <test-case id="1323" name="SnapshotVersionMismatch_IsDenied" fullname="GlobalFront.Tests.EditMode.TransportFlowAndSecurityTests.SnapshotVersionMismatch_IsDenied" methodname="SnapshotVersionMismatch_IsDenied" classname="GlobalFront.Tests.EditMode.TransportFlowAndSecurityTests" runstate="Runnable" seed="644748805" result="Passed" start-time="2026-09-22 02:50:56Z" end-time="2026-09-22 02:50:56Z" duration="0.001361" asserts="0">
                <properties>
                  <property name="retryIteration" value="0" />
                  <property name="repeatIteration" value="0" />
                </properties>
              </test-case>
              <test-case id="1315" name="StaleRequestedTick_AckCarriesHeaderRejected" fullname="GlobalFront.Tests.EditMode.TransportFlowAndSecurityTests.StaleRequestedTick_AckCarriesHeaderRejected" methodname="StaleRequestedTick_AckCarriesHeaderRejected" classname="GlobalFront.Tests.EditMode.TransportFlowAndSecurityTests" runstate="Runnable" seed="225479189" result="Passed" start-time="2026-09-22 02:50:56Z" end-time="2026-09-22 02:50:56Z" duration="0.001520" asserts="0">
                <properties>
                  <property name="retryIteration" value="0" />
                  <property name="repeatIteration" value="0" />
                </properties>
              </test-case>
            </test-suite>
            <test-suite type="TestFixture" id="1324" name="TransportIntegrationTests" fullname="GlobalFront.Tests.EditMode.TransportIntegrationTests" classname="GlobalFront.Tests.EditMode.TransportIntegrationTests" runstate="Runnable" testcasecount="8" result="Passed" start-time="2026-09-22 02:50:56Z" end-time="2026-09-22 02:50:56Z" duration="0.116038" total="8" passed="8" failed="0" inconclusive="0" skipped="0" asserts="0">
              <properties />
              <test-case id="1326" name="Commands_BothPlayers_AppliedWithRequestedTickSemantics" fullname="GlobalFront.Tests.EditMode.TransportIntegrationTests.Commands_BothPlayers_AppliedWithRequestedTickSemantics" methodname="Commands_BothPlayers_AppliedWithRequestedTickSemantics" classname="GlobalFront.Tests.EditMode.TransportIntegrationTests" runstate="Runnable" seed="717394712" result="Passed" start-time="2026-09-22 02:50:56Z" end-time="2026-09-22 02:50:56Z" duration="0.002309" asserts="0">
                <properties>
                  <property name="retryIteration" value="0" />
                  <property name="repeatIteration" value="0" />
                </properties>
              </test-case>
              <test-case id="1332" name="DeterministicRuns_ProduceIdenticalAuthoritativeState" fullname="GlobalFront.Tests.EditMode.TransportIntegrationTests.DeterministicRuns_ProduceIdenticalAuthoritativeState" methodname="DeterministicRuns_ProduceIdenticalAuthoritativeState" classname="GlobalFront.Tests.EditMode.TransportIntegrationTests" runstate="Runnable" seed="860122720" result="Passed" start-time="2026-09-22 02:50:56Z" end-time="2026-09-22 02:50:56Z" duration="0.007436" asserts="0">
                <properties>
                  <property name="retryIteration" value="0" />
                  <property name="repeatIteration" value="0" />
                </properties>
              </test-case>
              <test-case id="1330" name="GracefulDisconnect_ClosesSession_AndReleasesBinding" fullname="GlobalFront.Tests.EditMode.TransportIntegrationTests.GracefulDisconnect_ClosesSession_AndReleasesBinding" methodname="GracefulDisconnect_ClosesSession_AndReleasesBinding" classname="GlobalFront.Tests.EditMode.TransportIntegrationTests" runstate="Runnable" seed="1949131906" result="Passed" start-time="2026-09-22 02:50:56Z" end-time="2026-09-22 02:50:56Z" duration="0.015809" asserts="0">
                <properties>
                  <property name="retryIteration" value="0" />
                  <property name="repeatIteration" value="0" />
                </properties>
              </test-case>
              <test-case id="1329" name="LargeSnapshot_3000Entities_OwnCarrier_FullDelivery_AcceptedAsLatest" fullname="GlobalFront.Tests.EditMode.TransportIntegrationTests.LargeSnapshot_3000Entities_OwnCarrier_FullDelivery_AcceptedAsLatest" methodname="LargeSnapshot_3000Entities_OwnCarrier_FullDelivery_AcceptedAsLatest" classname="GlobalFront.Tests.EditMode.TransportIntegrationTests" runstate="Runnable" seed="2033075085" result="Passed" start-time="2026-09-22 02:50:56Z" end-time="2026-09-22 02:50:56Z" duration="0.067419" asserts="0">
                <properties>
                  <property name="retryIteration" value="0" />
                  <property name="repeatIteration" value="0" />
                </properties>
              </test-case>
              <test-case id="1328" name="Snapshot_MultiFragment_C2_LatestWins_AfterReassembly" fullname="GlobalFront.Tests.EditMode.TransportIntegrationTests.Snapshot_MultiFragment_C2_LatestWins_AfterReassembly" methodname="Snapshot_MultiFragment_C2_LatestWins_AfterReassembly" classname="GlobalFront.Tests.EditMode.TransportIntegrationTests" runstate="Runnable" seed="1709255522" result="Passed" start-time="2026-09-22 02:50:56Z" end-time="2026-09-22 02:50:56Z" duration="0.015978" asserts="0">
                <properties>
                  <property name="retryIteration" value="0" />
                  <property name="repeatIteration" value="0" />
                </properties>
              </test-case>
              <test-case id="1327" name="SnapshotDelivery_CarriesSnapshotTick_ForLatestWins" fullname="GlobalFront.Tests.EditMode.TransportIntegrationTests.SnapshotDelivery_CarriesSnapshotTick_ForLatestWins" methodname="SnapshotDelivery_CarriesSnapshotTick_ForLatestWins" classname="GlobalFront.Tests.EditMode.TransportIntegrationTests" runstate="Runnable" seed="1661916702" result="Passed" start-time="2026-09-22 02:50:56Z" end-time="2026-09-22 02:50:56Z" duration="0.001843" asserts="0">
                <properties>
                  <property name="retryIteration" value="0" />
                  <property name="repeatIteration" value="0" />
                </properties>
              </test-case>
              <test-case id="1331" name="TransportTimeout_FeedsPhase24Grace_Mechanics" fullname="GlobalFront.Tests.EditMode.TransportIntegrationTests.TransportTimeout_FeedsPhase24Grace_Mechanics" methodname="TransportTimeout_FeedsPhase24Grace_Mechanics" classname="GlobalFront.Tests.EditMode.TransportIntegrationTests" runstate="Runnable" seed="1158774920" result="Passed" start-time="2026-09-22 02:50:56Z" end-time="2026-09-22 02:50:56Z" duration="0.001563" asserts="0">
                <properties>
                  <property name="retryIteration" value="0" />
                  <property name="repeatIteration" value="0" />
                </properties>
              </test-case>
              <test-case id="1325" name="TwoClients_AttachWithDistinctServerAssignedPlayerIds" fullname="GlobalFront.Tests.EditMode.TransportIntegrationTests.TwoClients_AttachWithDistinctServerAssignedPlayerIds" methodname="TwoClients_AttachWithDistinctServerAssignedPlayerIds" classname="GlobalFront.Tests.EditMode.TransportIntegrationTests" runstate="Runnable" seed="1519295421" result="Passed" start-time="2026-09-22 02:50:56Z" end-time="2026-09-22 02:50:56Z" duration="0.001464" asserts="0">
                <properties>
                  <property name="retryIteration" value="0" />
                  <property name="repeatIteration" value="0" />
                </properties>
              </test-case>
            </test-suite>
            <test-suite type="TestFixture" id="1333" name="TransportLifecycleCleanupTests" fullname="GlobalFront.Tests.EditMode.TransportLifecycleCleanupTests" classname="GlobalFront.Tests.EditMode.TransportLifecycleCleanupTests" runstate="Runnable" testcasecount="4" result="Passed" start-time="2026-09-22 02:50:56Z" end-time="2026-09-22 02:50:56Z" duration="0.008644" total="4" passed="4" failed="0" inconclusive="0" skipped="0" asserts="0">
              <properties />
              <test-case id="1334" name="OwnCarrier_ClosedConnection_FreesAllState" fullname="GlobalFront.Tests.EditMode.TransportLifecycleCleanupTests.OwnCarrier_ClosedConnection_FreesAllState" methodname="OwnCarrier_ClosedConnection_FreesAllState" classname="GlobalFront.Tests.EditMode.TransportLifecycleCleanupTests" runstate="Runnable" seed="368009927" result="Passed" start-time="2026-09-22 02:50:56Z" end-time="2026-09-22 02:50:56Z" duration="0.000757" asserts="0">
                <properties>
                  <property name="retryIteration" value="0" />
                  <property name="repeatIteration" value="0" />
                </properties>
              </test-case>
              <test-case id="1336" name="OwnCarrier_ConnectDisconnectSoak_NoStateAccumulation" fullname="GlobalFront.Tests.EditMode.TransportLifecycleCleanupTests.OwnCarrier_ConnectDisconnectSoak_NoStateAccumulation" methodname="OwnCarrier_ConnectDisconnectSoak_NoStateAccumulation" classname="GlobalFront.Tests.EditMode.TransportLifecycleCleanupTests" runstate="Runnable" seed="1620530845" result="Passed" start-time="2026-09-22 02:50:56Z" end-time="2026-09-22 02:50:56Z" duration="0.003947" asserts="0">
                <properties>
                  <property name="retryIteration" value="0" />
                  <property name="repeatIteration" value="0" />
                </properties>
              </test-case>
              <test-case id="1335" name="OwnCarrier_SpoofedSourceFlood_StateStaysBounded_AndCleansUp" fullname="GlobalFront.Tests.EditMode.TransportLifecycleCleanupTests.OwnCarrier_SpoofedSourceFlood_StateStaysBounded_AndCleansUp" methodname="OwnCarrier_SpoofedSourceFlood_StateStaysBounded_AndCleansUp" classname="GlobalFront.Tests.EditMode.TransportLifecycleCleanupTests" runstate="Runnable" seed="1186869859" result="Passed" start-time="2026-09-22 02:50:56Z" end-time="2026-09-22 02:50:56Z" duration="0.001611" asserts="0">
                <properties>
                  <property name="retryIteration" value="0" />
                  <property name="repeatIteration" value="0" />
                </properties>
              </test-case>
              <test-case id="1337" name="TransportSessionBinder_SnapshotTargets_ReturnsCachedListWithoutAllocations" fullname="GlobalFront.Tests.EditMode.TransportLifecycleCleanupTests.TransportSessionBinder_SnapshotTargets_ReturnsCachedListWithoutAllocations" methodname="TransportSessionBinder_SnapshotTargets_ReturnsCachedListWithoutAllocations" classname="GlobalFront.Tests.EditMode.TransportLifecycleCleanupTests" runstate="Runnable" seed="2050861861" result="Passed" start-time="2026-09-22 02:50:56Z" end-time="2026-09-22 02:50:56Z" duration="0.000962" asserts="0">
                <properties>
                  <property name="retryIteration" value="0" />
                  <property name="repeatIteration" value="0" />
                </properties>
              </test-case>
            </test-suite>
            <test-suite type="TestFixture" id="1338" name="TransportPerformanceBaselineTests" fullname="GlobalFront.Tests.EditMode.TransportPerformanceBaselineTests" classname="GlobalFront.Tests.EditMode.TransportPerformanceBaselineTests" runstate="Runnable" testcasecount="1" result="Passed" start-time="2026-09-22 02:50:56Z" end-time="2026-09-22 02:50:56Z" duration="0.084654" total="1" passed="1" failed="0" inconclusive="0" skipped="0" asserts="0">
              <properties />
              <test-case id="1339" name="Baseline_CommandAndSnapshotFlow_UnderLoss" fullname="GlobalFront.Tests.EditMode.TransportPerformanceBaselineTests.Baseline_CommandAndSnapshotFlow_UnderLoss" methodname="Baseline_CommandAndSnapshotFlow_UnderLoss" classname="GlobalFront.Tests.EditMode.TransportPerformanceBaselineTests" runstate="Runnable" seed="171269266" result="Passed" start-time="2026-09-22 02:50:56Z" end-time="2026-09-22 02:50:56Z" duration="0.083657" asserts="0">
                <properties>
                  <property name="retryIteration" value="0" />
                  <property name="repeatIteration" value="0" />
                </properties>
                <output><![CDATA[=== GlobalFront Phase 2.5 transport baseline ===
commands delivered: 2000/2000 (reliable)
snapshots received: 48/50 (unreliable, 5% loss)
large C2 snapshot: deliveries=1 size=117016 bytes tick=2001
virtual time: 20205 ms; wall CPU proxy: 11 ms
throughput: 2050 msg/s wall
managed allocations: 0 KB
client bytes sent/received: 171382/222061
server bytes sent/received: 226875/163297
client retransmissions: 225
peak event queue depth: 55
peak reassembly memory: client=115866 server=0 bytes
drops: malformed=0 rate=0 window=75 queue=6
]]></output>
              </test-case>
            </test-suite>
            <test-suite type="TestFixture" id="1340" name="UnitSelectionTests" fullname="GlobalFront.Tests.EditMode.UnitSelectionTests" classname="GlobalFront.Tests.EditMode.UnitSelectionTests" runstate="Runnable" testcasecount="9" result="Passed" start-time="2026-09-22 02:50:56Z" end-time="2026-09-22 02:50:56Z" duration="0.019003" total="9" passed="9" failed="0" inconclusive="0" skipped="0" asserts="0">
              <properties />
              <test-case id="1347" name="Clear_RemovesAllSelectedUnits_AndResetsFlags" fullname="GlobalFront.Tests.EditMode.UnitSelectionTests.Clear_RemovesAllSelectedUnits_AndResetsFlags" methodname="Clear_RemovesAllSelectedUnits_AndResetsFlags" classname="GlobalFront.Tests.EditMode.UnitSelectionTests" runstate="Runnable" seed="2043818132" result="Passed" start-time="2026-09-22 02:50:56Z" end-time="2026-09-22 02:50:56Z" duration="0.005105" asserts="0">
                <properties>
                  <property name="retryIteration" value="0" />
                  <property name="repeatIteration" value="0" />
                </properties>
              </test-case>
              <test-case id="1349" name="GetSelectedEntityIds_ReturnsDeterministicallySortedIds" fullname="GlobalFront.Tests.EditMode.UnitSelectionTests.GetSelectedEntityIds_ReturnsDeterministicallySortedIds" methodname="GetSelectedEntityIds_ReturnsDeterministicallySortedIds" classname="GlobalFront.Tests.EditMode.UnitSelectionTests" runstate="Runnable" seed="1838740236" result="Passed" start-time="2026-09-22 02:50:56Z" end-time="2026-09-22 02:50:56Z" duration="0.002000" asserts="0">
                <properties>
                  <property name="retryIteration" value="0" />
                  <property name="repeatIteration" value="0" />
                </properties>
              </test-case>
              <test-case id="1348" name="PruneDead_RemovesDeadUnits_KeepsAlive" fullname="GlobalFront.Tests.EditMode.UnitSelectionTests.PruneDead_RemovesDeadUnits_KeepsAlive" methodname="PruneDead_RemovesDeadUnits_KeepsAlive" classname="GlobalFront.Tests.EditMode.UnitSelectionTests" runstate="Runnable" seed="1938194498" result="Passed" start-time="2026-09-22 02:50:56Z" end-time="2026-09-22 02:50:56Z" duration="0.001425" asserts="0">
                <properties>
                  <property name="retryIteration" value="0" />
                  <property name="repeatIteration" value="0" />
                </properties>
              </test-case>
              <test-case id="1343" name="SelectInsideScreenRect_Additive_KeepsPreviousSelection" fullname="GlobalFront.Tests.EditMode.UnitSelectionTests.SelectInsideScreenRect_Additive_KeepsPreviousSelection" methodname="SelectInsideScreenRect_Additive_KeepsPreviousSelection" classname="GlobalFront.Tests.EditMode.UnitSelectionTests" runstate="Runnable" seed="1670063311" result="Passed" start-time="2026-09-22 02:50:56Z" end-time="2026-09-22 02:50:56Z" duration="0.001372" asserts="0">
                <properties>
                  <property name="retryIteration" value="0" />
                  <property name="repeatIteration" value="0" />
                </properties>
              </test-case>
              <test-case id="1345" name="SelectInsideScreenRect_IgnoresDeadUnits" fullname="GlobalFront.Tests.EditMode.UnitSelectionTests.SelectInsideScreenRect_IgnoresDeadUnits" methodname="SelectInsideScreenRect_IgnoresDeadUnits" classname="GlobalFront.Tests.EditMode.UnitSelectionTests" runstate="Runnable" seed="1395026314" result="Passed" start-time="2026-09-22 02:50:56Z" end-time="2026-09-22 02:50:56Z" duration="0.000936" asserts="0">
                <properties>
                  <property name="retryIteration" value="0" />
                  <property name="repeatIteration" value="0" />
                </properties>
              </test-case>
              <test-case id="1344" name="SelectInsideScreenRect_IgnoresEnemyUnits" fullname="GlobalFront.Tests.EditMode.UnitSelectionTests.SelectInsideScreenRect_IgnoresEnemyUnits" methodname="SelectInsideScreenRect_IgnoresEnemyUnits" classname="GlobalFront.Tests.EditMode.UnitSelectionTests" runstate="Runnable" seed="1566946337" result="Passed" start-time="2026-09-22 02:50:56Z" end-time="2026-09-22 02:50:56Z" duration="0.000856" asserts="0">
                <properties>
                  <property name="retryIteration" value="0" />
                  <property name="repeatIteration" value="0" />
                </properties>
              </test-case>
              <test-case id="1346" name="SelectInsideScreenRect_IgnoresUnitsBehindCamera" fullname="GlobalFront.Tests.EditMode.UnitSelectionTests.SelectInsideScreenRect_IgnoresUnitsBehindCamera" methodname="SelectInsideScreenRect_IgnoresUnitsBehindCamera" classname="GlobalFront.Tests.EditMode.UnitSelectionTests" runstate="Runnable" seed="371388976" result="Passed" start-time="2026-09-22 02:50:56Z" end-time="2026-09-22 02:50:56Z" duration="0.000906" asserts="0">
                <properties>
                  <property name="retryIteration" value="0" />
                  <property name="repeatIteration" value="0" />
                </properties>
              </test-case>
              <test-case id="1342" name="SelectInsideScreenRect_NonAdditive_ReplacesPreviousSelection" fullname="GlobalFront.Tests.EditMode.UnitSelectionTests.SelectInsideScreenRect_NonAdditive_ReplacesPreviousSelection" methodname="SelectInsideScreenRect_NonAdditive_ReplacesPreviousSelection" classname="GlobalFront.Tests.EditMode.UnitSelectionTests" runstate="Runnable" seed="1103714603" result="Passed" start-time="2026-09-22 02:50:56Z" end-time="2026-09-22 02:50:56Z" duration="0.001128" asserts="0">
                <properties>
                  <property name="retryIteration" value="0" />
                  <property name="repeatIteration" value="0" />
                </properties>
              </test-case>
              <test-case id="1341" name="SelectInsideScreenRect_SelectsUnitsWithinRect" fullname="GlobalFront.Tests.EditMode.UnitSelectionTests.SelectInsideScreenRect_SelectsUnitsWithinRect" methodname="SelectInsideScreenRect_SelectsUnitsWithinRect" classname="GlobalFront.Tests.EditMode.UnitSelectionTests" runstate="Runnable" seed="1459496126" result="Passed" start-time="2026-09-22 02:50:56Z" end-time="2026-09-22 02:50:56Z" duration="0.000886" asserts="0">
                <properties>
                  <property name="retryIteration" value="0" />
                  <property name="repeatIteration" value="0" />
                </properties>
                <output><![CDATA[<b><color=#2EA3FF>MCP-FOR-UNITY</color></b>: [TestRunnerNoThrottle] Restored Interaction Mode after test run.
Saving results to: C:/Users/kinga/AppData/LocalLow/DefaultCompany/GlobalFront\TestResults.xml
]]></output>
              </test-case>
            </test-suite>
          </test-suite>
        </test-suite>
      </test-suite>
    </test-suite>
  </test-suite>
</test-run>