<?xml version="1.0" encoding="utf-8"?>
<test-run id="2" testcasecount="687" result="Passed" total="687" passed="687" failed="0" inconclusive="0" skipped="0" asserts="0" engine-version="3.5.0.0" clr-version="4.0.30319.42000" start-time="2026-09-22 04:00:58Z" end-time="2026-09-22 04:01:02Z" duration="3,8965408">
  <test-suite type="TestSuite" id="1000" name="GlobalFront" fullname="GlobalFront" runstate="Runnable" testcasecount="687" result="Passed" start-time="2026-09-22 04:00:58Z" end-time="2026-09-22 04:01:02Z" duration="3.896541" total="687" passed="687" failed="0" inconclusive="0" skipped="0" asserts="0">
    <properties>
      <property name="platform" value="EditMode" />
    </properties>
    <test-suite type="Assembly" id="1749" name="GlobalFront.Tests.EditMode.dll" fullname="C:/UnityProjects/GlobalFront/Library/ScriptAssemblies/GlobalFront.Tests.EditMode.dll" runstate="Runnable" testcasecount="687" result="Passed" start-time="2026-09-22 04:00:58Z" end-time="2026-09-22 04:01:02Z" duration="3.873698" total="687" passed="687" failed="0" inconclusive="0" skipped="0" asserts="0">
      <properties>
        <property name="_PID" value="9148" />
        <property name="_APPDOMAIN" value="Unity Child Domain" />
        <property name="platform" value="EditMode" />
        <property name="EditorOnly" value="True" />
      </properties>
      <test-suite type="TestSuite" id="1750" name="GlobalFront" fullname="GlobalFront" runstate="Runnable" testcasecount="687" result="Passed" start-time="2026-09-22 04:00:58Z" end-time="2026-09-22 04:01:02Z" duration="3.862660" total="687" passed="687" failed="0" inconclusive="0" skipped="0" asserts="0">
        <properties />
        <test-suite type="TestSuite" id="1751" name="Tests" fullname="GlobalFront.Tests" runstate="Runnable" testcasecount="687" result="Passed" start-time="2026-09-22 04:00:58Z" end-time="2026-09-22 04:01:02Z" duration="3.851625" total="687" passed="687" failed="0" inconclusive="0" skipped="0" asserts="0">
          <properties />
          <test-suite type="TestSuite" id="1752" name="EditMode" fullname="GlobalFront.Tests.EditMode" runstate="Runnable" testcasecount="687" result="Passed" start-time="2026-09-22 04:00:58Z" end-time="2026-09-22 04:01:02Z" duration="3.840412" total="687" passed="687" failed="0" inconclusive="0" skipped="0" asserts="0">
            <properties />
            <test-suite type="TestFixture" id="1001" name="AttackCommandTests" fullname="GlobalFront.Tests.EditMode.AttackCommandTests" classname="GlobalFront.Tests.EditMode.AttackCommandTests" runstate="Runnable" testcasecount="9" result="Passed" start-time="2026-09-22 04:00:58Z" end-time="2026-09-22 04:00:58Z" duration="0.049010" total="9" passed="9" failed="0" inconclusive="0" skipped="0" asserts="0">
              <properties />
              <test-case id="1002" name="TryCreate_CopiesAndCanonicalizesAttackerOrder" fullname="GlobalFront.Tests.EditMode.AttackCommandTests.TryCreate_CopiesAndCanonicalizesAttackerOrder" methodname="TryCreate_CopiesAndCanonicalizesAttackerOrder" classname="GlobalFront.Tests.EditMode.AttackCommandTests" runstate="Runnable" seed="1769446945" result="Passed" start-time="2026-09-22 04:00:58Z" end-time="2026-09-22 04:00:58Z" duration="0.016317" asserts="0">
                <properties>
                  <property name="retryIteration" value="0" />
                  <property name="repeatIteration" value="0" />
                </properties>
              </test-case>
              <test-case id="1011" name="TryCreate_EnforcesSelectionLimit" fullname="GlobalFront.Tests.EditMode.AttackCommandTests.TryCreate_EnforcesSelectionLimit" methodname="TryCreate_EnforcesSelectionLimit" classname="GlobalFront.Tests.EditMode.AttackCommandTests" runstate="Runnable" seed="357011285" result="Passed" start-time="2026-09-22 04:00:58Z" end-time="2026-09-22 04:00:58Z" duration="0.001361" asserts="0">
                <properties>
                  <property name="retryIteration" value="0" />
                  <property name="repeatIteration" value="0" />
                </properties>
              </test-case>
              <test-case id="1007" name="TryCreate_RejectsInvalidHeader" fullname="GlobalFront.Tests.EditMode.AttackCommandTests.TryCreate_RejectsInvalidHeader" methodname="TryCreate_RejectsInvalidHeader" classname="GlobalFront.Tests.EditMode.AttackCommandTests" runstate="Runnable" seed="596370235" result="Passed" start-time="2026-09-22 04:00:58Z" end-time="2026-09-22 04:00:58Z" duration="0.000677" asserts="0">
                <properties>
                  <property name="retryIteration" value="0" />
                  <property name="repeatIteration" value="0" />
                </properties>
              </test-case>
              <test-case id="1009" name="TryCreate_RejectsInvalidOrDuplicateAttacker" fullname="GlobalFront.Tests.EditMode.AttackCommandTests.TryCreate_RejectsInvalidOrDuplicateAttacker" methodname="TryCreate_RejectsInvalidOrDuplicateAttacker" classname="GlobalFront.Tests.EditMode.AttackCommandTests" runstate="Runnable" seed="1646372438" result="Passed" start-time="2026-09-22 04:00:58Z" end-time="2026-09-22 04:00:58Z" duration="0.000464" asserts="0">
                <properties>
                  <property name="retryIteration" value="0" />
                  <property name="repeatIteration" value="0" />
                </properties>
              </test-case>
              <test-case id="1010" name="TryCreate_RejectsInvalidOrSelfTarget" fullname="GlobalFront.Tests.EditMode.AttackCommandTests.TryCreate_RejectsInvalidOrSelfTarget" methodname="TryCreate_RejectsInvalidOrSelfTarget" classname="GlobalFront.Tests.EditMode.AttackCommandTests" runstate="Runnable" seed="875688825" result="Passed" start-time="2026-09-22 04:00:58Z" end-time="2026-09-22 04:00:58Z" duration="0.000646" asserts="0">
                <properties>
                  <property name="retryIteration" value="0" />
                  <property name="repeatIteration" value="0" />
                </properties>
              </test-case>
              <test-suite type="ParameterizedMethod" id="1006" name="TryCreate_RejectsNonAttackCommandType" fullname="GlobalFront.Tests.EditMode.AttackCommandTests.TryCreate_RejectsNonAttackCommandType" classname="GlobalFront.Tests.EditMode.AttackCommandTests" runstate="Runnable" testcasecount="3" result="Passed" start-time="2026-09-22 04:00:58Z" end-time="2026-09-22 04:00:58Z" duration="0.008379" total="3" passed="3" failed="0" inconclusive="0" skipped="0" asserts="0">
                <properties />
                <test-case id="1003" name="TryCreate_RejectsNonAttackCommandType(None)" fullname="GlobalFront.Tests.EditMode.AttackCommandTests.TryCreate_RejectsNonAttackCommandType(None)" methodname="TryCreate_RejectsNonAttackCommandType" classname="GlobalFront.Tests.EditMode.AttackCommandTests" runstate="Runnable" seed="1321695178" result="Passed" start-time="2026-09-22 04:00:58Z" end-time="2026-09-22 04:00:58Z" duration="0.000652" asserts="0">
                  <properties>
                    <property name="retryIteration" value="0" />
                    <property name="repeatIteration" value="0" />
                  </properties>
                </test-case>
                <test-case id="1004" name="TryCreate_RejectsNonAttackCommandType(Move)" fullname="GlobalFront.Tests.EditMode.AttackCommandTests.TryCreate_RejectsNonAttackCommandType(Move)" methodname="TryCreate_RejectsNonAttackCommandType" classname="GlobalFront.Tests.EditMode.AttackCommandTests" runstate="Runnable" seed="174986897" result="Passed" start-time="2026-09-22 04:00:58Z" end-time="2026-09-22 04:00:58Z" duration="0.000201" asserts="0">
                  <properties>
                    <property name="retryIteration" value="0" />
                    <property name="repeatIteration" value="0" />
                  </properties>
                </test-case>
                <test-case id="1005" name="TryCreate_RejectsNonAttackCommandType(AttackMove)" fullname="GlobalFront.Tests.EditMode.AttackCommandTests.TryCreate_RejectsNonAttackCommandType(AttackMove)" methodname="TryCreate_RejectsNonAttackCommandType" classname="GlobalFront.Tests.EditMode.AttackCommandTests" runstate="Runnable" seed="972236139" result="Passed" start-time="2026-09-22 04:00:58Z" end-time="2026-09-22 04:00:58Z" duration="0.000169" asserts="0">
                  <properties>
                    <property name="retryIteration" value="0" />
                    <property name="repeatIteration" value="0" />
                  </properties>
                </test-case>
              </test-suite>
              <test-case id="1008" name="TryCreate_RejectsNullOrEmptySelection" fullname="GlobalFront.Tests.EditMode.AttackCommandTests.TryCreate_RejectsNullOrEmptySelection" methodname="TryCreate_RejectsNullOrEmptySelection" classname="GlobalFront.Tests.EditMode.AttackCommandTests" runstate="Runnable" seed="968963167" result="Passed" start-time="2026-09-22 04:00:58Z" end-time="2026-09-22 04:00:58Z" duration="0.000563" asserts="0">
                <properties>
                  <property name="retryIteration" value="0" />
                  <property name="repeatIteration" value="0" />
                </properties>
              </test-case>
            </test-suite>
            <test-suite type="TestSuite" id="1760" name="Client" fullname="GlobalFront.Tests.EditMode.Client" runstate="Runnable" testcasecount="167" result="Passed" start-time="2026-09-22 04:00:58Z" end-time="2026-09-22 04:00:59Z" duration="0.556327" total="167" passed="167" failed="0" inconclusive="0" skipped="0" asserts="0">
              <properties />
              <test-suite type="TestSuite" id="1763" name="Catalog" fullname="GlobalFront.Tests.EditMode.Client.Catalog" runstate="Runnable" testcasecount="7" result="Passed" start-time="2026-09-22 04:00:58Z" end-time="2026-09-22 04:00:58Z" duration="0.020417" total="7" passed="7" failed="0" inconclusive="0" skipped="0" asserts="0">
                <properties />
                <test-suite type="TestFixture" id="1741" name="UnitCatalogTests" fullname="GlobalFront.Tests.EditMode.Client.Catalog.UnitCatalogTests" classname="GlobalFront.Tests.EditMode.Client.Catalog.UnitCatalogTests" runstate="Runnable" testcasecount="7" result="Passed" start-time="2026-09-22 04:00:58Z" end-time="2026-09-22 04:00:58Z" duration="0.019429" total="7" passed="7" failed="0" inconclusive="0" skipped="0" asserts="0">
                  <properties />
                  <test-case id="1746" name="Constructor_RejectsAmbiguousTables" fullname="GlobalFront.Tests.EditMode.Client.Catalog.UnitCatalogTests.Constructor_RejectsAmbiguousTables" methodname="Constructor_RejectsAmbiguousTables" classname="GlobalFront.Tests.EditMode.Client.Catalog.UnitCatalogTests" runstate="Runnable" seed="269109610" result="Passed" start-time="2026-09-22 04:00:58Z" end-time="2026-09-22 04:00:58Z" duration="0.005922" asserts="0">
                    <properties>
                      <property name="retryIteration" value="0" />
                      <property name="repeatIteration" value="0" />
                    </properties>
                  </test-case>
                  <test-case id="1747" name="CustomTable_ResolvesOnlyItsOwnRows" fullname="GlobalFront.Tests.EditMode.Client.Catalog.UnitCatalogTests.CustomTable_ResolvesOnlyItsOwnRows" methodname="CustomTable_ResolvesOnlyItsOwnRows" classname="GlobalFront.Tests.EditMode.Client.Catalog.UnitCatalogTests" runstate="Runnable" seed="1910064134" result="Passed" start-time="2026-09-22 04:00:58Z" end-time="2026-09-22 04:00:58Z" duration="0.002102" asserts="0">
                    <properties>
                      <property name="retryIteration" value="0" />
                      <property name="repeatIteration" value="0" />
                    </properties>
                  </test-case>
                  <test-case id="1743" name="Default_HealthDenominatorMirrorsTheAuthoritativeStats" fullname="GlobalFront.Tests.EditMode.Client.Catalog.UnitCatalogTests.Default_HealthDenominatorMirrorsTheAuthoritativeStats" methodname="Default_HealthDenominatorMirrorsTheAuthoritativeStats" classname="GlobalFront.Tests.EditMode.Client.Catalog.UnitCatalogTests" runstate="Runnable" seed="1081913459" result="Passed" start-time="2026-09-22 04:00:58Z" end-time="2026-09-22 04:00:58Z" duration="0.000598" asserts="0">
                    <properties>
                      <property name="retryIteration" value="0" />
                      <property name="repeatIteration" value="0" />
                    </properties>
                  </test-case>
                  <test-case id="1742" name="Default_ResolvesTheThreePrototypeArchetypes" fullname="GlobalFront.Tests.EditMode.Client.Catalog.UnitCatalogTests.Default_ResolvesTheThreePrototypeArchetypes" methodname="Default_ResolvesTheThreePrototypeArchetypes" classname="GlobalFront.Tests.EditMode.Client.Catalog.UnitCatalogTests" runstate="Runnable" seed="1963262342" result="Passed" start-time="2026-09-22 04:00:58Z" end-time="2026-09-22 04:00:58Z" duration="0.002161" asserts="0">
                    <properties>
                      <property name="retryIteration" value="0" />
                      <property name="repeatIteration" value="0" />
                    </properties>
                  </test-case>
                  <test-case id="1748" name="TryGet_DoesNotAllocate" fullname="GlobalFront.Tests.EditMode.Client.Catalog.UnitCatalogTests.TryGet_DoesNotAllocate" methodname="TryGet_DoesNotAllocate" classname="GlobalFront.Tests.EditMode.Client.Catalog.UnitCatalogTests" runstate="Runnable" seed="707570938" result="Passed" start-time="2026-09-22 04:00:58Z" end-time="2026-09-22 04:00:58Z" duration="0.004257" asserts="0">
                    <properties>
                      <property name="retryIteration" value="0" />
                      <property name="repeatIteration" value="0" />
                    </properties>
                  </test-case>
                  <test-case id="1744" name="TryGet_UnknownAndOutOfRangeKindsAreMissesNotGuesses" fullname="GlobalFront.Tests.EditMode.Client.Catalog.UnitCatalogTests.TryGet_UnknownAndOutOfRangeKindsAreMissesNotGuesses" methodname="TryGet_UnknownAndOutOfRangeKindsAreMissesNotGuesses" classname="GlobalFront.Tests.EditMode.Client.Catalog.UnitCatalogTests" runstate="Runnable" seed="1800769749" result="Passed" start-time="2026-09-22 04:00:58Z" end-time="2026-09-22 04:00:58Z" duration="0.000485" asserts="0">
                    <properties>
                      <property name="retryIteration" value="0" />
                      <property name="repeatIteration" value="0" />
                    </properties>
                  </test-case>
                  <test-case id="1745" name="UnitDefinition_ZeroMaximumHealth_YieldsZeroInverseNotNaN" fullname="GlobalFront.Tests.EditMode.Client.Catalog.UnitCatalogTests.UnitDefinition_ZeroMaximumHealth_YieldsZeroInverseNotNaN" methodname="UnitDefinition_ZeroMaximumHealth_YieldsZeroInverseNotNaN" classname="GlobalFront.Tests.EditMode.Client.Catalog.UnitCatalogTests" runstate="Runnable" seed="285089717" result="Passed" start-time="2026-09-22 04:00:58Z" end-time="2026-09-22 04:00:58Z" duration="0.000602" asserts="0">
                    <properties>
                      <property name="retryIteration" value="0" />
                      <property name="repeatIteration" value="0" />
                    </properties>
                  </test-case>
                </test-suite>
              </test-suite>
              <test-suite type="TestFixture" id="1572" name="ClientReconnectTests" fullname="GlobalFront.Tests.EditMode.Client.ClientReconnectTests" classname="GlobalFront.Tests.EditMode.Client.ClientReconnectTests" runstate="Runnable" testcasecount="16" result="Passed" start-time="2026-09-22 04:00:58Z" end-time="2026-09-22 04:00:58Z" duration="0.091085" total="16" passed="16" failed="0" inconclusive="0" skipped="0" asserts="0">
                <properties />
                <test-case id="1586" name="Coordinator_AdvanceCountdown_DecrementsTimer_AndResumesAtZero" fullname="GlobalFront.Tests.EditMode.Client.ClientReconnectTests.Coordinator_AdvanceCountdown_DecrementsTimer_AndResumesAtZero" methodname="Coordinator_AdvanceCountdown_DecrementsTimer_AndResumesAtZero" classname="GlobalFront.Tests.EditMode.Client.ClientReconnectTests" runstate="Runnable" seed="407109578" result="Passed" start-time="2026-09-22 04:00:58Z" end-time="2026-09-22 04:00:58Z" duration="0.006561" asserts="0">
                  <properties>
                    <property name="retryIteration" value="0" />
                    <property name="repeatIteration" value="0" />
                  </properties>
                </test-case>
                <test-case id="1574" name="Coordinator_CacheSession_TransitionsToConnected" fullname="GlobalFront.Tests.EditMode.Client.ClientReconnectTests.Coordinator_CacheSession_TransitionsToConnected" methodname="Coordinator_CacheSession_TransitionsToConnected" classname="GlobalFront.Tests.EditMode.Client.ClientReconnectTests" runstate="Runnable" seed="92848162" result="Passed" start-time="2026-09-22 04:00:58Z" end-time="2026-09-22 04:00:58Z" duration="0.004082" asserts="0">
                  <properties>
                    <property name="retryIteration" value="0" />
                    <property name="repeatIteration" value="0" />
                  </properties>
                </test-case>
                <test-case id="1589" name="Coordinator_CommandPreservation_PreservesQueueAcrossDisconnectAndPause" fullname="GlobalFront.Tests.EditMode.Client.ClientReconnectTests.Coordinator_CommandPreservation_PreservesQueueAcrossDisconnectAndPause" methodname="Coordinator_CommandPreservation_PreservesQueueAcrossDisconnectAndPause" classname="GlobalFront.Tests.EditMode.Client.ClientReconnectTests" runstate="Runnable" seed="109193735" result="Passed" start-time="2026-09-22 04:00:58Z" end-time="2026-09-22 04:00:58Z" duration="0.029962" asserts="0">
                  <properties>
                    <property name="retryIteration" value="0" />
                    <property name="repeatIteration" value="0" />
                  </properties>
                </test-case>
                <test-case id="1573" name="Coordinator_InitialState_IsIdle" fullname="GlobalFront.Tests.EditMode.Client.ClientReconnectTests.Coordinator_InitialState_IsIdle" methodname="Coordinator_InitialState_IsIdle" classname="GlobalFront.Tests.EditMode.Client.ClientReconnectTests" runstate="Runnable" seed="1527072692" result="Passed" start-time="2026-09-22 04:00:58Z" end-time="2026-09-22 04:00:58Z" duration="0.001149" asserts="0">
                  <properties>
                    <property name="retryIteration" value="0" />
                    <property name="repeatIteration" value="0" />
                  </properties>
                </test-case>
                <test-case id="1585" name="Coordinator_OnKeyframeInstalled_TransitionsToCountdown" fullname="GlobalFront.Tests.EditMode.Client.ClientReconnectTests.Coordinator_OnKeyframeInstalled_TransitionsToCountdown" methodname="Coordinator_OnKeyframeInstalled_TransitionsToCountdown" classname="GlobalFront.Tests.EditMode.Client.ClientReconnectTests" runstate="Runnable" seed="509886117" result="Passed" start-time="2026-09-22 04:00:58Z" end-time="2026-09-22 04:00:58Z" duration="0.001034" asserts="0">
                  <properties>
                    <property name="retryIteration" value="0" />
                    <property name="repeatIteration" value="0" />
                  </properties>
                </test-case>
                <test-case id="1579" name="Coordinator_OnReconnectResponse_Accepted_TransitionsToResyncing" fullname="GlobalFront.Tests.EditMode.Client.ClientReconnectTests.Coordinator_OnReconnectResponse_Accepted_TransitionsToResyncing" methodname="Coordinator_OnReconnectResponse_Accepted_TransitionsToResyncing" classname="GlobalFront.Tests.EditMode.Client.ClientReconnectTests" runstate="Runnable" seed="634613433" result="Passed" start-time="2026-09-22 04:00:58Z" end-time="2026-09-22 04:00:58Z" duration="0.001901" asserts="0">
                  <properties>
                    <property name="retryIteration" value="0" />
                    <property name="repeatIteration" value="0" />
                  </properties>
                </test-case>
                <test-suite type="ParameterizedMethod" id="1584" name="Coordinator_OnReconnectResponse_Rejections_TransitionsToTerminated" fullname="GlobalFront.Tests.EditMode.Client.ClientReconnectTests.Coordinator_OnReconnectResponse_Rejections_TransitionsToTerminated" classname="GlobalFront.Tests.EditMode.Client.ClientReconnectTests" runstate="Runnable" testcasecount="4" result="Passed" start-time="2026-09-22 04:00:58Z" end-time="2026-09-22 04:00:58Z" duration="0.011142" total="4" passed="4" failed="0" inconclusive="0" skipped="0" asserts="0">
                  <properties />
                  <test-case id="1580" name="Coordinator_OnReconnectResponse_Rejections_TransitionsToTerminated(GraceExpired)" fullname="GlobalFront.Tests.EditMode.Client.ClientReconnectTests.Coordinator_OnReconnectResponse_Rejections_TransitionsToTerminated(GraceExpired)" methodname="Coordinator_OnReconnectResponse_Rejections_TransitionsToTerminated" classname="GlobalFront.Tests.EditMode.Client.ClientReconnectTests" runstate="Runnable" seed="897282528" result="Passed" start-time="2026-09-22 04:00:58Z" end-time="2026-09-22 04:00:58Z" duration="0.001065" asserts="0">
                    <properties>
                      <property name="retryIteration" value="0" />
                      <property name="repeatIteration" value="0" />
                    </properties>
                  </test-case>
                  <test-case id="1581" name="Coordinator_OnReconnectResponse_Rejections_TransitionsToTerminated(InvalidSecret)" fullname="GlobalFront.Tests.EditMode.Client.ClientReconnectTests.Coordinator_OnReconnectResponse_Rejections_TransitionsToTerminated(InvalidSecret)" methodname="Coordinator_OnReconnectResponse_Rejections_TransitionsToTerminated" classname="GlobalFront.Tests.EditMode.Client.ClientReconnectTests" runstate="Runnable" seed="1045234845" result="Passed" start-time="2026-09-22 04:00:58Z" end-time="2026-09-22 04:00:58Z" duration="0.000674" asserts="0">
                    <properties>
                      <property name="retryIteration" value="0" />
                      <property name="repeatIteration" value="0" />
                    </properties>
                  </test-case>
                  <test-case id="1582" name="Coordinator_OnReconnectResponse_Rejections_TransitionsToTerminated(SessionNotFound)" fullname="GlobalFront.Tests.EditMode.Client.ClientReconnectTests.Coordinator_OnReconnectResponse_Rejections_TransitionsToTerminated(SessionNotFound)" methodname="Coordinator_OnReconnectResponse_Rejections_TransitionsToTerminated" classname="GlobalFront.Tests.EditMode.Client.ClientReconnectTests" runstate="Runnable" seed="1039944148" result="Passed" start-time="2026-09-22 04:00:58Z" end-time="2026-09-22 04:00:58Z" duration="0.000803" asserts="0">
                    <properties>
                      <property name="retryIteration" value="0" />
                      <property name="repeatIteration" value="0" />
                    </properties>
                  </test-case>
                  <test-case id="1583" name="Coordinator_OnReconnectResponse_Rejections_TransitionsToTerminated(MatchFinished)" fullname="GlobalFront.Tests.EditMode.Client.ClientReconnectTests.Coordinator_OnReconnectResponse_Rejections_TransitionsToTerminated(MatchFinished)" methodname="Coordinator_OnReconnectResponse_Rejections_TransitionsToTerminated" classname="GlobalFront.Tests.EditMode.Client.ClientReconnectTests" runstate="Runnable" seed="630456267" result="Passed" start-time="2026-09-22 04:00:58Z" end-time="2026-09-22 04:00:58Z" duration="0.000625" asserts="0">
                    <properties>
                      <property name="retryIteration" value="0" />
                      <property name="repeatIteration" value="0" />
                    </properties>
                  </test-case>
                </test-suite>
                <test-case id="1575" name="Coordinator_OnTransportDisconnected_TransitionsToReconnecting_AndTracksAttempts" fullname="GlobalFront.Tests.EditMode.Client.ClientReconnectTests.Coordinator_OnTransportDisconnected_TransitionsToReconnecting_AndTracksAttempts" methodname="Coordinator_OnTransportDisconnected_TransitionsToReconnecting_AndTracksAttempts" classname="GlobalFront.Tests.EditMode.Client.ClientReconnectTests" runstate="Runnable" seed="1915455918" result="Passed" start-time="2026-09-22 04:00:58Z" end-time="2026-09-22 04:00:58Z" duration="0.001462" asserts="0">
                  <properties>
                    <property name="retryIteration" value="0" />
                    <property name="repeatIteration" value="0" />
                  </properties>
                </test-case>
                <test-case id="1588" name="Coordinator_Resyncing_PrimesReplicationReceiver_RejectsStaleDeltas" fullname="GlobalFront.Tests.EditMode.Client.ClientReconnectTests.Coordinator_Resyncing_PrimesReplicationReceiver_RejectsStaleDeltas" methodname="Coordinator_Resyncing_PrimesReplicationReceiver_RejectsStaleDeltas" classname="GlobalFront.Tests.EditMode.Client.ClientReconnectTests" runstate="Runnable" seed="708601514" result="Passed" start-time="2026-09-22 04:00:58Z" end-time="2026-09-22 04:00:58Z" duration="0.010402" asserts="0">
                  <properties>
                    <property name="retryIteration" value="0" />
                    <property name="repeatIteration" value="0" />
                  </properties>
                </test-case>
                <test-case id="1587" name="Coordinator_SuccessfulReconnectCycle_FullFlow" fullname="GlobalFront.Tests.EditMode.Client.ClientReconnectTests.Coordinator_SuccessfulReconnectCycle_FullFlow" methodname="Coordinator_SuccessfulReconnectCycle_FullFlow" classname="GlobalFront.Tests.EditMode.Client.ClientReconnectTests" runstate="Runnable" seed="343745948" result="Passed" start-time="2026-09-22 04:00:58Z" end-time="2026-09-22 04:00:58Z" duration="0.006324" asserts="0">
                  <properties>
                    <property name="retryIteration" value="0" />
                    <property name="repeatIteration" value="0" />
                  </properties>
                </test-case>
                <test-case id="1577" name="Coordinator_TryBuildReconnectRequest_AllocatesZeroGC" fullname="GlobalFront.Tests.EditMode.Client.ClientReconnectTests.Coordinator_TryBuildReconnectRequest_AllocatesZeroGC" methodname="Coordinator_TryBuildReconnectRequest_AllocatesZeroGC" classname="GlobalFront.Tests.EditMode.Client.ClientReconnectTests" runstate="Runnable" seed="1827880239" result="Passed" start-time="2026-09-22 04:00:58Z" end-time="2026-09-22 04:00:58Z" duration="0.001474" asserts="0">
                  <properties>
                    <property name="retryIteration" value="0" />
                    <property name="repeatIteration" value="0" />
                  </properties>
                </test-case>
                <test-case id="1576" name="Coordinator_TryBuildReconnectRequest_EncodesCorrectWireBytes" fullname="GlobalFront.Tests.EditMode.Client.ClientReconnectTests.Coordinator_TryBuildReconnectRequest_EncodesCorrectWireBytes" methodname="Coordinator_TryBuildReconnectRequest_EncodesCorrectWireBytes" classname="GlobalFront.Tests.EditMode.Client.ClientReconnectTests" runstate="Runnable" seed="782295846" result="Passed" start-time="2026-09-22 04:00:58Z" end-time="2026-09-22 04:00:58Z" duration="0.002966" asserts="0">
                  <properties>
                    <property name="retryIteration" value="0" />
                    <property name="repeatIteration" value="0" />
                  </properties>
                </test-case>
                <test-case id="1578" name="Coordinator_TryBuildReconnectRequest_Fails_WhenInvalidStateOrBufferTooSmall" fullname="GlobalFront.Tests.EditMode.Client.ClientReconnectTests.Coordinator_TryBuildReconnectRequest_Fails_WhenInvalidStateOrBufferTooSmall" methodname="Coordinator_TryBuildReconnectRequest_Fails_WhenInvalidStateOrBufferTooSmall" classname="GlobalFront.Tests.EditMode.Client.ClientReconnectTests" runstate="Runnable" seed="1280609713" result="Passed" start-time="2026-09-22 04:00:58Z" end-time="2026-09-22 04:00:58Z" duration="0.001231" asserts="0">
                  <properties>
                    <property name="retryIteration" value="0" />
                    <property name="repeatIteration" value="0" />
                  </properties>
                </test-case>
              </test-suite>
              <test-suite type="TestSuite" id="1762" name="Presentation" fullname="GlobalFront.Tests.EditMode.Client.Presentation" runstate="Runnable" testcasecount="9" result="Passed" start-time="2026-09-22 04:00:58Z" end-time="2026-09-22 04:00:58Z" duration="0.070420" total="9" passed="9" failed="0" inconclusive="0" skipped="0" asserts="0">
                <properties />
                <test-suite type="TestFixture" id="1731" name="UnitViewTickBufferTests" fullname="GlobalFront.Tests.EditMode.Client.Presentation.UnitViewTickBufferTests" classname="GlobalFront.Tests.EditMode.Client.Presentation.UnitViewTickBufferTests" runstate="Runnable" testcasecount="9" result="Passed" start-time="2026-09-22 04:00:58Z" end-time="2026-09-22 04:00:58Z" duration="0.068689" total="9" passed="9" failed="0" inconclusive="0" skipped="0" asserts="0">
                  <properties />
                  <test-case id="1736" name="Extrapolation_ClampedTowardsMoveTarget" fullname="GlobalFront.Tests.EditMode.Client.Presentation.UnitViewTickBufferTests.Extrapolation_ClampedTowardsMoveTarget" methodname="Extrapolation_ClampedTowardsMoveTarget" classname="GlobalFront.Tests.EditMode.Client.Presentation.UnitViewTickBufferTests" runstate="Runnable" seed="920812403" result="Passed" start-time="2026-09-22 04:00:58Z" end-time="2026-09-22 04:00:58Z" duration="0.012994" asserts="0">
                    <properties>
                      <property name="retryIteration" value="0" />
                      <property name="repeatIteration" value="0" />
                    </properties>
                  </test-case>
                  <test-case id="1738" name="FlushAndResync_ClearsHistoryCleanly" fullname="GlobalFront.Tests.EditMode.Client.Presentation.UnitViewTickBufferTests.FlushAndResync_ClearsHistoryCleanly" methodname="FlushAndResync_ClearsHistoryCleanly" classname="GlobalFront.Tests.EditMode.Client.Presentation.UnitViewTickBufferTests" runstate="Runnable" seed="307185483" result="Passed" start-time="2026-09-22 04:00:58Z" end-time="2026-09-22 04:00:58Z" duration="0.004716" asserts="0">
                    <properties>
                      <property name="retryIteration" value="0" />
                      <property name="repeatIteration" value="0" />
                    </properties>
                  </test-case>
                  <test-case id="1732" name="Interpolation_10HzCadence_ProducesSmoothTrajectory" fullname="GlobalFront.Tests.EditMode.Client.Presentation.UnitViewTickBufferTests.Interpolation_10HzCadence_ProducesSmoothTrajectory" methodname="Interpolation_10HzCadence_ProducesSmoothTrajectory" classname="GlobalFront.Tests.EditMode.Client.Presentation.UnitViewTickBufferTests" runstate="Runnable" seed="1679162093" result="Passed" start-time="2026-09-22 04:00:58Z" end-time="2026-09-22 04:00:58Z" duration="0.005680" asserts="0">
                    <properties>
                      <property name="retryIteration" value="0" />
                      <property name="repeatIteration" value="0" />
                    </properties>
                  </test-case>
                  <test-case id="1734" name="InvMaxHealth_ZeroHealth_NoNaN" fullname="GlobalFront.Tests.EditMode.Client.Presentation.UnitViewTickBufferTests.InvMaxHealth_ZeroHealth_NoNaN" methodname="InvMaxHealth_ZeroHealth_NoNaN" classname="GlobalFront.Tests.EditMode.Client.Presentation.UnitViewTickBufferTests" runstate="Runnable" seed="1562616213" result="Passed" start-time="2026-09-22 04:00:58Z" end-time="2026-09-22 04:00:58Z" duration="0.002794" asserts="0">
                    <properties>
                      <property name="retryIteration" value="0" />
                      <property name="repeatIteration" value="0" />
                    </properties>
                  </test-case>
                  <test-case id="1739" name="ReplicatedUnitKind_ResolvesTheHealthDenominator" fullname="GlobalFront.Tests.EditMode.Client.Presentation.UnitViewTickBufferTests.ReplicatedUnitKind_ResolvesTheHealthDenominator" methodname="ReplicatedUnitKind_ResolvesTheHealthDenominator" classname="GlobalFront.Tests.EditMode.Client.Presentation.UnitViewTickBufferTests" runstate="Runnable" seed="1023204249" result="Passed" start-time="2026-09-22 04:00:58Z" end-time="2026-09-22 04:00:58Z" duration="0.003519" asserts="0">
                    <properties>
                      <property name="retryIteration" value="0" />
                      <property name="repeatIteration" value="0" />
                    </properties>
                  </test-case>
                  <test-case id="1733" name="SafeAlpha_SingleSample_SnapsWithoutNaN" fullname="GlobalFront.Tests.EditMode.Client.Presentation.UnitViewTickBufferTests.SafeAlpha_SingleSample_SnapsWithoutNaN" methodname="SafeAlpha_SingleSample_SnapsWithoutNaN" classname="GlobalFront.Tests.EditMode.Client.Presentation.UnitViewTickBufferTests" runstate="Runnable" seed="1795111648" result="Passed" start-time="2026-09-22 04:00:58Z" end-time="2026-09-22 04:00:58Z" duration="0.004195" asserts="0">
                    <properties>
                      <property name="retryIteration" value="0" />
                      <property name="repeatIteration" value="0" />
                    </properties>
                  </test-case>
                  <test-case id="1735" name="StalePacket_DroppedSafely" fullname="GlobalFront.Tests.EditMode.Client.Presentation.UnitViewTickBufferTests.StalePacket_DroppedSafely" methodname="StalePacket_DroppedSafely" classname="GlobalFront.Tests.EditMode.Client.Presentation.UnitViewTickBufferTests" runstate="Runnable" seed="1293335249" result="Passed" start-time="2026-09-22 04:00:58Z" end-time="2026-09-22 04:00:58Z" duration="0.003341" asserts="0">
                    <properties>
                      <property name="retryIteration" value="0" />
                      <property name="repeatIteration" value="0" />
                    </properties>
                  </test-case>
                  <test-case id="1737" name="Yaw_Deadzone_PreventsJitterWhenIdle" fullname="GlobalFront.Tests.EditMode.Client.Presentation.UnitViewTickBufferTests.Yaw_Deadzone_PreventsJitterWhenIdle" methodname="Yaw_Deadzone_PreventsJitterWhenIdle" classname="GlobalFront.Tests.EditMode.Client.Presentation.UnitViewTickBufferTests" runstate="Runnable" seed="1796781447" result="Passed" start-time="2026-09-22 04:00:58Z" end-time="2026-09-22 04:00:58Z" duration="0.005738" asserts="0">
                    <properties>
                      <property name="retryIteration" value="0" />
                      <property name="repeatIteration" value="0" />
                    </properties>
                  </test-case>
                  <test-case id="1740" name="ZeroGC_SustainedOperation" fullname="GlobalFront.Tests.EditMode.Client.Presentation.UnitViewTickBufferTests.ZeroGC_SustainedOperation" methodname="ZeroGC_SustainedOperation" classname="GlobalFront.Tests.EditMode.Client.Presentation.UnitViewTickBufferTests" runstate="Runnable" seed="74374210" result="Passed" start-time="2026-09-22 04:00:58Z" end-time="2026-09-22 04:00:58Z" duration="0.018147" asserts="0">
                    <properties>
                      <property name="retryIteration" value="0" />
                      <property name="repeatIteration" value="0" />
                    </properties>
                  </test-case>
                </test-suite>
              </test-suite>
              <test-suite type="TestSuite" id="1761" name="Replication" fullname="GlobalFront.Tests.EditMode.Client.Replication" runstate="Runnable" testcasecount="131" result="Passed" start-time="2026-09-22 04:00:58Z" end-time="2026-09-22 04:00:59Z" duration="0.347390" total="131" passed="131" failed="0" inconclusive="0" skipped="0" asserts="0">
                <properties />
                <test-suite type="TestFixture" id="1595" name="ClientReplicationPipelineTests" fullname="GlobalFront.Tests.EditMode.Client.Replication.ClientReplicationPipelineTests" classname="GlobalFront.Tests.EditMode.Client.Replication.ClientReplicationPipelineTests" runstate="Runnable" testcasecount="6" result="Passed" start-time="2026-09-22 04:00:58Z" end-time="2026-09-22 04:00:58Z" duration="0.124459" total="6" passed="6" failed="0" inconclusive="0" skipped="0" asserts="0">
                  <properties />
                  <test-case id="1599" name="Pipeline_BaseBeyondTheRetainedWindow_ForcesAKeyframe" fullname="GlobalFront.Tests.EditMode.Client.Replication.ClientReplicationPipelineTests.Pipeline_BaseBeyondTheRetainedWindow_ForcesAKeyframe" methodname="Pipeline_BaseBeyondTheRetainedWindow_ForcesAKeyframe" classname="GlobalFront.Tests.EditMode.Client.Replication.ClientReplicationPipelineTests" runstate="Runnable" seed="200200692" result="Passed" start-time="2026-09-22 04:00:58Z" end-time="2026-09-22 04:00:58Z" duration="0.029350" asserts="0">
                    <properties>
                      <property name="retryIteration" value="0" />
                      <property name="repeatIteration" value="0" />
                    </properties>
                  </test-case>
                  <test-case id="1598" name="Pipeline_DependencyGap_ClientResumesAndTheServerAnswers" fullname="GlobalFront.Tests.EditMode.Client.Replication.ClientReplicationPipelineTests.Pipeline_DependencyGap_ClientResumesAndTheServerAnswers" methodname="Pipeline_DependencyGap_ClientResumesAndTheServerAnswers" classname="GlobalFront.Tests.EditMode.Client.Replication.ClientReplicationPipelineTests" runstate="Runnable" seed="1485607465" result="Passed" start-time="2026-09-22 04:00:58Z" end-time="2026-09-22 04:00:58Z" duration="0.022810" asserts="0">
                    <properties>
                      <property name="retryIteration" value="0" />
                      <property name="repeatIteration" value="0" />
                    </properties>
                  </test-case>
                  <test-case id="1601" name="Pipeline_FeedbackCarriesTheConfirmedTickBackToTheServer" fullname="GlobalFront.Tests.EditMode.Client.Replication.ClientReplicationPipelineTests.Pipeline_FeedbackCarriesTheConfirmedTickBackToTheServer" methodname="Pipeline_FeedbackCarriesTheConfirmedTickBackToTheServer" classname="GlobalFront.Tests.EditMode.Client.Replication.ClientReplicationPipelineTests" runstate="Runnable" seed="681583011" result="Passed" start-time="2026-09-22 04:00:58Z" end-time="2026-09-22 04:00:58Z" duration="0.018506" asserts="0">
                    <properties>
                      <property name="retryIteration" value="0" />
                      <property name="repeatIteration" value="0" />
                    </properties>
                  </test-case>
                  <test-case id="1596" name="Pipeline_KeyframeThenDeltaStream_ReproducesTheAuthoritativeWorld" fullname="GlobalFront.Tests.EditMode.Client.Replication.ClientReplicationPipelineTests.Pipeline_KeyframeThenDeltaStream_ReproducesTheAuthoritativeWorld" methodname="Pipeline_KeyframeThenDeltaStream_ReproducesTheAuthoritativeWorld" classname="GlobalFront.Tests.EditMode.Client.Replication.ClientReplicationPipelineTests" runstate="Runnable" seed="832882560" result="Passed" start-time="2026-09-22 04:00:58Z" end-time="2026-09-22 04:00:58Z" duration="0.014330" asserts="0">
                    <properties>
                      <property name="retryIteration" value="0" />
                      <property name="repeatIteration" value="0" />
                    </properties>
                  </test-case>
                  <test-case id="1597" name="Pipeline_LostTicks_ReconvergeThroughOneCumulativeDelta" fullname="GlobalFront.Tests.EditMode.Client.Replication.ClientReplicationPipelineTests.Pipeline_LostTicks_ReconvergeThroughOneCumulativeDelta" methodname="Pipeline_LostTicks_ReconvergeThroughOneCumulativeDelta" classname="GlobalFront.Tests.EditMode.Client.Replication.ClientReplicationPipelineTests" runstate="Runnable" seed="348975664" result="Passed" start-time="2026-09-22 04:00:58Z" end-time="2026-09-22 04:00:58Z" duration="0.030625" asserts="0">
                    <properties>
                      <property name="retryIteration" value="0" />
                      <property name="repeatIteration" value="0" />
                    </properties>
                  </test-case>
                  <test-case id="1600" name="Pipeline_UnitBornAndDiedInsideTheWindow_LeavesNoGhost" fullname="GlobalFront.Tests.EditMode.Client.Replication.ClientReplicationPipelineTests.Pipeline_UnitBornAndDiedInsideTheWindow_LeavesNoGhost" methodname="Pipeline_UnitBornAndDiedInsideTheWindow_LeavesNoGhost" classname="GlobalFront.Tests.EditMode.Client.Replication.ClientReplicationPipelineTests" runstate="Runnable" seed="1361028677" result="Passed" start-time="2026-09-22 04:00:58Z" end-time="2026-09-22 04:00:58Z" duration="0.002834" asserts="0">
                    <properties>
                      <property name="retryIteration" value="0" />
                      <property name="repeatIteration" value="0" />
                    </properties>
                  </test-case>
                </test-suite>
                <test-suite type="TestFixture" id="1602" name="ClientReplicationReceiverTests" fullname="GlobalFront.Tests.EditMode.Client.Replication.ClientReplicationReceiverTests" classname="GlobalFront.Tests.EditMode.Client.Replication.ClientReplicationReceiverTests" runstate="Runnable" testcasecount="27" result="Passed" start-time="2026-09-22 04:00:58Z" end-time="2026-09-22 04:00:59Z" duration="0.064493" total="27" passed="27" failed="0" inconclusive="0" skipped="0" asserts="0">
                  <properties />
                  <test-case id="1625" name="Constructor_RejectsInvalidArguments" fullname="GlobalFront.Tests.EditMode.Client.Replication.ClientReplicationReceiverTests.Constructor_RejectsInvalidArguments" methodname="Constructor_RejectsInvalidArguments" classname="GlobalFront.Tests.EditMode.Client.Replication.ClientReplicationReceiverTests" runstate="Runnable" seed="1889815626" result="Passed" start-time="2026-09-22 04:00:58Z" end-time="2026-09-22 04:00:58Z" duration="0.001601" asserts="0">
                    <properties>
                      <property name="retryIteration" value="0" />
                      <property name="repeatIteration" value="0" />
                    </properties>
                  </test-case>
                  <test-case id="1626" name="DefaultConstructor_UsesTheDocumentedDefaults" fullname="GlobalFront.Tests.EditMode.Client.Replication.ClientReplicationReceiverTests.DefaultConstructor_UsesTheDocumentedDefaults" methodname="DefaultConstructor_UsesTheDocumentedDefaults" classname="GlobalFront.Tests.EditMode.Client.Replication.ClientReplicationReceiverTests" runstate="Runnable" seed="989789078" result="Passed" start-time="2026-09-22 04:00:58Z" end-time="2026-09-22 04:00:58Z" duration="0.000803" asserts="0">
                    <properties>
                      <property name="retryIteration" value="0" />
                      <property name="repeatIteration" value="0" />
                    </properties>
                  </test-case>
                  <test-case id="1627" name="GcAllocationRecorder_ObservesKnownAllocation_Control" fullname="GlobalFront.Tests.EditMode.Client.Replication.ClientReplicationReceiverTests.GcAllocationRecorder_ObservesKnownAllocation_Control" methodname="GcAllocationRecorder_ObservesKnownAllocation_Control" classname="GlobalFront.Tests.EditMode.Client.Replication.ClientReplicationReceiverTests" runstate="Runnable" seed="1674319452" result="Passed" start-time="2026-09-22 04:00:58Z" end-time="2026-09-22 04:00:58Z" duration="0.000722" asserts="0">
                    <properties>
                      <property name="retryIteration" value="0" />
                      <property name="repeatIteration" value="0" />
                    </properties>
                  </test-case>
                  <test-case id="1607" name="ReceiveDelta_AcrossLostIntermediateTicks_Converges" fullname="GlobalFront.Tests.EditMode.Client.Replication.ClientReplicationReceiverTests.ReceiveDelta_AcrossLostIntermediateTicks_Converges" methodname="ReceiveDelta_AcrossLostIntermediateTicks_Converges" classname="GlobalFront.Tests.EditMode.Client.Replication.ClientReplicationReceiverTests" runstate="Runnable" seed="1863860744" result="Passed" start-time="2026-09-22 04:00:58Z" end-time="2026-09-22 04:00:58Z" duration="0.001759" asserts="0">
                    <properties>
                      <property name="retryIteration" value="0" />
                      <property name="repeatIteration" value="0" />
                    </properties>
                  </test-case>
                  <test-case id="1621" name="ReceiveDelta_AfterTerminalFailure_IsRejected" fullname="GlobalFront.Tests.EditMode.Client.Replication.ClientReplicationReceiverTests.ReceiveDelta_AfterTerminalFailure_IsRejected" methodname="ReceiveDelta_AfterTerminalFailure_IsRejected" classname="GlobalFront.Tests.EditMode.Client.Replication.ClientReplicationReceiverTests" runstate="Runnable" seed="31497649" result="Passed" start-time="2026-09-22 04:00:58Z" end-time="2026-09-22 04:00:58Z" duration="0.001036" asserts="0">
                    <properties>
                      <property name="retryIteration" value="0" />
                      <property name="repeatIteration" value="0" />
                    </properties>
                  </test-case>
                  <test-case id="1606" name="ReceiveDelta_AppliesEverySectionInWireOrder" fullname="GlobalFront.Tests.EditMode.Client.Replication.ClientReplicationReceiverTests.ReceiveDelta_AppliesEverySectionInWireOrder" methodname="ReceiveDelta_AppliesEverySectionInWireOrder" classname="GlobalFront.Tests.EditMode.Client.Replication.ClientReplicationReceiverTests" runstate="Runnable" seed="886157051" result="Passed" start-time="2026-09-22 04:00:58Z" end-time="2026-09-22 04:00:58Z" duration="0.001745" asserts="0">
                    <properties>
                      <property name="retryIteration" value="0" />
                      <property name="repeatIteration" value="0" />
                    </properties>
                  </test-case>
                  <test-case id="1612" name="ReceiveDelta_CumulativeAnswer_RestoresStreamingAndClearsTheGap" fullname="GlobalFront.Tests.EditMode.Client.Replication.ClientReplicationReceiverTests.ReceiveDelta_CumulativeAnswer_RestoresStreamingAndClearsTheGap" methodname="ReceiveDelta_CumulativeAnswer_RestoresStreamingAndClearsTheGap" classname="GlobalFront.Tests.EditMode.Client.Replication.ClientReplicationReceiverTests" runstate="Runnable" seed="7606584" result="Passed" start-time="2026-09-22 04:00:58Z" end-time="2026-09-22 04:00:58Z" duration="0.001663" asserts="0">
                    <properties>
                      <property name="retryIteration" value="0" />
                      <property name="repeatIteration" value="0" />
                    </properties>
                  </test-case>
                  <test-case id="1611" name="ReceiveDelta_DependencyGap_AsksForACumulativeDeltaAndReportsIt" fullname="GlobalFront.Tests.EditMode.Client.Replication.ClientReplicationReceiverTests.ReceiveDelta_DependencyGap_AsksForACumulativeDeltaAndReportsIt" methodname="ReceiveDelta_DependencyGap_AsksForACumulativeDeltaAndReportsIt" classname="GlobalFront.Tests.EditMode.Client.Replication.ClientReplicationReceiverTests" runstate="Runnable" seed="167843791" result="Passed" start-time="2026-09-22 04:00:58Z" end-time="2026-09-22 04:00:59Z" duration="0.002390" asserts="0">
                    <properties>
                      <property name="retryIteration" value="0" />
                      <property name="repeatIteration" value="0" />
                    </properties>
                  </test-case>
                  <test-case id="1613" name="ReceiveDelta_GapBeyondTheWindow_AsksForAFreshKeyframe" fullname="GlobalFront.Tests.EditMode.Client.Replication.ClientReplicationReceiverTests.ReceiveDelta_GapBeyondTheWindow_AsksForAFreshKeyframe" methodname="ReceiveDelta_GapBeyondTheWindow_AsksForAFreshKeyframe" classname="GlobalFront.Tests.EditMode.Client.Replication.ClientReplicationReceiverTests" runstate="Runnable" seed="1028833321" result="Passed" start-time="2026-09-22 04:00:59Z" end-time="2026-09-22 04:00:59Z" duration="0.001101" asserts="0">
                    <properties>
                      <property name="retryIteration" value="0" />
                      <property name="repeatIteration" value="0" />
                    </properties>
                  </test-case>
                  <test-case id="1614" name="ReceiveDelta_KeyframeMismatch_AsksForAFreshKeyframe" fullname="GlobalFront.Tests.EditMode.Client.Replication.ClientReplicationReceiverTests.ReceiveDelta_KeyframeMismatch_AsksForAFreshKeyframe" methodname="ReceiveDelta_KeyframeMismatch_AsksForAFreshKeyframe" classname="GlobalFront.Tests.EditMode.Client.Replication.ClientReplicationReceiverTests" runstate="Runnable" seed="1814365113" result="Passed" start-time="2026-09-22 04:00:59Z" end-time="2026-09-22 04:00:59Z" duration="0.000902" asserts="0">
                    <properties>
                      <property name="retryIteration" value="0" />
                      <property name="repeatIteration" value="0" />
                    </properties>
                  </test-case>
                  <test-case id="1620" name="ReceiveDelta_MultipartTick_IsNotAppliedBeforeAssembly" fullname="GlobalFront.Tests.EditMode.Client.Replication.ClientReplicationReceiverTests.ReceiveDelta_MultipartTick_IsNotAppliedBeforeAssembly" methodname="ReceiveDelta_MultipartTick_IsNotAppliedBeforeAssembly" classname="GlobalFront.Tests.EditMode.Client.Replication.ClientReplicationReceiverTests" runstate="Runnable" seed="471360371" result="Passed" start-time="2026-09-22 04:00:59Z" end-time="2026-09-22 04:00:59Z" duration="0.001425" asserts="0">
                    <properties>
                      <property name="retryIteration" value="0" />
                      <property name="repeatIteration" value="0" />
                    </properties>
                  </test-case>
                  <test-case id="1610" name="ReceiveDelta_OD14Clear_PropagatesIntoTheClientWorld" fullname="GlobalFront.Tests.EditMode.Client.Replication.ClientReplicationReceiverTests.ReceiveDelta_OD14Clear_PropagatesIntoTheClientWorld" methodname="ReceiveDelta_OD14Clear_PropagatesIntoTheClientWorld" classname="GlobalFront.Tests.EditMode.Client.Replication.ClientReplicationReceiverTests" runstate="Runnable" seed="1596408133" result="Passed" start-time="2026-09-22 04:00:59Z" end-time="2026-09-22 04:00:59Z" duration="0.002089" asserts="0">
                    <properties>
                      <property name="retryIteration" value="0" />
                      <property name="repeatIteration" value="0" />
                    </properties>
                  </test-case>
                  <test-case id="1619" name="ReceiveDelta_SinkShorterThanTheDeclaredCounts_IsRejected" fullname="GlobalFront.Tests.EditMode.Client.Replication.ClientReplicationReceiverTests.ReceiveDelta_SinkShorterThanTheDeclaredCounts_IsRejected" methodname="ReceiveDelta_SinkShorterThanTheDeclaredCounts_IsRejected" classname="GlobalFront.Tests.EditMode.Client.Replication.ClientReplicationReceiverTests" runstate="Runnable" seed="987598625" result="Passed" start-time="2026-09-22 04:00:59Z" end-time="2026-09-22 04:00:59Z" duration="0.001453" asserts="0">
                    <properties>
                      <property name="retryIteration" value="0" />
                      <property name="repeatIteration" value="0" />
                    </properties>
                  </test-case>
                  <test-case id="1608" name="ReceiveDelta_StalePacket_LeavesTheWorldUntouched" fullname="GlobalFront.Tests.EditMode.Client.Replication.ClientReplicationReceiverTests.ReceiveDelta_StalePacket_LeavesTheWorldUntouched" methodname="ReceiveDelta_StalePacket_LeavesTheWorldUntouched" classname="GlobalFront.Tests.EditMode.Client.Replication.ClientReplicationReceiverTests" runstate="Runnable" seed="864432199" result="Passed" start-time="2026-09-22 04:00:59Z" end-time="2026-09-22 04:00:59Z" duration="0.003820" asserts="0">
                    <properties>
                      <property name="retryIteration" value="0" />
                      <property name="repeatIteration" value="0" />
                    </properties>
                  </test-case>
                  <test-case id="1609" name="ReceiveDelta_TombstoneEcho_IsAppliedIdempotently" fullname="GlobalFront.Tests.EditMode.Client.Replication.ClientReplicationReceiverTests.ReceiveDelta_TombstoneEcho_IsAppliedIdempotently" methodname="ReceiveDelta_TombstoneEcho_IsAppliedIdempotently" classname="GlobalFront.Tests.EditMode.Client.Replication.ClientReplicationReceiverTests" runstate="Runnable" seed="431460669" result="Passed" start-time="2026-09-22 04:00:59Z" end-time="2026-09-22 04:00:59Z" duration="0.001815" asserts="0">
                    <properties>
                      <property name="retryIteration" value="0" />
                      <property name="repeatIteration" value="0" />
                    </properties>
                  </test-case>
                  <test-case id="1618" name="ReceiveDelta_UnsupportedDeltaVersion_IsRejected" fullname="GlobalFront.Tests.EditMode.Client.Replication.ClientReplicationReceiverTests.ReceiveDelta_UnsupportedDeltaVersion_IsRejected" methodname="ReceiveDelta_UnsupportedDeltaVersion_IsRejected" classname="GlobalFront.Tests.EditMode.Client.Replication.ClientReplicationReceiverTests" runstate="Runnable" seed="180899927" result="Passed" start-time="2026-09-22 04:00:59Z" end-time="2026-09-22 04:00:59Z" duration="0.000642" asserts="0">
                    <properties>
                      <property name="retryIteration" value="0" />
                      <property name="repeatIteration" value="0" />
                    </properties>
                  </test-case>
                  <test-case id="1615" name="ReceiveDelta_UpdateForUnknownEntity_ReportsAnInconsistentWorld" fullname="GlobalFront.Tests.EditMode.Client.Replication.ClientReplicationReceiverTests.ReceiveDelta_UpdateForUnknownEntity_ReportsAnInconsistentWorld" methodname="ReceiveDelta_UpdateForUnknownEntity_ReportsAnInconsistentWorld" classname="GlobalFront.Tests.EditMode.Client.Replication.ClientReplicationReceiverTests" runstate="Runnable" seed="753629517" result="Passed" start-time="2026-09-22 04:00:59Z" end-time="2026-09-22 04:00:59Z" duration="0.001827" asserts="0">
                    <properties>
                      <property name="retryIteration" value="0" />
                      <property name="repeatIteration" value="0" />
                    </properties>
                  </test-case>
                  <test-case id="1616" name="ReceiveDelta_WorldOverflow_ReportsCapacityWithoutTouchingTheWorld" fullname="GlobalFront.Tests.EditMode.Client.Replication.ClientReplicationReceiverTests.ReceiveDelta_WorldOverflow_ReportsCapacityWithoutTouchingTheWorld" methodname="ReceiveDelta_WorldOverflow_ReportsCapacityWithoutTouchingTheWorld" classname="GlobalFront.Tests.EditMode.Client.Replication.ClientReplicationReceiverTests" runstate="Runnable" seed="2019361076" result="Passed" start-time="2026-09-22 04:00:59Z" end-time="2026-09-22 04:00:59Z" duration="0.001145" asserts="0">
                    <properties>
                      <property name="retryIteration" value="0" />
                      <property name="repeatIteration" value="0" />
                    </properties>
                  </test-case>
                  <test-case id="1617" name="ReceiveDelta_WrongMessageType_IsRejected" fullname="GlobalFront.Tests.EditMode.Client.Replication.ClientReplicationReceiverTests.ReceiveDelta_WrongMessageType_IsRejected" methodname="ReceiveDelta_WrongMessageType_IsRejected" classname="GlobalFront.Tests.EditMode.Client.Replication.ClientReplicationReceiverTests" runstate="Runnable" seed="947240293" result="Passed" start-time="2026-09-22 04:00:59Z" end-time="2026-09-22 04:00:59Z" duration="0.001076" asserts="0">
                    <properties>
                      <property name="retryIteration" value="0" />
                      <property name="repeatIteration" value="0" />
                    </properties>
                  </test-case>
                  <test-case id="1605" name="ReceiveKeyframe_BeyondWorldCapacity_ReportsTheOverflow" fullname="GlobalFront.Tests.EditMode.Client.Replication.ClientReplicationReceiverTests.ReceiveKeyframe_BeyondWorldCapacity_ReportsTheOverflow" methodname="ReceiveKeyframe_BeyondWorldCapacity_ReportsTheOverflow" classname="GlobalFront.Tests.EditMode.Client.Replication.ClientReplicationReceiverTests" runstate="Runnable" seed="337506782" result="Passed" start-time="2026-09-22 04:00:59Z" end-time="2026-09-22 04:00:59Z" duration="0.001034" asserts="0">
                    <properties>
                      <property name="retryIteration" value="0" />
                      <property name="repeatIteration" value="0" />
                    </properties>
                  </test-case>
                  <test-case id="1603" name="ReceiveKeyframe_InstallsTheBaselineAndTheWholeWorld" fullname="GlobalFront.Tests.EditMode.Client.Replication.ClientReplicationReceiverTests.ReceiveKeyframe_InstallsTheBaselineAndTheWholeWorld" methodname="ReceiveKeyframe_InstallsTheBaselineAndTheWholeWorld" classname="GlobalFront.Tests.EditMode.Client.Replication.ClientReplicationReceiverTests" runstate="Runnable" seed="11441040" result="Passed" start-time="2026-09-22 04:00:59Z" end-time="2026-09-22 04:00:59Z" duration="0.003996" asserts="0">
                    <properties>
                      <property name="retryIteration" value="0" />
                      <property name="repeatIteration" value="0" />
                    </properties>
                  </test-case>
                  <test-case id="1604" name="ReceiveKeyframe_ReplacesThePreviousWorld" fullname="GlobalFront.Tests.EditMode.Client.Replication.ClientReplicationReceiverTests.ReceiveKeyframe_ReplacesThePreviousWorld" methodname="ReceiveKeyframe_ReplacesThePreviousWorld" classname="GlobalFront.Tests.EditMode.Client.Replication.ClientReplicationReceiverTests" runstate="Runnable" seed="1505424036" result="Passed" start-time="2026-09-22 04:00:59Z" end-time="2026-09-22 04:00:59Z" duration="0.001926" asserts="0">
                    <properties>
                      <property name="retryIteration" value="0" />
                      <property name="repeatIteration" value="0" />
                    </properties>
                  </test-case>
                  <test-case id="1629" name="Receiver_CatchUpAndRebasePath_DoesNotAllocate" fullname="GlobalFront.Tests.EditMode.Client.Replication.ClientReplicationReceiverTests.Receiver_CatchUpAndRebasePath_DoesNotAllocate" methodname="Receiver_CatchUpAndRebasePath_DoesNotAllocate" classname="GlobalFront.Tests.EditMode.Client.Replication.ClientReplicationReceiverTests" runstate="Runnable" seed="1505700711" result="Passed" start-time="2026-09-22 04:00:59Z" end-time="2026-09-22 04:00:59Z" duration="0.001823" asserts="0">
                    <properties>
                      <property name="retryIteration" value="0" />
                      <property name="repeatIteration" value="0" />
                    </properties>
                  </test-case>
                  <test-case id="1628" name="Receiver_DeltaStreamHotPath_DoesNotAllocate" fullname="GlobalFront.Tests.EditMode.Client.Replication.ClientReplicationReceiverTests.Receiver_DeltaStreamHotPath_DoesNotAllocate" methodname="Receiver_DeltaStreamHotPath_DoesNotAllocate" classname="GlobalFront.Tests.EditMode.Client.Replication.ClientReplicationReceiverTests" runstate="Runnable" seed="738870511" result="Passed" start-time="2026-09-22 04:00:59Z" end-time="2026-09-22 04:00:59Z" duration="0.007451" asserts="0">
                    <properties>
                      <property name="retryIteration" value="0" />
                      <property name="repeatIteration" value="0" />
                    </properties>
                  </test-case>
                  <test-case id="1624" name="Reset_ClearsWorldStateMachineAndFeedback" fullname="GlobalFront.Tests.EditMode.Client.Replication.ClientReplicationReceiverTests.Reset_ClearsWorldStateMachineAndFeedback" methodname="Reset_ClearsWorldStateMachineAndFeedback" classname="GlobalFront.Tests.EditMode.Client.Replication.ClientReplicationReceiverTests" runstate="Runnable" seed="1244089120" result="Passed" start-time="2026-09-22 04:00:59Z" end-time="2026-09-22 04:00:59Z" duration="0.001641" asserts="0">
                    <properties>
                      <property name="retryIteration" value="0" />
                      <property name="repeatIteration" value="0" />
                    </properties>
                  </test-case>
                  <test-case id="1623" name="TryTakeAck_PacesTheFeedbackAtTheBaseCadence" fullname="GlobalFront.Tests.EditMode.Client.Replication.ClientReplicationReceiverTests.TryTakeAck_PacesTheFeedbackAtTheBaseCadence" methodname="TryTakeAck_PacesTheFeedbackAtTheBaseCadence" classname="GlobalFront.Tests.EditMode.Client.Replication.ClientReplicationReceiverTests" runstate="Runnable" seed="486468267" result="Passed" start-time="2026-09-22 04:00:59Z" end-time="2026-09-22 04:00:59Z" duration="0.001741" asserts="0">
                    <properties>
                      <property name="retryIteration" value="0" />
                      <property name="repeatIteration" value="0" />
                    </properties>
                  </test-case>
                  <test-case id="1622" name="Update_DrivesTheBaselineRequestSchedule" fullname="GlobalFront.Tests.EditMode.Client.Replication.ClientReplicationReceiverTests.Update_DrivesTheBaselineRequestSchedule" methodname="Update_DrivesTheBaselineRequestSchedule" classname="GlobalFront.Tests.EditMode.Client.Replication.ClientReplicationReceiverTests" runstate="Runnable" seed="1241117751" result="Passed" start-time="2026-09-22 04:00:59Z" end-time="2026-09-22 04:00:59Z" duration="0.001356" asserts="0">
                    <properties>
                      <property name="retryIteration" value="0" />
                      <property name="repeatIteration" value="0" />
                    </properties>
                  </test-case>
                </test-suite>
                <test-suite type="TestFixture" id="1630" name="ClientReplicationWorldTests" fullname="GlobalFront.Tests.EditMode.Client.Replication.ClientReplicationWorldTests" classname="GlobalFront.Tests.EditMode.Client.Replication.ClientReplicationWorldTests" runstate="Runnable" testcasecount="38" result="Passed" start-time="2026-09-22 04:00:59Z" end-time="2026-09-22 04:00:59Z" duration="0.061578" total="38" passed="38" failed="0" inconclusive="0" skipped="0" asserts="0">
                  <properties />
                  <test-case id="1667" name="Add_InstallsUnitKind" fullname="GlobalFront.Tests.EditMode.Client.Replication.ClientReplicationWorldTests.Add_InstallsUnitKind" methodname="Add_InstallsUnitKind" classname="GlobalFront.Tests.EditMode.Client.Replication.ClientReplicationWorldTests" runstate="Runnable" seed="618076191" result="Passed" start-time="2026-09-22 04:00:59Z" end-time="2026-09-22 04:00:59Z" duration="0.001075" asserts="0">
                    <properties>
                      <property name="retryIteration" value="0" />
                      <property name="repeatIteration" value="0" />
                    </properties>
                  </test-case>
                  <test-case id="1636" name="ApplyAdd_AfterRemoval_ReusesTheFreedSlotWithoutGrowing" fullname="GlobalFront.Tests.EditMode.Client.Replication.ClientReplicationWorldTests.ApplyAdd_AfterRemoval_ReusesTheFreedSlotWithoutGrowing" methodname="ApplyAdd_AfterRemoval_ReusesTheFreedSlotWithoutGrowing" classname="GlobalFront.Tests.EditMode.Client.Replication.ClientReplicationWorldTests" runstate="Runnable" seed="818212104" result="Passed" start-time="2026-09-22 04:00:59Z" end-time="2026-09-22 04:00:59Z" duration="0.001283" asserts="0">
                    <properties>
                      <property name="retryIteration" value="0" />
                      <property name="repeatIteration" value="0" />
                    </properties>
                  </test-case>
                  <test-case id="1635" name="ApplyAdd_BeyondCapacity_IsRejectedAndCountsTheReject" fullname="GlobalFront.Tests.EditMode.Client.Replication.ClientReplicationWorldTests.ApplyAdd_BeyondCapacity_IsRejectedAndCountsTheReject" methodname="ApplyAdd_BeyondCapacity_IsRejectedAndCountsTheReject" classname="GlobalFront.Tests.EditMode.Client.Replication.ClientReplicationWorldTests" runstate="Runnable" seed="1228656884" result="Passed" start-time="2026-09-22 04:00:59Z" end-time="2026-09-22 04:00:59Z" duration="0.001001" asserts="0">
                    <properties>
                      <property name="retryIteration" value="0" />
                      <property name="repeatIteration" value="0" />
                    </properties>
                  </test-case>
                  <test-case id="1631" name="ApplyAdd_InstallsEveryFieldBitExact" fullname="GlobalFront.Tests.EditMode.Client.Replication.ClientReplicationWorldTests.ApplyAdd_InstallsEveryFieldBitExact" methodname="ApplyAdd_InstallsEveryFieldBitExact" classname="GlobalFront.Tests.EditMode.Client.Replication.ClientReplicationWorldTests" runstate="Runnable" seed="427925960" result="Passed" start-time="2026-09-22 04:00:59Z" end-time="2026-09-22 04:00:59Z" duration="0.002066" asserts="0">
                    <properties>
                      <property name="retryIteration" value="0" />
                      <property name="repeatIteration" value="0" />
                    </properties>
                  </test-case>
                  <test-case id="1634" name="ApplyAdd_InvalidEntityId_IsRejected" fullname="GlobalFront.Tests.EditMode.Client.Replication.ClientReplicationWorldTests.ApplyAdd_InvalidEntityId_IsRejected" methodname="ApplyAdd_InvalidEntityId_IsRejected" classname="GlobalFront.Tests.EditMode.Client.Replication.ClientReplicationWorldTests" runstate="Runnable" seed="189850538" result="Passed" start-time="2026-09-22 04:00:59Z" end-time="2026-09-22 04:00:59Z" duration="0.000662" asserts="0">
                    <properties>
                      <property name="retryIteration" value="0" />
                      <property name="repeatIteration" value="0" />
                    </properties>
                  </test-case>
                  <test-case id="1633" name="ApplyAdd_SameEntityTwice_IsRejectedAndKeepsTheFirstState" fullname="GlobalFront.Tests.EditMode.Client.Replication.ClientReplicationWorldTests.ApplyAdd_SameEntityTwice_IsRejectedAndKeepsTheFirstState" methodname="ApplyAdd_SameEntityTwice_IsRejectedAndKeepsTheFirstState" classname="GlobalFront.Tests.EditMode.Client.Replication.ClientReplicationWorldTests" runstate="Runnable" seed="1418710508" result="Passed" start-time="2026-09-22 04:00:59Z" end-time="2026-09-22 04:00:59Z" duration="0.000935" asserts="0">
                    <properties>
                      <property name="retryIteration" value="0" />
                      <property name="repeatIteration" value="0" />
                    </properties>
                  </test-case>
                  <test-case id="1632" name="ApplyAdd_WithoutMoveTarget_StoresZeroedTargetCoordinates" fullname="GlobalFront.Tests.EditMode.Client.Replication.ClientReplicationWorldTests.ApplyAdd_WithoutMoveTarget_StoresZeroedTargetCoordinates" methodname="ApplyAdd_WithoutMoveTarget_StoresZeroedTargetCoordinates" classname="GlobalFront.Tests.EditMode.Client.Replication.ClientReplicationWorldTests" runstate="Runnable" seed="500545404" result="Passed" start-time="2026-09-22 04:00:59Z" end-time="2026-09-22 04:00:59Z" duration="0.000746" asserts="0">
                    <properties>
                      <property name="retryIteration" value="0" />
                      <property name="repeatIteration" value="0" />
                    </properties>
                  </test-case>
                  <test-case id="1653" name="ApplyRemove_DestroyedUnit_DropsItFromTheTable" fullname="GlobalFront.Tests.EditMode.Client.Replication.ClientReplicationWorldTests.ApplyRemove_DestroyedUnit_DropsItFromTheTable" methodname="ApplyRemove_DestroyedUnit_DropsItFromTheTable" classname="GlobalFront.Tests.EditMode.Client.Replication.ClientReplicationWorldTests" runstate="Runnable" seed="1085674010" result="Passed" start-time="2026-09-22 04:00:59Z" end-time="2026-09-22 04:00:59Z" duration="0.000964" asserts="0">
                    <properties>
                      <property name="retryIteration" value="0" />
                      <property name="repeatIteration" value="0" />
                    </properties>
                  </test-case>
                  <test-case id="1654" name="ApplyRemove_FogOfWarHidden_IsCountedSeparately" fullname="GlobalFront.Tests.EditMode.Client.Replication.ClientReplicationWorldTests.ApplyRemove_FogOfWarHidden_IsCountedSeparately" methodname="ApplyRemove_FogOfWarHidden_IsCountedSeparately" classname="GlobalFront.Tests.EditMode.Client.Replication.ClientReplicationWorldTests" runstate="Runnable" seed="31494328" result="Passed" start-time="2026-09-22 04:00:59Z" end-time="2026-09-22 04:00:59Z" duration="0.000613" asserts="0">
                    <properties>
                      <property name="retryIteration" value="0" />
                      <property name="repeatIteration" value="0" />
                    </properties>
                  </test-case>
                  <test-case id="1657" name="ApplyRemove_InvalidEntityId_IsRejected" fullname="GlobalFront.Tests.EditMode.Client.Replication.ClientReplicationWorldTests.ApplyRemove_InvalidEntityId_IsRejected" methodname="ApplyRemove_InvalidEntityId_IsRejected" classname="GlobalFront.Tests.EditMode.Client.Replication.ClientReplicationWorldTests" runstate="Runnable" seed="1270846013" result="Passed" start-time="2026-09-22 04:00:59Z" end-time="2026-09-22 04:00:59Z" duration="0.000558" asserts="0">
                    <properties>
                      <property name="retryIteration" value="0" />
                      <property name="repeatIteration" value="0" />
                    </properties>
                  </test-case>
                  <test-case id="1656" name="ApplyRemove_Twice_ReportsTheSecondAsUnknown" fullname="GlobalFront.Tests.EditMode.Client.Replication.ClientReplicationWorldTests.ApplyRemove_Twice_ReportsTheSecondAsUnknown" methodname="ApplyRemove_Twice_ReportsTheSecondAsUnknown" classname="GlobalFront.Tests.EditMode.Client.Replication.ClientReplicationWorldTests" runstate="Runnable" seed="1793738979" result="Passed" start-time="2026-09-22 04:00:59Z" end-time="2026-09-22 04:00:59Z" duration="0.000642" asserts="0">
                    <properties>
                      <property name="retryIteration" value="0" />
                      <property name="repeatIteration" value="0" />
                    </properties>
                  </test-case>
                  <test-case id="1655" name="ApplyRemove_UnknownEntity_IsAnIdempotentNoOp" fullname="GlobalFront.Tests.EditMode.Client.Replication.ClientReplicationWorldTests.ApplyRemove_UnknownEntity_IsAnIdempotentNoOp" methodname="ApplyRemove_UnknownEntity_IsAnIdempotentNoOp" classname="GlobalFront.Tests.EditMode.Client.Replication.ClientReplicationWorldTests" runstate="Runnable" seed="76968856" result="Passed" start-time="2026-09-22 04:00:59Z" end-time="2026-09-22 04:00:59Z" duration="0.000771" asserts="0">
                    <properties>
                      <property name="retryIteration" value="0" />
                      <property name="repeatIteration" value="0" />
                    </properties>
                  </test-case>
                  <test-case id="1649" name="ApplyUpdate_ArmedTargetWithBothBits_SetsFlagAndCoordinates" fullname="GlobalFront.Tests.EditMode.Client.Replication.ClientReplicationWorldTests.ApplyUpdate_ArmedTargetWithBothBits_SetsFlagAndCoordinates" methodname="ApplyUpdate_ArmedTargetWithBothBits_SetsFlagAndCoordinates" classname="GlobalFront.Tests.EditMode.Client.Replication.ClientReplicationWorldTests" runstate="Runnable" seed="1601846519" result="Passed" start-time="2026-09-22 04:00:59Z" end-time="2026-09-22 04:00:59Z" duration="0.000695" asserts="0">
                    <properties>
                      <property name="retryIteration" value="0" />
                      <property name="repeatIteration" value="0" />
                    </properties>
                  </test-case>
                  <test-case id="1642" name="ApplyUpdate_AttackTargetBit_ChangesOnlyTheAttackTarget" fullname="GlobalFront.Tests.EditMode.Client.Replication.ClientReplicationWorldTests.ApplyUpdate_AttackTargetBit_ChangesOnlyTheAttackTarget" methodname="ApplyUpdate_AttackTargetBit_ChangesOnlyTheAttackTarget" classname="GlobalFront.Tests.EditMode.Client.Replication.ClientReplicationWorldTests" runstate="Runnable" seed="1091250386" result="Passed" start-time="2026-09-22 04:00:59Z" end-time="2026-09-22 04:00:59Z" duration="0.001918" asserts="0">
                    <properties>
                      <property name="retryIteration" value="0" />
                      <property name="repeatIteration" value="0" />
                    </properties>
                  </test-case>
                  <test-case id="1643" name="ApplyUpdate_AutoAcquireBit_ChangesOnlyTheFlag" fullname="GlobalFront.Tests.EditMode.Client.Replication.ClientReplicationWorldTests.ApplyUpdate_AutoAcquireBit_ChangesOnlyTheFlag" methodname="ApplyUpdate_AutoAcquireBit_ChangesOnlyTheFlag" classname="GlobalFront.Tests.EditMode.Client.Replication.ClientReplicationWorldTests" runstate="Runnable" seed="385831755" result="Passed" start-time="2026-09-22 04:00:59Z" end-time="2026-09-22 04:00:59Z" duration="0.000930" asserts="0">
                    <properties>
                      <property name="retryIteration" value="0" />
                      <property name="repeatIteration" value="0" />
                    </properties>
                  </test-case>
                  <test-case id="1644" name="ApplyUpdate_EmptyMask_ChangesNothing" fullname="GlobalFront.Tests.EditMode.Client.Replication.ClientReplicationWorldTests.ApplyUpdate_EmptyMask_ChangesNothing" methodname="ApplyUpdate_EmptyMask_ChangesNothing" classname="GlobalFront.Tests.EditMode.Client.Replication.ClientReplicationWorldTests" runstate="Runnable" seed="1774254381" result="Passed" start-time="2026-09-22 04:00:59Z" end-time="2026-09-22 04:00:59Z" duration="0.001653" asserts="0">
                    <properties>
                      <property name="retryIteration" value="0" />
                      <property name="repeatIteration" value="0" />
                    </properties>
                  </test-case>
                  <test-case id="1645" name="ApplyUpdate_FullMask_InstallsEveryTransmittedField" fullname="GlobalFront.Tests.EditMode.Client.Replication.ClientReplicationWorldTests.ApplyUpdate_FullMask_InstallsEveryTransmittedField" methodname="ApplyUpdate_FullMask_InstallsEveryTransmittedField" classname="GlobalFront.Tests.EditMode.Client.Replication.ClientReplicationWorldTests" runstate="Runnable" seed="691179030" result="Passed" start-time="2026-09-22 04:00:59Z" end-time="2026-09-22 04:00:59Z" duration="0.001691" asserts="0">
                    <properties>
                      <property name="retryIteration" value="0" />
                      <property name="repeatIteration" value="0" />
                    </properties>
                  </test-case>
                  <test-case id="1640" name="ApplyUpdate_HasMoveTargetBitSetToOne_ChangesOnlyTheFlag" fullname="GlobalFront.Tests.EditMode.Client.Replication.ClientReplicationWorldTests.ApplyUpdate_HasMoveTargetBitSetToOne_ChangesOnlyTheFlag" methodname="ApplyUpdate_HasMoveTargetBitSetToOne_ChangesOnlyTheFlag" classname="GlobalFront.Tests.EditMode.Client.Replication.ClientReplicationWorldTests" runstate="Runnable" seed="846217763" result="Passed" start-time="2026-09-22 04:00:59Z" end-time="2026-09-22 04:00:59Z" duration="0.001500" asserts="0">
                    <properties>
                      <property name="retryIteration" value="0" />
                      <property name="repeatIteration" value="0" />
                    </properties>
                  </test-case>
                  <test-case id="1639" name="ApplyUpdate_HealthBit_ChangesOnlyTheHealth" fullname="GlobalFront.Tests.EditMode.Client.Replication.ClientReplicationWorldTests.ApplyUpdate_HealthBit_ChangesOnlyTheHealth" methodname="ApplyUpdate_HealthBit_ChangesOnlyTheHealth" classname="GlobalFront.Tests.EditMode.Client.Replication.ClientReplicationWorldTests" runstate="Runnable" seed="389608827" result="Passed" start-time="2026-09-22 04:00:59Z" end-time="2026-09-22 04:00:59Z" duration="0.000780" asserts="0">
                    <properties>
                      <property name="retryIteration" value="0" />
                      <property name="repeatIteration" value="0" />
                    </properties>
                  </test-case>
                  <test-case id="1651" name="ApplyUpdate_InvalidEntityId_IsRejected" fullname="GlobalFront.Tests.EditMode.Client.Replication.ClientReplicationWorldTests.ApplyUpdate_InvalidEntityId_IsRejected" methodname="ApplyUpdate_InvalidEntityId_IsRejected" classname="GlobalFront.Tests.EditMode.Client.Replication.ClientReplicationWorldTests" runstate="Runnable" seed="1655250590" result="Passed" start-time="2026-09-22 04:00:59Z" end-time="2026-09-22 04:00:59Z" duration="0.000606" asserts="0">
                    <properties>
                      <property name="retryIteration" value="0" />
                      <property name="repeatIteration" value="0" />
                    </properties>
                  </test-case>
                  <test-case id="1641" name="ApplyUpdate_MoveTargetBit_ChangesOnlyTheCoordinates" fullname="GlobalFront.Tests.EditMode.Client.Replication.ClientReplicationWorldTests.ApplyUpdate_MoveTargetBit_ChangesOnlyTheCoordinates" methodname="ApplyUpdate_MoveTargetBit_ChangesOnlyTheCoordinates" classname="GlobalFront.Tests.EditMode.Client.Replication.ClientReplicationWorldTests" runstate="Runnable" seed="180998218" result="Passed" start-time="2026-09-22 04:00:59Z" end-time="2026-09-22 04:00:59Z" duration="0.000879" asserts="0">
                    <properties>
                      <property name="retryIteration" value="0" />
                      <property name="repeatIteration" value="0" />
                    </properties>
                  </test-case>
[...]
                <properties>
                  <property name="retryIteration" value="0" />
                  <property name="repeatIteration" value="0" />
                </properties>
              </test-case>
              <test-case id="1323" name="SnapshotVersionMismatch_IsDenied" fullname="GlobalFront.Tests.EditMode.TransportFlowAndSecurityTests.SnapshotVersionMismatch_IsDenied" methodname="SnapshotVersionMismatch_IsDenied" classname="GlobalFront.Tests.EditMode.TransportFlowAndSecurityTests" runstate="Runnable" seed="115307756" result="Passed" start-time="2026-09-22 04:01:02Z" end-time="2026-09-22 04:01:02Z" duration="0.002098" asserts="0">
                <properties>
                  <property name="retryIteration" value="0" />
                  <property name="repeatIteration" value="0" />
                </properties>
              </test-case>
              <test-case id="1315" name="StaleRequestedTick_AckCarriesHeaderRejected" fullname="GlobalFront.Tests.EditMode.TransportFlowAndSecurityTests.StaleRequestedTick_AckCarriesHeaderRejected" methodname="StaleRequestedTick_AckCarriesHeaderRejected" classname="GlobalFront.Tests.EditMode.TransportFlowAndSecurityTests" runstate="Runnable" seed="993602625" result="Passed" start-time="2026-09-22 04:01:02Z" end-time="2026-09-22 04:01:02Z" duration="0.002326" asserts="0">
                <properties>
                  <property name="retryIteration" value="0" />
                  <property name="repeatIteration" value="0" />
                </properties>
              </test-case>
            </test-suite>
            <test-suite type="TestFixture" id="1324" name="TransportIntegrationTests" fullname="GlobalFront.Tests.EditMode.TransportIntegrationTests" classname="GlobalFront.Tests.EditMode.TransportIntegrationTests" runstate="Runnable" testcasecount="8" result="Passed" start-time="2026-09-22 04:01:02Z" end-time="2026-09-22 04:01:02Z" duration="0.114263" total="8" passed="8" failed="0" inconclusive="0" skipped="0" asserts="0">
              <properties />
              <test-case id="1326" name="Commands_BothPlayers_AppliedWithRequestedTickSemantics" fullname="GlobalFront.Tests.EditMode.TransportIntegrationTests.Commands_BothPlayers_AppliedWithRequestedTickSemantics" methodname="Commands_BothPlayers_AppliedWithRequestedTickSemantics" classname="GlobalFront.Tests.EditMode.TransportIntegrationTests" runstate="Runnable" seed="276716347" result="Passed" start-time="2026-09-22 04:01:02Z" end-time="2026-09-22 04:01:02Z" duration="0.002569" asserts="0">
                <properties>
                  <property name="retryIteration" value="0" />
                  <property name="repeatIteration" value="0" />
                </properties>
              </test-case>
              <test-case id="1332" name="DeterministicRuns_ProduceIdenticalAuthoritativeState" fullname="GlobalFront.Tests.EditMode.TransportIntegrationTests.DeterministicRuns_ProduceIdenticalAuthoritativeState" methodname="DeterministicRuns_ProduceIdenticalAuthoritativeState" classname="GlobalFront.Tests.EditMode.TransportIntegrationTests" runstate="Runnable" seed="1497984590" result="Passed" start-time="2026-09-22 04:01:02Z" end-time="2026-09-22 04:01:02Z" duration="0.007243" asserts="0">
                <properties>
                  <property name="retryIteration" value="0" />
                  <property name="repeatIteration" value="0" />
                </properties>
              </test-case>
              <test-case id="1330" name="GracefulDisconnect_ClosesSession_AndReleasesBinding" fullname="GlobalFront.Tests.EditMode.TransportIntegrationTests.GracefulDisconnect_ClosesSession_AndReleasesBinding" methodname="GracefulDisconnect_ClosesSession_AndReleasesBinding" classname="GlobalFront.Tests.EditMode.TransportIntegrationTests" runstate="Runnable" seed="1416234716" result="Passed" start-time="2026-09-22 04:01:02Z" end-time="2026-09-22 04:01:02Z" duration="0.017372" asserts="0">
                <properties>
                  <property name="retryIteration" value="0" />
                  <property name="repeatIteration" value="0" />
                </properties>
              </test-case>
              <test-case id="1329" name="LargeSnapshot_3000Entities_OwnCarrier_FullDelivery_AcceptedAsLatest" fullname="GlobalFront.Tests.EditMode.TransportIntegrationTests.LargeSnapshot_3000Entities_OwnCarrier_FullDelivery_AcceptedAsLatest" methodname="LargeSnapshot_3000Entities_OwnCarrier_FullDelivery_AcceptedAsLatest" classname="GlobalFront.Tests.EditMode.TransportIntegrationTests" runstate="Runnable" seed="1492855443" result="Passed" start-time="2026-09-22 04:01:02Z" end-time="2026-09-22 04:01:02Z" duration="0.068149" asserts="0">
                <properties>
                  <property name="retryIteration" value="0" />
                  <property name="repeatIteration" value="0" />
                </properties>
              </test-case>
              <test-case id="1328" name="Snapshot_MultiFragment_C2_LatestWins_AfterReassembly" fullname="GlobalFront.Tests.EditMode.TransportIntegrationTests.Snapshot_MultiFragment_C2_LatestWins_AfterReassembly" methodname="Snapshot_MultiFragment_C2_LatestWins_AfterReassembly" classname="GlobalFront.Tests.EditMode.TransportIntegrationTests" runstate="Runnable" seed="920195779" result="Passed" start-time="2026-09-22 04:01:02Z" end-time="2026-09-22 04:01:02Z" duration="0.011117" asserts="0">
                <properties>
                  <property name="retryIteration" value="0" />
                  <property name="repeatIteration" value="0" />
                </properties>
              </test-case>
              <test-case id="1327" name="SnapshotDelivery_CarriesSnapshotTick_ForLatestWins" fullname="GlobalFront.Tests.EditMode.TransportIntegrationTests.SnapshotDelivery_CarriesSnapshotTick_ForLatestWins" methodname="SnapshotDelivery_CarriesSnapshotTick_ForLatestWins" classname="GlobalFront.Tests.EditMode.TransportIntegrationTests" runstate="Runnable" seed="2009233072" result="Passed" start-time="2026-09-22 04:01:02Z" end-time="2026-09-22 04:01:02Z" duration="0.001917" asserts="0">
                <properties>
                  <property name="retryIteration" value="0" />
                  <property name="repeatIteration" value="0" />
                </properties>
              </test-case>
              <test-case id="1331" name="TransportTimeout_FeedsPhase24Grace_Mechanics" fullname="GlobalFront.Tests.EditMode.TransportIntegrationTests.TransportTimeout_FeedsPhase24Grace_Mechanics" methodname="TransportTimeout_FeedsPhase24Grace_Mechanics" classname="GlobalFront.Tests.EditMode.TransportIntegrationTests" runstate="Runnable" seed="1639710932" result="Passed" start-time="2026-09-22 04:01:02Z" end-time="2026-09-22 04:01:02Z" duration="0.001563" asserts="0">
                <properties>
                  <property name="retryIteration" value="0" />
                  <property name="repeatIteration" value="0" />
                </properties>
              </test-case>
              <test-case id="1325" name="TwoClients_AttachWithDistinctServerAssignedPlayerIds" fullname="GlobalFront.Tests.EditMode.TransportIntegrationTests.TwoClients_AttachWithDistinctServerAssignedPlayerIds" methodname="TwoClients_AttachWithDistinctServerAssignedPlayerIds" classname="GlobalFront.Tests.EditMode.TransportIntegrationTests" runstate="Runnable" seed="511818339" result="Passed" start-time="2026-09-22 04:01:02Z" end-time="2026-09-22 04:01:02Z" duration="0.001489" asserts="0">
                <properties>
                  <property name="retryIteration" value="0" />
                  <property name="repeatIteration" value="0" />
                </properties>
              </test-case>
            </test-suite>
            <test-suite type="TestFixture" id="1333" name="TransportLifecycleCleanupTests" fullname="GlobalFront.Tests.EditMode.TransportLifecycleCleanupTests" classname="GlobalFront.Tests.EditMode.TransportLifecycleCleanupTests" runstate="Runnable" testcasecount="4" result="Passed" start-time="2026-09-22 04:01:02Z" end-time="2026-09-22 04:01:02Z" duration="0.007383" total="4" passed="4" failed="0" inconclusive="0" skipped="0" asserts="0">
              <properties />
              <test-case id="1334" name="OwnCarrier_ClosedConnection_FreesAllState" fullname="GlobalFront.Tests.EditMode.TransportLifecycleCleanupTests.OwnCarrier_ClosedConnection_FreesAllState" methodname="OwnCarrier_ClosedConnection_FreesAllState" classname="GlobalFront.Tests.EditMode.TransportLifecycleCleanupTests" runstate="Runnable" seed="247581280" result="Passed" start-time="2026-09-22 04:01:02Z" end-time="2026-09-22 04:01:02Z" duration="0.000668" asserts="0">
                <properties>
                  <property name="retryIteration" value="0" />
                  <property name="repeatIteration" value="0" />
                </properties>
              </test-case>
              <test-case id="1336" name="OwnCarrier_ConnectDisconnectSoak_NoStateAccumulation" fullname="GlobalFront.Tests.EditMode.TransportLifecycleCleanupTests.OwnCarrier_ConnectDisconnectSoak_NoStateAccumulation" methodname="OwnCarrier_ConnectDisconnectSoak_NoStateAccumulation" classname="GlobalFront.Tests.EditMode.TransportLifecycleCleanupTests" runstate="Runnable" seed="1876742878" result="Passed" start-time="2026-09-22 04:01:02Z" end-time="2026-09-22 04:01:02Z" duration="0.002993" asserts="0">
                <properties>
                  <property name="retryIteration" value="0" />
                  <property name="repeatIteration" value="0" />
                </properties>
              </test-case>
              <test-case id="1335" name="OwnCarrier_SpoofedSourceFlood_StateStaysBounded_AndCleansUp" fullname="GlobalFront.Tests.EditMode.TransportLifecycleCleanupTests.OwnCarrier_SpoofedSourceFlood_StateStaysBounded_AndCleansUp" methodname="OwnCarrier_SpoofedSourceFlood_StateStaysBounded_AndCleansUp" classname="GlobalFront.Tests.EditMode.TransportLifecycleCleanupTests" runstate="Runnable" seed="1507711205" result="Passed" start-time="2026-09-22 04:01:02Z" end-time="2026-09-22 04:01:02Z" duration="0.001455" asserts="0">
                <properties>
                  <property name="retryIteration" value="0" />
                  <property name="repeatIteration" value="0" />
                </properties>
              </test-case>
              <test-case id="1337" name="TransportSessionBinder_SnapshotTargets_ReturnsCachedListWithoutAllocations" fullname="GlobalFront.Tests.EditMode.TransportLifecycleCleanupTests.TransportSessionBinder_SnapshotTargets_ReturnsCachedListWithoutAllocations" methodname="TransportSessionBinder_SnapshotTargets_ReturnsCachedListWithoutAllocations" classname="GlobalFront.Tests.EditMode.TransportLifecycleCleanupTests" runstate="Runnable" seed="360916727" result="Passed" start-time="2026-09-22 04:01:02Z" end-time="2026-09-22 04:01:02Z" duration="0.000921" asserts="0">
                <properties>
                  <property name="retryIteration" value="0" />
                  <property name="repeatIteration" value="0" />
                </properties>
              </test-case>
            </test-suite>
            <test-suite type="TestFixture" id="1338" name="TransportPerformanceBaselineTests" fullname="GlobalFront.Tests.EditMode.TransportPerformanceBaselineTests" classname="GlobalFront.Tests.EditMode.TransportPerformanceBaselineTests" runstate="Runnable" testcasecount="1" result="Passed" start-time="2026-09-22 04:01:02Z" end-time="2026-09-22 04:01:02Z" duration="0.061096" total="1" passed="1" failed="0" inconclusive="0" skipped="0" asserts="0">
              <properties />
              <test-case id="1339" name="Baseline_CommandAndSnapshotFlow_UnderLoss" fullname="GlobalFront.Tests.EditMode.TransportPerformanceBaselineTests.Baseline_CommandAndSnapshotFlow_UnderLoss" methodname="Baseline_CommandAndSnapshotFlow_UnderLoss" classname="GlobalFront.Tests.EditMode.TransportPerformanceBaselineTests" runstate="Runnable" seed="182047859" result="Passed" start-time="2026-09-22 04:01:02Z" end-time="2026-09-22 04:01:02Z" duration="0.060381" asserts="0">
                <properties>
                  <property name="retryIteration" value="0" />
                  <property name="repeatIteration" value="0" />
                </properties>
                <output><![CDATA[=== GlobalFront Phase 2.5 transport baseline ===
commands delivered: 2000/2000 (reliable)
snapshots received: 48/50 (unreliable, 5% loss)
large C2 snapshot: deliveries=1 size=117016 bytes tick=2001
virtual time: 20205 ms; wall CPU proxy: 8 ms
throughput: 2050 msg/s wall
managed allocations: 0 KB
client bytes sent/received: 171382/222061
server bytes sent/received: 226875/163297
client retransmissions: 225
peak event queue depth: 55
peak reassembly memory: client=115866 server=0 bytes
drops: malformed=0 rate=0 window=75 queue=6
]]></output>
              </test-case>
            </test-suite>
            <test-suite type="TestFixture" id="1340" name="UnitSelectionTests" fullname="GlobalFront.Tests.EditMode.UnitSelectionTests" classname="GlobalFront.Tests.EditMode.UnitSelectionTests" runstate="Runnable" testcasecount="9" result="Passed" start-time="2026-09-22 04:01:02Z" end-time="2026-09-22 04:01:02Z" duration="0.015480" total="9" passed="9" failed="0" inconclusive="0" skipped="0" asserts="0">
              <properties />
              <test-case id="1347" name="Clear_RemovesAllSelectedUnits_AndResetsFlags" fullname="GlobalFront.Tests.EditMode.UnitSelectionTests.Clear_RemovesAllSelectedUnits_AndResetsFlags" methodname="Clear_RemovesAllSelectedUnits_AndResetsFlags" classname="GlobalFront.Tests.EditMode.UnitSelectionTests" runstate="Runnable" seed="647761018" result="Passed" start-time="2026-09-22 04:01:02Z" end-time="2026-09-22 04:01:02Z" duration="0.003343" asserts="0">
                <properties>
                  <property name="retryIteration" value="0" />
                  <property name="repeatIteration" value="0" />
                </properties>
              </test-case>
              <test-case id="1349" name="GetSelectedEntityIds_ReturnsDeterministicallySortedIds" fullname="GlobalFront.Tests.EditMode.UnitSelectionTests.GetSelectedEntityIds_ReturnsDeterministicallySortedIds" methodname="GetSelectedEntityIds_ReturnsDeterministicallySortedIds" classname="GlobalFront.Tests.EditMode.UnitSelectionTests" runstate="Runnable" seed="399522518" result="Passed" start-time="2026-09-22 04:01:02Z" end-time="2026-09-22 04:01:02Z" duration="0.001576" asserts="0">
                <properties>
                  <property name="retryIteration" value="0" />
                  <property name="repeatIteration" value="0" />
                </properties>
              </test-case>
              <test-case id="1348" name="PruneDead_RemovesDeadUnits_KeepsAlive" fullname="GlobalFront.Tests.EditMode.UnitSelectionTests.PruneDead_RemovesDeadUnits_KeepsAlive" methodname="PruneDead_RemovesDeadUnits_KeepsAlive" classname="GlobalFront.Tests.EditMode.UnitSelectionTests" runstate="Runnable" seed="1356781585" result="Passed" start-time="2026-09-22 04:01:02Z" end-time="2026-09-22 04:01:02Z" duration="0.001670" asserts="0">
                <properties>
                  <property name="retryIteration" value="0" />
                  <property name="repeatIteration" value="0" />
                </properties>
              </test-case>
              <test-case id="1343" name="SelectInsideScreenRect_Additive_KeepsPreviousSelection" fullname="GlobalFront.Tests.EditMode.UnitSelectionTests.SelectInsideScreenRect_Additive_KeepsPreviousSelection" methodname="SelectInsideScreenRect_Additive_KeepsPreviousSelection" classname="GlobalFront.Tests.EditMode.UnitSelectionTests" runstate="Runnable" seed="694370793" result="Passed" start-time="2026-09-22 04:01:02Z" end-time="2026-09-22 04:01:02Z" duration="0.002248" asserts="0">
                <properties>
                  <property name="retryIteration" value="0" />
                  <property name="repeatIteration" value="0" />
                </properties>
              </test-case>
              <test-case id="1345" name="SelectInsideScreenRect_IgnoresDeadUnits" fullname="GlobalFront.Tests.EditMode.UnitSelectionTests.SelectInsideScreenRect_IgnoresDeadUnits" methodname="SelectInsideScreenRect_IgnoresDeadUnits" classname="GlobalFront.Tests.EditMode.UnitSelectionTests" runstate="Runnable" seed="191841744" result="Passed" start-time="2026-09-22 04:01:02Z" end-time="2026-09-22 04:01:02Z" duration="0.001287" asserts="0">
                <properties>
                  <property name="retryIteration" value="0" />
                  <property name="repeatIteration" value="0" />
                </properties>
              </test-case>
              <test-case id="1344" name="SelectInsideScreenRect_IgnoresEnemyUnits" fullname="GlobalFront.Tests.EditMode.UnitSelectionTests.SelectInsideScreenRect_IgnoresEnemyUnits" methodname="SelectInsideScreenRect_IgnoresEnemyUnits" classname="GlobalFront.Tests.EditMode.UnitSelectionTests" runstate="Runnable" seed="1512749209" result="Passed" start-time="2026-09-22 04:01:02Z" end-time="2026-09-22 04:01:02Z" duration="0.000714" asserts="0">
                <properties>
                  <property name="retryIteration" value="0" />
                  <property name="repeatIteration" value="0" />
                </properties>
              </test-case>
              <test-case id="1346" name="SelectInsideScreenRect_IgnoresUnitsBehindCamera" fullname="GlobalFront.Tests.EditMode.UnitSelectionTests.SelectInsideScreenRect_IgnoresUnitsBehindCamera" methodname="SelectInsideScreenRect_IgnoresUnitsBehindCamera" classname="GlobalFront.Tests.EditMode.UnitSelectionTests" runstate="Runnable" seed="300464035" result="Passed" start-time="2026-09-22 04:01:02Z" end-time="2026-09-22 04:01:02Z" duration="0.000673" asserts="0">
                <properties>
                  <property name="retryIteration" value="0" />
                  <property name="repeatIteration" value="0" />
                </properties>
              </test-case>
              <test-case id="1342" name="SelectInsideScreenRect_NonAdditive_ReplacesPreviousSelection" fullname="GlobalFront.Tests.EditMode.UnitSelectionTests.SelectInsideScreenRect_NonAdditive_ReplacesPreviousSelection" methodname="SelectInsideScreenRect_NonAdditive_ReplacesPreviousSelection" classname="GlobalFront.Tests.EditMode.UnitSelectionTests" runstate="Runnable" seed="31992555" result="Passed" start-time="2026-09-22 04:01:02Z" end-time="2026-09-22 04:01:02Z" duration="0.000762" asserts="0">
                <properties>
                  <property name="retryIteration" value="0" />
                  <property name="repeatIteration" value="0" />
                </properties>
              </test-case>
              <test-case id="1341" name="SelectInsideScreenRect_SelectsUnitsWithinRect" fullname="GlobalFront.Tests.EditMode.UnitSelectionTests.SelectInsideScreenRect_SelectsUnitsWithinRect" methodname="SelectInsideScreenRect_SelectsUnitsWithinRect" classname="GlobalFront.Tests.EditMode.UnitSelectionTests" runstate="Runnable" seed="2087594617" result="Passed" start-time="2026-09-22 04:01:02Z" end-time="2026-09-22 04:01:02Z" duration="0.000765" asserts="0">
                <properties>
                  <property name="retryIteration" value="0" />
                  <property name="repeatIteration" value="0" />
                </properties>
                <output><![CDATA[<b><color=#2EA3FF>MCP-FOR-UNITY</color></b>: [TestRunnerNoThrottle] Restored Interaction Mode after test run.
Saving results to: C:/Users/kinga/AppData/LocalLow/DefaultCompany/GlobalFront\TestResults.xml
]]></output>
              </test-case>
            </test-suite>
          </test-suite>
        </test-suite>
      </test-suite>
    </test-suite>
  </test-suite>
</test-run>