<?xml version="1.0" encoding="utf-8"?>
<test-run id="2" testcasecount="665" result="Passed" total="665" passed="665" failed="0" inconclusive="0" skipped="0" asserts="0" engine-version="3.5.0.0" clr-version="4.0.30319.42000" start-time="2026-09-22 02:56:36Z" end-time="2026-09-22 02:56:39Z" duration="3,6298201">
  <test-suite type="TestSuite" id="1000" name="GlobalFront" fullname="GlobalFront" runstate="Runnable" testcasecount="665" result="Passed" start-time="2026-09-22 02:56:36Z" end-time="2026-09-22 02:56:39Z" duration="3.629820" total="665" passed="665" failed="0" inconclusive="0" skipped="0" asserts="0">
    <properties>
      <property name="platform" value="EditMode" />
    </properties>
    <test-suite type="Assembly" id="1725" name="GlobalFront.Tests.EditMode.dll" fullname="C:/UnityProjects/GlobalFront/Library/ScriptAssemblies/GlobalFront.Tests.EditMode.dll" runstate="Runnable" testcasecount="665" result="Passed" start-time="2026-09-22 02:56:36Z" end-time="2026-09-22 02:56:39Z" duration="3.614364" total="665" passed="665" failed="0" inconclusive="0" skipped="0" asserts="0">
      <properties>
        <property name="_PID" value="25700" />
        <property name="_APPDOMAIN" value="Unity Child Domain" />
        <property name="platform" value="EditMode" />
        <property name="EditorOnly" value="True" />
      </properties>
      <test-suite type="TestSuite" id="1726" name="GlobalFront" fullname="GlobalFront" runstate="Runnable" testcasecount="665" result="Passed" start-time="2026-09-22 02:56:36Z" end-time="2026-09-22 02:56:39Z" duration="3.606839" total="665" passed="665" failed="0" inconclusive="0" skipped="0" asserts="0">
        <properties />
        <test-suite type="TestSuite" id="1727" name="Tests" fullname="GlobalFront.Tests" runstate="Runnable" testcasecount="665" result="Passed" start-time="2026-09-22 02:56:36Z" end-time="2026-09-22 02:56:39Z" duration="3.599253" total="665" passed="665" failed="0" inconclusive="0" skipped="0" asserts="0">
          <properties />
          <test-suite type="TestSuite" id="1728" name="EditMode" fullname="GlobalFront.Tests.EditMode" runstate="Runnable" testcasecount="665" result="Passed" start-time="2026-09-22 02:56:36Z" end-time="2026-09-22 02:56:39Z" duration="3.592696" total="665" passed="665" failed="0" inconclusive="0" skipped="0" asserts="0">
            <properties />
            <test-suite type="TestFixture" id="1001" name="AttackCommandTests" fullname="GlobalFront.Tests.EditMode.AttackCommandTests" classname="GlobalFront.Tests.EditMode.AttackCommandTests" runstate="Runnable" testcasecount="9" result="Passed" start-time="2026-09-22 02:56:36Z" end-time="2026-09-22 02:56:36Z" duration="0.057933" total="9" passed="9" failed="0" inconclusive="0" skipped="0" asserts="0">
              <properties />
              <test-case id="1002" name="TryCreate_CopiesAndCanonicalizesAttackerOrder" fullname="GlobalFront.Tests.EditMode.AttackCommandTests.TryCreate_CopiesAndCanonicalizesAttackerOrder" methodname="TryCreate_CopiesAndCanonicalizesAttackerOrder" classname="GlobalFront.Tests.EditMode.AttackCommandTests" runstate="Runnable" seed="1413153486" result="Passed" start-time="2026-09-22 02:56:36Z" end-time="2026-09-22 02:56:36Z" duration="0.020237" asserts="0">
                <properties>
                  <property name="retryIteration" value="0" />
                  <property name="repeatIteration" value="0" />
                </properties>
              </test-case>
              <test-case id="1011" name="TryCreate_EnforcesSelectionLimit" fullname="GlobalFront.Tests.EditMode.AttackCommandTests.TryCreate_EnforcesSelectionLimit" methodname="TryCreate_EnforcesSelectionLimit" classname="GlobalFront.Tests.EditMode.AttackCommandTests" runstate="Runnable" seed="1719246664" result="Passed" start-time="2026-09-22 02:56:36Z" end-time="2026-09-22 02:56:36Z" duration="0.001064" asserts="0">
                <properties>
                  <property name="retryIteration" value="0" />
                  <property name="repeatIteration" value="0" />
                </properties>
              </test-case>
              <test-case id="1007" name="TryCreate_RejectsInvalidHeader" fullname="GlobalFront.Tests.EditMode.AttackCommandTests.TryCreate_RejectsInvalidHeader" methodname="TryCreate_RejectsInvalidHeader" classname="GlobalFront.Tests.EditMode.AttackCommandTests" runstate="Runnable" seed="25805595" result="Passed" start-time="2026-09-22 02:56:36Z" end-time="2026-09-22 02:56:36Z" duration="0.000535" asserts="0">
                <properties>
                  <property name="retryIteration" value="0" />
                  <property name="repeatIteration" value="0" />
                </properties>
              </test-case>
              <test-case id="1009" name="TryCreate_RejectsInvalidOrDuplicateAttacker" fullname="GlobalFront.Tests.EditMode.AttackCommandTests.TryCreate_RejectsInvalidOrDuplicateAttacker" methodname="TryCreate_RejectsInvalidOrDuplicateAttacker" classname="GlobalFront.Tests.EditMode.AttackCommandTests" runstate="Runnable" seed="1779112383" result="Passed" start-time="2026-09-22 02:56:36Z" end-time="2026-09-22 02:56:36Z" duration="0.000459" asserts="0">
                <properties>
                  <property name="retryIteration" value="0" />
                  <property name="repeatIteration" value="0" />
                </properties>
              </test-case>
              <test-case id="1010" name="TryCreate_RejectsInvalidOrSelfTarget" fullname="GlobalFront.Tests.EditMode.AttackCommandTests.TryCreate_RejectsInvalidOrSelfTarget" methodname="TryCreate_RejectsInvalidOrSelfTarget" classname="GlobalFront.Tests.EditMode.AttackCommandTests" runstate="Runnable" seed="491200178" result="Passed" start-time="2026-09-22 02:56:36Z" end-time="2026-09-22 02:56:36Z" duration="0.000378" asserts="0">
                <properties>
                  <property name="retryIteration" value="0" />
                  <property name="repeatIteration" value="0" />
                </properties>
              </test-case>
              <test-suite type="ParameterizedMethod" id="1006" name="TryCreate_RejectsNonAttackCommandType" fullname="GlobalFront.Tests.EditMode.AttackCommandTests.TryCreate_RejectsNonAttackCommandType" classname="GlobalFront.Tests.EditMode.AttackCommandTests" runstate="Runnable" testcasecount="3" result="Passed" start-time="2026-09-22 02:56:36Z" end-time="2026-09-22 02:56:36Z" duration="0.003491" total="3" passed="3" failed="0" inconclusive="0" skipped="0" asserts="0">
                <properties />
                <test-case id="1003" name="TryCreate_RejectsNonAttackCommandType(None)" fullname="GlobalFront.Tests.EditMode.AttackCommandTests.TryCreate_RejectsNonAttackCommandType(None)" methodname="TryCreate_RejectsNonAttackCommandType" classname="GlobalFront.Tests.EditMode.AttackCommandTests" runstate="Runnable" seed="950973184" result="Passed" start-time="2026-09-22 02:56:36Z" end-time="2026-09-22 02:56:36Z" duration="0.000513" asserts="0">
                  <properties>
                    <property name="retryIteration" value="0" />
                    <property name="repeatIteration" value="0" />
                  </properties>
                </test-case>
                <test-case id="1004" name="TryCreate_RejectsNonAttackCommandType(Move)" fullname="GlobalFront.Tests.EditMode.AttackCommandTests.TryCreate_RejectsNonAttackCommandType(Move)" methodname="TryCreate_RejectsNonAttackCommandType" classname="GlobalFront.Tests.EditMode.AttackCommandTests" runstate="Runnable" seed="420104161" result="Passed" start-time="2026-09-22 02:56:36Z" end-time="2026-09-22 02:56:36Z" duration="0.000135" asserts="0">
                  <properties>
                    <property name="retryIteration" value="0" />
                    <property name="repeatIteration" value="0" />
                  </properties>
                </test-case>
                <test-case id="1005" name="TryCreate_RejectsNonAttackCommandType(AttackMove)" fullname="GlobalFront.Tests.EditMode.AttackCommandTests.TryCreate_RejectsNonAttackCommandType(AttackMove)" methodname="TryCreate_RejectsNonAttackCommandType" classname="GlobalFront.Tests.EditMode.AttackCommandTests" runstate="Runnable" seed="947566931" result="Passed" start-time="2026-09-22 02:56:36Z" end-time="2026-09-22 02:56:36Z" duration="0.000073" asserts="0">
                  <properties>
                    <property name="retryIteration" value="0" />
                    <property name="repeatIteration" value="0" />
                  </properties>
                </test-case>
              </test-suite>
              <test-case id="1008" name="TryCreate_RejectsNullOrEmptySelection" fullname="GlobalFront.Tests.EditMode.AttackCommandTests.TryCreate_RejectsNullOrEmptySelection" methodname="TryCreate_RejectsNullOrEmptySelection" classname="GlobalFront.Tests.EditMode.AttackCommandTests" runstate="Runnable" seed="1767656384" result="Passed" start-time="2026-09-22 02:56:36Z" end-time="2026-09-22 02:56:36Z" duration="0.000422" asserts="0">
                <properties>
                  <property name="retryIteration" value="0" />
                  <property name="repeatIteration" value="0" />
                </properties>
              </test-case>
            </test-suite>
            <test-suite type="TestSuite" id="1736" name="Client" fullname="GlobalFront.Tests.EditMode.Client" runstate="Runnable" testcasecount="149" result="Passed" start-time="2026-09-22 02:56:36Z" end-time="2026-09-22 02:56:36Z" duration="0.310182" total="149" passed="149" failed="0" inconclusive="0" skipped="0" asserts="0">
              <properties />
              <test-suite type="TestFixture" id="1568" name="ClientReconnectTests" fullname="GlobalFront.Tests.EditMode.Client.ClientReconnectTests" classname="GlobalFront.Tests.EditMode.Client.ClientReconnectTests" runstate="Runnable" testcasecount="16" result="Passed" start-time="2026-09-22 02:56:36Z" end-time="2026-09-22 02:56:36Z" duration="0.097067" total="16" passed="16" failed="0" inconclusive="0" skipped="0" asserts="0">
                <properties />
                <test-case id="1582" name="Coordinator_AdvanceCountdown_DecrementsTimer_AndResumesAtZero" fullname="GlobalFront.Tests.EditMode.Client.ClientReconnectTests.Coordinator_AdvanceCountdown_DecrementsTimer_AndResumesAtZero" methodname="Coordinator_AdvanceCountdown_DecrementsTimer_AndResumesAtZero" classname="GlobalFront.Tests.EditMode.Client.ClientReconnectTests" runstate="Runnable" seed="1042384182" result="Passed" start-time="2026-09-22 02:56:36Z" end-time="2026-09-22 02:56:36Z" duration="0.009530" asserts="0">
                  <properties>
                    <property name="retryIteration" value="0" />
                    <property name="repeatIteration" value="0" />
                  </properties>
                </test-case>
                <test-case id="1570" name="Coordinator_CacheSession_TransitionsToConnected" fullname="GlobalFront.Tests.EditMode.Client.ClientReconnectTests.Coordinator_CacheSession_TransitionsToConnected" methodname="Coordinator_CacheSession_TransitionsToConnected" classname="GlobalFront.Tests.EditMode.Client.ClientReconnectTests" runstate="Runnable" seed="235879677" result="Passed" start-time="2026-09-22 02:56:36Z" end-time="2026-09-22 02:56:36Z" duration="0.003490" asserts="0">
                  <properties>
                    <property name="retryIteration" value="0" />
                    <property name="repeatIteration" value="0" />
                  </properties>
                </test-case>
                <test-case id="1585" name="Coordinator_CommandPreservation_PreservesQueueAcrossDisconnectAndPause" fullname="GlobalFront.Tests.EditMode.Client.ClientReconnectTests.Coordinator_CommandPreservation_PreservesQueueAcrossDisconnectAndPause" methodname="Coordinator_CommandPreservation_PreservesQueueAcrossDisconnectAndPause" classname="GlobalFront.Tests.EditMode.Client.ClientReconnectTests" runstate="Runnable" seed="1563120538" result="Passed" start-time="2026-09-22 02:56:36Z" end-time="2026-09-22 02:56:36Z" duration="0.045500" asserts="0">
                  <properties>
                    <property name="retryIteration" value="0" />
                    <property name="repeatIteration" value="0" />
                  </properties>
                </test-case>
                <test-case id="1569" name="Coordinator_InitialState_IsIdle" fullname="GlobalFront.Tests.EditMode.Client.ClientReconnectTests.Coordinator_InitialState_IsIdle" methodname="Coordinator_InitialState_IsIdle" classname="GlobalFront.Tests.EditMode.Client.ClientReconnectTests" runstate="Runnable" seed="717759569" result="Passed" start-time="2026-09-22 02:56:36Z" end-time="2026-09-22 02:56:36Z" duration="0.000938" asserts="0">
                  <properties>
                    <property name="retryIteration" value="0" />
                    <property name="repeatIteration" value="0" />
                  </properties>
                </test-case>
                <test-case id="1581" name="Coordinator_OnKeyframeInstalled_TransitionsToCountdown" fullname="GlobalFront.Tests.EditMode.Client.ClientReconnectTests.Coordinator_OnKeyframeInstalled_TransitionsToCountdown" methodname="Coordinator_OnKeyframeInstalled_TransitionsToCountdown" classname="GlobalFront.Tests.EditMode.Client.ClientReconnectTests" runstate="Runnable" seed="35516365" result="Passed" start-time="2026-09-22 02:56:36Z" end-time="2026-09-22 02:56:36Z" duration="0.001665" asserts="0">
                  <properties>
                    <property name="retryIteration" value="0" />
                    <property name="repeatIteration" value="0" />
                  </properties>
                </test-case>
                <test-case id="1575" name="Coordinator_OnReconnectResponse_Accepted_TransitionsToResyncing" fullname="GlobalFront.Tests.EditMode.Client.ClientReconnectTests.Coordinator_OnReconnectResponse_Accepted_TransitionsToResyncing" methodname="Coordinator_OnReconnectResponse_Accepted_TransitionsToResyncing" classname="GlobalFront.Tests.EditMode.Client.ClientReconnectTests" runstate="Runnable" seed="2137588625" result="Passed" start-time="2026-09-22 02:56:36Z" end-time="2026-09-22 02:56:36Z" duration="0.003893" asserts="0">
                  <properties>
                    <property name="retryIteration" value="0" />
                    <property name="repeatIteration" value="0" />
                  </properties>
                </test-case>
                <test-suite type="ParameterizedMethod" id="1580" name="Coordinator_OnReconnectResponse_Rejections_TransitionsToTerminated" fullname="GlobalFront.Tests.EditMode.Client.ClientReconnectTests.Coordinator_OnReconnectResponse_Rejections_TransitionsToTerminated" classname="GlobalFront.Tests.EditMode.Client.ClientReconnectTests" runstate="Runnable" testcasecount="4" result="Passed" start-time="2026-09-22 02:56:36Z" end-time="2026-09-22 02:56:36Z" duration="0.004859" total="4" passed="4" failed="0" inconclusive="0" skipped="0" asserts="0">
                  <properties />
                  <test-case id="1576" name="Coordinator_OnReconnectResponse_Rejections_TransitionsToTerminated(GraceExpired)" fullname="GlobalFront.Tests.EditMode.Client.ClientReconnectTests.Coordinator_OnReconnectResponse_Rejections_TransitionsToTerminated(GraceExpired)" methodname="Coordinator_OnReconnectResponse_Rejections_TransitionsToTerminated" classname="GlobalFront.Tests.EditMode.Client.ClientReconnectTests" runstate="Runnable" seed="2145043151" result="Passed" start-time="2026-09-22 02:56:36Z" end-time="2026-09-22 02:56:36Z" duration="0.001208" asserts="0">
                    <properties>
                      <property name="retryIteration" value="0" />
                      <property name="repeatIteration" value="0" />
                    </properties>
                  </test-case>
                  <test-case id="1577" name="Coordinator_OnReconnectResponse_Rejections_TransitionsToTerminated(InvalidSecret)" fullname="GlobalFront.Tests.EditMode.Client.ClientReconnectTests.Coordinator_OnReconnectResponse_Rejections_TransitionsToTerminated(InvalidSecret)" methodname="Coordinator_OnReconnectResponse_Rejections_TransitionsToTerminated" classname="GlobalFront.Tests.EditMode.Client.ClientReconnectTests" runstate="Runnable" seed="1188911567" result="Passed" start-time="2026-09-22 02:56:36Z" end-time="2026-09-22 02:56:36Z" duration="0.000251" asserts="0">
                    <properties>
                      <property name="retryIteration" value="0" />
                      <property name="repeatIteration" value="0" />
                    </properties>
                  </test-case>
                  <test-case id="1578" name="Coordinator_OnReconnectResponse_Rejections_TransitionsToTerminated(SessionNotFound)" fullname="GlobalFront.Tests.EditMode.Client.ClientReconnectTests.Coordinator_OnReconnectResponse_Rejections_TransitionsToTerminated(SessionNotFound)" methodname="Coordinator_OnReconnectResponse_Rejections_TransitionsToTerminated" classname="GlobalFront.Tests.EditMode.Client.ClientReconnectTests" runstate="Runnable" seed="242345412" result="Passed" start-time="2026-09-22 02:56:36Z" end-time="2026-09-22 02:56:36Z" duration="0.000215" asserts="0">
                    <properties>
                      <property name="retryIteration" value="0" />
                      <property name="repeatIteration" value="0" />
                    </properties>
                  </test-case>
                  <test-case id="1579" name="Coordinator_OnReconnectResponse_Rejections_TransitionsToTerminated(MatchFinished)" fullname="GlobalFront.Tests.EditMode.Client.ClientReconnectTests.Coordinator_OnReconnectResponse_Rejections_TransitionsToTerminated(MatchFinished)" methodname="Coordinator_OnReconnectResponse_Rejections_TransitionsToTerminated" classname="GlobalFront.Tests.EditMode.Client.ClientReconnectTests" runstate="Runnable" seed="245551428" result="Passed" start-time="2026-09-22 02:56:36Z" end-time="2026-09-22 02:56:36Z" duration="0.000164" asserts="0">
                    <properties>
                      <property name="retryIteration" value="0" />
                      <property name="repeatIteration" value="0" />
                    </properties>
                  </test-case>
                </test-suite>
                <test-case id="1571" name="Coordinator_OnTransportDisconnected_TransitionsToReconnecting_AndTracksAttempts" fullname="GlobalFront.Tests.EditMode.Client.ClientReconnectTests.Coordinator_OnTransportDisconnected_TransitionsToReconnecting_AndTracksAttempts" methodname="Coordinator_OnTransportDisconnected_TransitionsToReconnecting_AndTracksAttempts" classname="GlobalFront.Tests.EditMode.Client.ClientReconnectTests" runstate="Runnable" seed="2062523252" result="Passed" start-time="2026-09-22 02:56:36Z" end-time="2026-09-22 02:56:36Z" duration="0.000839" asserts="0">
                  <properties>
                    <property name="retryIteration" value="0" />
                    <property name="repeatIteration" value="0" />
                  </properties>
                </test-case>
                <test-case id="1584" name="Coordinator_Resyncing_PrimesReplicationReceiver_RejectsStaleDeltas" fullname="GlobalFront.Tests.EditMode.Client.ClientReconnectTests.Coordinator_Resyncing_PrimesReplicationReceiver_RejectsStaleDeltas" methodname="Coordinator_Resyncing_PrimesReplicationReceiver_RejectsStaleDeltas" classname="GlobalFront.Tests.EditMode.Client.ClientReconnectTests" runstate="Runnable" seed="398027319" result="Passed" start-time="2026-09-22 02:56:36Z" end-time="2026-09-22 02:56:36Z" duration="0.010075" asserts="0">
                  <properties>
                    <property name="retryIteration" value="0" />
                    <property name="repeatIteration" value="0" />
                  </properties>
                </test-case>
                <test-case id="1583" name="Coordinator_SuccessfulReconnectCycle_FullFlow" fullname="GlobalFront.Tests.EditMode.Client.ClientReconnectTests.Coordinator_SuccessfulReconnectCycle_FullFlow" methodname="Coordinator_SuccessfulReconnectCycle_FullFlow" classname="GlobalFront.Tests.EditMode.Client.ClientReconnectTests" runstate="Runnable" seed="1083672504" result="Passed" start-time="2026-09-22 02:56:36Z" end-time="2026-09-22 02:56:36Z" duration="0.003985" asserts="0">
                  <properties>
                    <property name="retryIteration" value="0" />
                    <property name="repeatIteration" value="0" />
                  </properties>
                </test-case>
                <test-case id="1573" name="Coordinator_TryBuildReconnectRequest_AllocatesZeroGC" fullname="GlobalFront.Tests.EditMode.Client.ClientReconnectTests.Coordinator_TryBuildReconnectRequest_AllocatesZeroGC" methodname="Coordinator_TryBuildReconnectRequest_AllocatesZeroGC" classname="GlobalFront.Tests.EditMode.Client.ClientReconnectTests" runstate="Runnable" seed="618797857" result="Passed" start-time="2026-09-22 02:56:36Z" end-time="2026-09-22 02:56:36Z" duration="0.004741" asserts="0">
                  <properties>
                    <property name="retryIteration" value="0" />
                    <property name="repeatIteration" value="0" />
                  </properties>
                </test-case>
                <test-case id="1572" name="Coordinator_TryBuildReconnectRequest_EncodesCorrectWireBytes" fullname="GlobalFront.Tests.EditMode.Client.ClientReconnectTests.Coordinator_TryBuildReconnectRequest_EncodesCorrectWireBytes" methodname="Coordinator_TryBuildReconnectRequest_EncodesCorrectWireBytes" classname="GlobalFront.Tests.EditMode.Client.ClientReconnectTests" runstate="Runnable" seed="1025771048" result="Passed" start-time="2026-09-22 02:56:36Z" end-time="2026-09-22 02:56:36Z" duration="0.001733" asserts="0">
                  <properties>
                    <property name="retryIteration" value="0" />
                    <property name="repeatIteration" value="0" />
                  </properties>
                </test-case>
                <test-case id="1574" name="Coordinator_TryBuildReconnectRequest_Fails_WhenInvalidStateOrBufferTooSmall" fullname="GlobalFront.Tests.EditMode.Client.ClientReconnectTests.Coordinator_TryBuildReconnectRequest_Fails_WhenInvalidStateOrBufferTooSmall" methodname="Coordinator_TryBuildReconnectRequest_Fails_WhenInvalidStateOrBufferTooSmall" classname="GlobalFront.Tests.EditMode.Client.ClientReconnectTests" runstate="Runnable" seed="1522265156" result="Passed" start-time="2026-09-22 02:56:36Z" end-time="2026-09-22 02:56:36Z" duration="0.000914" asserts="0">
                  <properties>
                    <property name="retryIteration" value="0" />
                    <property name="repeatIteration" value="0" />
                  </properties>
                </test-case>
              </test-suite>
              <test-suite type="TestSuite" id="1737" name="Replication" fullname="GlobalFront.Tests.EditMode.Client.Replication" runstate="Runnable" testcasecount="129" result="Passed" start-time="2026-09-22 02:56:36Z" end-time="2026-09-22 02:56:36Z" duration="0.188957" total="129" passed="129" failed="0" inconclusive="0" skipped="0" asserts="0">
                <properties />
                <test-suite type="TestFixture" id="1591" name="ClientReplicationPipelineTests" fullname="GlobalFront.Tests.EditMode.Client.Replication.ClientReplicationPipelineTests" classname="GlobalFront.Tests.EditMode.Client.Replication.ClientReplicationPipelineTests" runstate="Runnable" testcasecount="6" result="Passed" start-time="2026-09-22 02:56:36Z" end-time="2026-09-22 02:56:36Z" duration="0.064632" total="6" passed="6" failed="0" inconclusive="0" skipped="0" asserts="0">
                  <properties />
                  <test-case id="1595" name="Pipeline_BaseBeyondTheRetainedWindow_ForcesAKeyframe" fullname="GlobalFront.Tests.EditMode.Client.Replication.ClientReplicationPipelineTests.Pipeline_BaseBeyondTheRetainedWindow_ForcesAKeyframe" methodname="Pipeline_BaseBeyondTheRetainedWindow_ForcesAKeyframe" classname="GlobalFront.Tests.EditMode.Client.Replication.ClientReplicationPipelineTests" runstate="Runnable" seed="2141518159" result="Passed" start-time="2026-09-22 02:56:36Z" end-time="2026-09-22 02:56:36Z" duration="0.020343" asserts="0">
                    <properties>
                      <property name="retryIteration" value="0" />
                      <property name="repeatIteration" value="0" />
                    </properties>
                  </test-case>
                  <test-case id="1594" name="Pipeline_DependencyGap_ClientResumesAndTheServerAnswers" fullname="GlobalFront.Tests.EditMode.Client.Replication.ClientReplicationPipelineTests.Pipeline_DependencyGap_ClientResumesAndTheServerAnswers" methodname="Pipeline_DependencyGap_ClientResumesAndTheServerAnswers" classname="GlobalFront.Tests.EditMode.Client.Replication.ClientReplicationPipelineTests" runstate="Runnable" seed="1151673205" result="Passed" start-time="2026-09-22 02:56:36Z" end-time="2026-09-22 02:56:36Z" duration="0.022557" asserts="0">
                    <properties>
                      <property name="retryIteration" value="0" />
                      <property name="repeatIteration" value="0" />
                    </properties>
                  </test-case>
                  <test-case id="1597" name="Pipeline_FeedbackCarriesTheConfirmedTickBackToTheServer" fullname="GlobalFront.Tests.EditMode.Client.Replication.ClientReplicationPipelineTests.Pipeline_FeedbackCarriesTheConfirmedTickBackToTheServer" methodname="Pipeline_FeedbackCarriesTheConfirmedTickBackToTheServer" classname="GlobalFront.Tests.EditMode.Client.Replication.ClientReplicationPipelineTests" runstate="Runnable" seed="1518373677" result="Passed" start-time="2026-09-22 02:56:36Z" end-time="2026-09-22 02:56:36Z" duration="0.005073" asserts="0">
                    <properties>
                      <property name="retryIteration" value="0" />
                      <property name="repeatIteration" value="0" />
                    </properties>
                  </test-case>
                  <test-case id="1592" name="Pipeline_KeyframeThenDeltaStream_ReproducesTheAuthoritativeWorld" fullname="GlobalFront.Tests.EditMode.Client.Replication.ClientReplicationPipelineTests.Pipeline_KeyframeThenDeltaStream_ReproducesTheAuthoritativeWorld" methodname="Pipeline_KeyframeThenDeltaStream_ReproducesTheAuthoritativeWorld" classname="GlobalFront.Tests.EditMode.Client.Replication.ClientReplicationPipelineTests" runstate="Runnable" seed="1136009221" result="Passed" start-time="2026-09-22 02:56:36Z" end-time="2026-09-22 02:56:36Z" duration="0.008743" asserts="0">
                    <properties>
                      <property name="retryIteration" value="0" />
                      <property name="repeatIteration" value="0" />
                    </properties>
                  </test-case>
                  <test-case id="1593" name="Pipeline_LostTicks_ReconvergeThroughOneCumulativeDelta" fullname="GlobalFront.Tests.EditMode.Client.Replication.ClientReplicationPipelineTests.Pipeline_LostTicks_ReconvergeThroughOneCumulativeDelta" methodname="Pipeline_LostTicks_ReconvergeThroughOneCumulativeDelta" classname="GlobalFront.Tests.EditMode.Client.Replication.ClientReplicationPipelineTests" runstate="Runnable" seed="1998188198" result="Passed" start-time="2026-09-22 02:56:36Z" end-time="2026-09-22 02:56:36Z" duration="0.002496" asserts="0">
                    <properties>
                      <property name="retryIteration" value="0" />
                      <property name="repeatIteration" value="0" />
                    </properties>
                  </test-case>
                  <test-case id="1596" name="Pipeline_UnitBornAndDiedInsideTheWindow_LeavesNoGhost" fullname="GlobalFront.Tests.EditMode.Client.Replication.ClientReplicationPipelineTests.Pipeline_UnitBornAndDiedInsideTheWindow_LeavesNoGhost" methodname="Pipeline_UnitBornAndDiedInsideTheWindow_LeavesNoGhost" classname="GlobalFront.Tests.EditMode.Client.Replication.ClientReplicationPipelineTests" runstate="Runnable" seed="1956761913" result="Passed" start-time="2026-09-22 02:56:36Z" end-time="2026-09-22 02:56:36Z" duration="0.003198" asserts="0">
                    <properties>
                      <property name="retryIteration" value="0" />
                      <property name="repeatIteration" value="0" />
                    </properties>
                  </test-case>
                </test-suite>
                <test-suite type="TestFixture" id="1598" name="ClientReplicationReceiverTests" fullname="GlobalFront.Tests.EditMode.Client.Replication.ClientReplicationReceiverTests" classname="GlobalFront.Tests.EditMode.Client.Replication.ClientReplicationReceiverTests" runstate="Runnable" testcasecount="27" result="Passed" start-time="2026-09-22 02:56:36Z" end-time="2026-09-22 02:56:36Z" duration="0.046172" total="27" passed="27" failed="0" inconclusive="0" skipped="0" asserts="0">
                  <properties />
                  <test-case id="1621" name="Constructor_RejectsInvalidArguments" fullname="GlobalFront.Tests.EditMode.Client.Replication.ClientReplicationReceiverTests.Constructor_RejectsInvalidArguments" methodname="Constructor_RejectsInvalidArguments" classname="GlobalFront.Tests.EditMode.Client.Replication.ClientReplicationReceiverTests" runstate="Runnable" seed="942811615" result="Passed" start-time="2026-09-22 02:56:36Z" end-time="2026-09-22 02:56:36Z" duration="0.006152" asserts="0">
                    <properties>
                      <property name="retryIteration" value="0" />
                      <property name="repeatIteration" value="0" />
                    </properties>
                  </test-case>
                  <test-case id="1622" name="DefaultConstructor_UsesTheDocumentedDefaults" fullname="GlobalFront.Tests.EditMode.Client.Replication.ClientReplicationReceiverTests.DefaultConstructor_UsesTheDocumentedDefaults" methodname="DefaultConstructor_UsesTheDocumentedDefaults" classname="GlobalFront.Tests.EditMode.Client.Replication.ClientReplicationReceiverTests" runstate="Runnable" seed="951554877" result="Passed" start-time="2026-09-22 02:56:36Z" end-time="2026-09-22 02:56:36Z" duration="0.001725" asserts="0">
                    <properties>
                      <property name="retryIteration" value="0" />
                      <property name="repeatIteration" value="0" />
                    </properties>
                  </test-case>
                  <test-case id="1623" name="GcAllocationRecorder_ObservesKnownAllocation_Control" fullname="GlobalFront.Tests.EditMode.Client.Replication.ClientReplicationReceiverTests.GcAllocationRecorder_ObservesKnownAllocation_Control" methodname="GcAllocationRecorder_ObservesKnownAllocation_Control" classname="GlobalFront.Tests.EditMode.Client.Replication.ClientReplicationReceiverTests" runstate="Runnable" seed="392435130" result="Passed" start-time="2026-09-22 02:56:36Z" end-time="2026-09-22 02:56:36Z" duration="0.001117" asserts="0">
                    <properties>
                      <property name="retryIteration" value="0" />
                      <property name="repeatIteration" value="0" />
                    </properties>
                  </test-case>
                  <test-case id="1603" name="ReceiveDelta_AcrossLostIntermediateTicks_Converges" fullname="GlobalFront.Tests.EditMode.Client.Replication.ClientReplicationReceiverTests.ReceiveDelta_AcrossLostIntermediateTicks_Converges" methodname="ReceiveDelta_AcrossLostIntermediateTicks_Converges" classname="GlobalFront.Tests.EditMode.Client.Replication.ClientReplicationReceiverTests" runstate="Runnable" seed="1103547380" result="Passed" start-time="2026-09-22 02:56:36Z" end-time="2026-09-22 02:56:36Z" duration="0.001397" asserts="0">
                    <properties>
                      <property name="retryIteration" value="0" />
                      <property name="repeatIteration" value="0" />
                    </properties>
                  </test-case>
                  <test-case id="1617" name="ReceiveDelta_AfterTerminalFailure_IsRejected" fullname="GlobalFront.Tests.EditMode.Client.Replication.ClientReplicationReceiverTests.ReceiveDelta_AfterTerminalFailure_IsRejected" methodname="ReceiveDelta_AfterTerminalFailure_IsRejected" classname="GlobalFront.Tests.EditMode.Client.Replication.ClientReplicationReceiverTests" runstate="Runnable" seed="1803970857" result="Passed" start-time="2026-09-22 02:56:36Z" end-time="2026-09-22 02:56:36Z" duration="0.001300" asserts="0">
                    <properties>
                      <property name="retryIteration" value="0" />
                      <property name="repeatIteration" value="0" />
                    </properties>
                  </test-case>
                  <test-case id="1602" name="ReceiveDelta_AppliesEverySectionInWireOrder" fullname="GlobalFront.Tests.EditMode.Client.Replication.ClientReplicationReceiverTests.ReceiveDelta_AppliesEverySectionInWireOrder" methodname="ReceiveDelta_AppliesEverySectionInWireOrder" classname="GlobalFront.Tests.EditMode.Client.Replication.ClientReplicationReceiverTests" runstate="Runnable" seed="1566614730" result="Passed" start-time="2026-09-22 02:56:36Z" end-time="2026-09-22 02:56:36Z" duration="0.001957" asserts="0">
                    <properties>
                      <property name="retryIteration" value="0" />
                      <property name="repeatIteration" value="0" />
                    </properties>
                  </test-case>
                  <test-case id="1608" name="ReceiveDelta_CumulativeAnswer_RestoresStreamingAndClearsTheGap" fullname="GlobalFront.Tests.EditMode.Client.Replication.ClientReplicationReceiverTests.ReceiveDelta_CumulativeAnswer_RestoresStreamingAndClearsTheGap" methodname="ReceiveDelta_CumulativeAnswer_RestoresStreamingAndClearsTheGap" classname="GlobalFront.Tests.EditMode.Client.Replication.ClientReplicationReceiverTests" runstate="Runnable" seed="820735128" result="Passed" start-time="2026-09-22 02:56:36Z" end-time="2026-09-22 02:56:36Z" duration="0.001307" asserts="0">
                    <properties>
                      <property name="retryIteration" value="0" />
                      <property name="repeatIteration" value="0" />
                    </properties>
                  </test-case>
                  <test-case id="1607" name="ReceiveDelta_DependencyGap_AsksForACumulativeDeltaAndReportsIt" fullname="GlobalFront.Tests.EditMode.Client.Replication.ClientReplicationReceiverTests.ReceiveDelta_DependencyGap_AsksForACumulativeDeltaAndReportsIt" methodname="ReceiveDelta_DependencyGap_AsksForACumulativeDeltaAndReportsIt" classname="GlobalFront.Tests.EditMode.Client.Replication.ClientReplicationReceiverTests" runstate="Runnable" seed="316329563" result="Passed" start-time="2026-09-22 02:56:36Z" end-time="2026-09-22 02:56:36Z" duration="0.001376" asserts="0">
                    <properties>
                      <property name="retryIteration" value="0" />
                      <property name="repeatIteration" value="0" />
                    </properties>
                  </test-case>
                  <test-case id="1609" name="ReceiveDelta_GapBeyondTheWindow_AsksForAFreshKeyframe" fullname="GlobalFront.Tests.EditMode.Client.Replication.ClientReplicationReceiverTests.ReceiveDelta_GapBeyondTheWindow_AsksForAFreshKeyframe" methodname="ReceiveDelta_GapBeyondTheWindow_AsksForAFreshKeyframe" classname="GlobalFront.Tests.EditMode.Client.Replication.ClientReplicationReceiverTests" runstate="Runnable" seed="776021916" result="Passed" start-time="2026-09-22 02:56:36Z" end-time="2026-09-22 02:56:36Z" duration="0.000663" asserts="0">
                    <properties>
                      <property name="retryIteration" value="0" />
                      <property name="repeatIteration" value="0" />
                    </properties>
                  </test-case>
                  <test-case id="1610" name="ReceiveDelta_KeyframeMismatch_AsksForAFreshKeyframe" fullname="GlobalFront.Tests.EditMode.Client.Replication.ClientReplicationReceiverTests.ReceiveDelta_KeyframeMismatch_AsksForAFreshKeyframe" methodname="ReceiveDelta_KeyframeMismatch_AsksForAFreshKeyframe" classname="GlobalFront.Tests.EditMode.Client.Replication.ClientReplicationReceiverTests" runstate="Runnable" seed="1872134186" result="Passed" start-time="2026-09-22 02:56:36Z" end-time="2026-09-22 02:56:36Z" duration="0.000440" asserts="0">
                    <properties>
                      <property name="retryIteration" value="0" />
                      <property name="repeatIteration" value="0" />
                    </properties>
                  </test-case>
                  <test-case id="1616" name="ReceiveDelta_MultipartTick_IsNotAppliedBeforeAssembly" fullname="GlobalFront.Tests.EditMode.Client.Replication.ClientReplicationReceiverTests.ReceiveDelta_MultipartTick_IsNotAppliedBeforeAssembly" methodname="ReceiveDelta_MultipartTick_IsNotAppliedBeforeAssembly" classname="GlobalFront.Tests.EditMode.Client.Replication.ClientReplicationReceiverTests" runstate="Runnable" seed="75140944" result="Passed" start-time="2026-09-22 02:56:36Z" end-time="2026-09-22 02:56:36Z" duration="0.000647" asserts="0">
                    <properties>
                      <property name="retryIteration" value="0" />
                      <property name="repeatIteration" value="0" />
                    </properties>
                  </test-case>
                  <test-case id="1606" name="ReceiveDelta_OD14Clear_PropagatesIntoTheClientWorld" fullname="GlobalFront.Tests.EditMode.Client.Replication.ClientReplicationReceiverTests.ReceiveDelta_OD14Clear_PropagatesIntoTheClientWorld" methodname="ReceiveDelta_OD14Clear_PropagatesIntoTheClientWorld" classname="GlobalFront.Tests.EditMode.Client.Replication.ClientReplicationReceiverTests" runstate="Runnable" seed="2064426820" result="Passed" start-time="2026-09-22 02:56:36Z" end-time="2026-09-22 02:56:36Z" duration="0.000512" asserts="0">
                    <properties>
                      <property name="retryIteration" value="0" />
                      <property name="repeatIteration" value="0" />
                    </properties>
                  </test-case>
                  <test-case id="1615" name="ReceiveDelta_SinkShorterThanTheDeclaredCounts_IsRejected" fullname="GlobalFront.Tests.EditMode.Client.Replication.ClientReplicationReceiverTests.ReceiveDelta_SinkShorterThanTheDeclaredCounts_IsRejected" methodname="ReceiveDelta_SinkShorterThanTheDeclaredCounts_IsRejected" classname="GlobalFront.Tests.EditMode.Client.Replication.ClientReplicationReceiverTests" runstate="Runnable" seed="415138826" result="Passed" start-time="2026-09-22 02:56:36Z" end-time="2026-09-22 02:56:36Z" duration="0.000374" asserts="0">
                    <properties>
                      <property name="retryIteration" value="0" />
                      <property name="repeatIteration" value="0" />
                    </properties>
                  </test-case>
                  <test-case id="1604" name="ReceiveDelta_StalePacket_LeavesTheWorldUntouched" fullname="GlobalFront.Tests.EditMode.Client.Replication.ClientReplicationReceiverTests.ReceiveDelta_StalePacket_LeavesTheWorldUntouched" methodname="ReceiveDelta_StalePacket_LeavesTheWorldUntouched" classname="GlobalFront.Tests.EditMode.Client.Replication.ClientReplicationReceiverTests" runstate="Runnable" seed="2129733925" result="Passed" start-time="2026-09-22 02:56:36Z" end-time="2026-09-22 02:56:36Z" duration="0.000717" asserts="0">
                    <properties>
                      <property name="retryIteration" value="0" />
                      <property name="repeatIteration" value="0" />
                    </properties>
                  </test-case>
                  <test-case id="1605" name="ReceiveDelta_TombstoneEcho_IsAppliedIdempotently" fullname="GlobalFront.Tests.EditMode.Client.Replication.ClientReplicationReceiverTests.ReceiveDelta_TombstoneEcho_IsAppliedIdempotently" methodname="ReceiveDelta_TombstoneEcho_IsAppliedIdempotently" classname="GlobalFront.Tests.EditMode.Client.Replication.ClientReplicationReceiverTests" runstate="Runnable" seed="21416183" result="Passed" start-time="2026-09-22 02:56:36Z" end-time="2026-09-22 02:56:36Z" duration="0.000894" asserts="0">
                    <properties>
                      <property name="retryIteration" value="0" />
                      <property name="repeatIteration" value="0" />
                    </properties>
                  </test-case>
                  <test-case id="1614" name="ReceiveDelta_UnsupportedDeltaVersion_IsRejected" fullname="GlobalFront.Tests.EditMode.Client.Replication.ClientReplicationReceiverTests.ReceiveDelta_UnsupportedDeltaVersion_IsRejected" methodname="ReceiveDelta_UnsupportedDeltaVersion_IsRejected" classname="GlobalFront.Tests.EditMode.Client.Replication.ClientReplicationReceiverTests" runstate="Runnable" seed="1939546525" result="Passed" start-time="2026-09-22 02:56:36Z" end-time="2026-09-22 02:56:36Z" duration="0.000423" asserts="0">
                    <properties>
                      <property name="retryIteration" value="0" />
                      <property name="repeatIteration" value="0" />
                    </properties>
                  </test-case>
                  <test-case id="1611" name="ReceiveDelta_UpdateForUnknownEntity_ReportsAnInconsistentWorld" fullname="GlobalFront.Tests.EditMode.Client.Replication.ClientReplicationReceiverTests.ReceiveDelta_UpdateForUnknownEntity_ReportsAnInconsistentWorld" methodname="ReceiveDelta_UpdateForUnknownEntity_ReportsAnInconsistentWorld" classname="GlobalFront.Tests.EditMode.Client.Replication.ClientReplicationReceiverTests" runstate="Runnable" seed="979377209" result="Passed" start-time="2026-09-22 02:56:36Z" end-time="2026-09-22 02:56:36Z" duration="0.001095" asserts="0">
                    <properties>
                      <property name="retryIteration" value="0" />
                      <property name="repeatIteration" value="0" />
                    </properties>
                  </test-case>
                  <test-case id="1612" name="ReceiveDelta_WorldOverflow_ReportsCapacityWithoutTouchingTheWorld" fullname="GlobalFront.Tests.EditMode.Client.Replication.ClientReplicationReceiverTests.ReceiveDelta_WorldOverflow_ReportsCapacityWithoutTouchingTheWorld" methodname="ReceiveDelta_WorldOverflow_ReportsCapacityWithoutTouchingTheWorld" classname="GlobalFront.Tests.EditMode.Client.Replication.ClientReplicationReceiverTests" runstate="Runnable" seed="1882950386" result="Passed" start-time="2026-09-22 02:56:36Z" end-time="2026-09-22 02:56:36Z" duration="0.000707" asserts="0">
                    <properties>
                      <property name="retryIteration" value="0" />
                      <property name="repeatIteration" value="0" />
                    </properties>
                  </test-case>
                  <test-case id="1613" name="ReceiveDelta_WrongMessageType_IsRejected" fullname="GlobalFront.Tests.EditMode.Client.Replication.ClientReplicationReceiverTests.ReceiveDelta_WrongMessageType_IsRejected" methodname="ReceiveDelta_WrongMessageType_IsRejected" classname="GlobalFront.Tests.EditMode.Client.Replication.ClientReplicationReceiverTests" runstate="Runnable" seed="1307440556" result="Passed" start-time="2026-09-22 02:56:36Z" end-time="2026-09-22 02:56:36Z" duration="0.000440" asserts="0">
                    <properties>
                      <property name="retryIteration" value="0" />
                      <property name="repeatIteration" value="0" />
                    </properties>
                  </test-case>
                  <test-case id="1601" name="ReceiveKeyframe_BeyondWorldCapacity_ReportsTheOverflow" fullname="GlobalFront.Tests.EditMode.Client.Replication.ClientReplicationReceiverTests.ReceiveKeyframe_BeyondWorldCapacity_ReportsTheOverflow" methodname="ReceiveKeyframe_BeyondWorldCapacity_ReportsTheOverflow" classname="GlobalFront.Tests.EditMode.Client.Replication.ClientReplicationReceiverTests" runstate="Runnable" seed="390830507" result="Passed" start-time="2026-09-22 02:56:36Z" end-time="2026-09-22 02:56:36Z" duration="0.000830" asserts="0">
                    <properties>
                      <property name="retryIteration" value="0" />
                      <property name="repeatIteration" value="0" />
                    </properties>
                  </test-case>
                  <test-case id="1599" name="ReceiveKeyframe_InstallsTheBaselineAndTheWholeWorld" fullname="GlobalFront.Tests.EditMode.Client.Replication.ClientReplicationReceiverTests.ReceiveKeyframe_InstallsTheBaselineAndTheWholeWorld" methodname="ReceiveKeyframe_InstallsTheBaselineAndTheWholeWorld" classname="GlobalFront.Tests.EditMode.Client.Replication.ClientReplicationReceiverTests" runstate="Runnable" seed="1294786627" result="Passed" start-time="2026-09-22 02:56:36Z" end-time="2026-09-22 02:56:36Z" duration="0.001518" asserts="0">
                    <properties>
                      <property name="retryIteration" value="0" />
                      <property name="repeatIteration" value="0" />
                    </properties>
                  </test-case>
                  <test-case id="1600" name="ReceiveKeyframe_ReplacesThePreviousWorld" fullname="GlobalFront.Tests.EditMode.Client.Replication.ClientReplicationReceiverTests.ReceiveKeyframe_ReplacesThePreviousWorld" methodname="ReceiveKeyframe_ReplacesThePreviousWorld" classname="GlobalFront.Tests.EditMode.Client.Replication.ClientReplicationReceiverTests" runstate="Runnable" seed="957404864" result="Passed" start-time="2026-09-22 02:56:36Z" end-time="2026-09-22 02:56:36Z" duration="0.000889" asserts="0">
                    <properties>
                      <property name="retryIteration" value="0" />
                      <property name="repeatIteration" value="0" />
                    </properties>
                  </test-case>
                  <test-case id="1625" name="Receiver_CatchUpAndRebasePath_DoesNotAllocate" fullname="GlobalFront.Tests.EditMode.Client.Replication.ClientReplicationReceiverTests.Receiver_CatchUpAndRebasePath_DoesNotAllocate" methodname="Receiver_CatchUpAndRebasePath_DoesNotAllocate" classname="GlobalFront.Tests.EditMode.Client.Replication.ClientReplicationReceiverTests" runstate="Runnable" seed="1285483478" result="Passed" start-time="2026-09-22 02:56:36Z" end-time="2026-09-22 02:56:36Z" duration="0.001967" asserts="0">
                    <properties>
                      <property name="retryIteration" value="0" />
                      <property name="repeatIteration" value="0" />
                    </properties>
                  </test-case>
                  <test-case id="1624" name="Receiver_DeltaStreamHotPath_DoesNotAllocate" fullname="GlobalFront.Tests.EditMode.Client.Replication.ClientReplicationReceiverTests.Receiver_DeltaStreamHotPath_DoesNotAllocate" methodname="Receiver_DeltaStreamHotPath_DoesNotAllocate" classname="GlobalFront.Tests.EditMode.Client.Replication.ClientReplicationReceiverTests" runstate="Runnable" seed="290225544" result="Passed" start-time="2026-09-22 02:56:36Z" end-time="2026-09-22 02:56:36Z" duration="0.005342" asserts="0">
                    <properties>
                      <property name="retryIteration" value="0" />
                      <property name="repeatIteration" value="0" />
                    </properties>
                  </test-case>
                  <test-case id="1620" name="Reset_ClearsWorldStateMachineAndFeedback" fullname="GlobalFront.Tests.EditMode.Client.Replication.ClientReplicationReceiverTests.Reset_ClearsWorldStateMachineAndFeedback" methodname="Reset_ClearsWorldStateMachineAndFeedback" classname="GlobalFront.Tests.EditMode.Client.Replication.ClientReplicationReceiverTests" runstate="Runnable" seed="210797502" result="Passed" start-time="2026-09-22 02:56:36Z" end-time="2026-09-22 02:56:36Z" duration="0.000992" asserts="0">
                    <properties>
                      <property name="retryIteration" value="0" />
                      <property name="repeatIteration" value="0" />
                    </properties>
                  </test-case>
                  <test-case id="1619" name="TryTakeAck_PacesTheFeedbackAtTheBaseCadence" fullname="GlobalFront.Tests.EditMode.Client.Replication.ClientReplicationReceiverTests.TryTakeAck_PacesTheFeedbackAtTheBaseCadence" methodname="TryTakeAck_PacesTheFeedbackAtTheBaseCadence" classname="GlobalFront.Tests.EditMode.Client.Replication.ClientReplicationReceiverTests" runstate="Runnable" seed="212904451" result="Passed" start-time="2026-09-22 02:56:36Z" end-time="2026-09-22 02:56:36Z" duration="0.001113" asserts="0">
                    <properties>
                      <property name="retryIteration" value="0" />
                      <property name="repeatIteration" value="0" />
                    </properties>
                  </test-case>
                  <test-case id="1618" name="Update_DrivesTheBaselineRequestSchedule" fullname="GlobalFront.Tests.EditMode.Client.Replication.ClientReplicationReceiverTests.Update_DrivesTheBaselineRequestSchedule" methodname="Update_DrivesTheBaselineRequestSchedule" classname="GlobalFront.Tests.EditMode.Client.Replication.ClientReplicationReceiverTests" runstate="Runnable" seed="1163354805" result="Passed" start-time="2026-09-22 02:56:36Z" end-time="2026-09-22 02:56:36Z" duration="0.000911" asserts="0">
                    <properties>
                      <property name="retryIteration" value="0" />
                      <property name="repeatIteration" value="0" />
                    </properties>
                  </test-case>
                </test-suite>
                <test-suite type="TestFixture" id="1626" name="ClientReplicationWorldTests" fullname="GlobalFront.Tests.EditMode.Client.Replication.ClientReplicationWorldTests" classname="GlobalFront.Tests.EditMode.Client.Replication.ClientReplicationWorldTests" runstate="Runnable" testcasecount="36" result="Passed" start-time="2026-09-22 02:56:36Z" end-time="2026-09-22 02:56:36Z" duration="0.039132" total="36" passed="36" failed="0" inconclusive="0" skipped="0" asserts="0">
                  <properties />
                  <test-case id="1632" name="ApplyAdd_AfterRemoval_ReusesTheFreedSlotWithoutGrowing" fullname="GlobalFront.Tests.EditMode.Client.Replication.ClientReplicationWorldTests.ApplyAdd_AfterRemoval_ReusesTheFreedSlotWithoutGrowing" methodname="ApplyAdd_AfterRemoval_ReusesTheFreedSlotWithoutGrowing" classname="GlobalFront.Tests.EditMode.Client.Replication.ClientReplicationWorldTests" runstate="Runnable" seed="1922982262" result="Passed" start-time="2026-09-22 02:56:36Z" end-time="2026-09-22 02:56:36Z" duration="0.001002" asserts="0">
                    <properties>
                      <property name="retryIteration" value="0" />
                      <property name="repeatIteration" value="0" />
                    </properties>
                  </test-case>
                  <test-case id="1631" name="ApplyAdd_BeyondCapacity_IsRejectedAndCountsTheReject" fullname="GlobalFront.Tests.EditMode.Client.Replication.ClientReplicationWorldTests.ApplyAdd_BeyondCapacity_IsRejectedAndCountsTheReject" methodname="ApplyAdd_BeyondCapacity_IsRejectedAndCountsTheReject" classname="GlobalFront.Tests.EditMode.Client.Replication.ClientReplicationWorldTests" runstate="Runnable" seed="513823454" result="Passed" start-time="2026-09-22 02:56:36Z" end-time="2026-09-22 02:56:36Z" duration="0.000610" asserts="0">
                    <properties>
                      <property name="retryIteration" value="0" />
                      <property name="repeatIteration" value="0" />
                    </properties>
                  </test-case>
                  <test-case id="1627" name="ApplyAdd_InstallsEveryFieldBitExact" fullname="GlobalFront.Tests.EditMode.Client.Replication.ClientReplicationWorldTests.ApplyAdd_InstallsEveryFieldBitExact" methodname="ApplyAdd_InstallsEveryFieldBitExact" classname="GlobalFront.Tests.EditMode.Client.Replication.ClientReplicationWorldTests" runstate="Runnable" seed="1381411104" result="Passed" start-time="2026-09-22 02:56:36Z" end-time="2026-09-22 02:56:36Z" duration="0.000746" asserts="0">
                    <properties>
                      <property name="retryIteration" value="0" />
                      <property name="repeatIteration" value="0" />
                    </properties>
                  </test-case>
                  <test-case id="1630" name="ApplyAdd_InvalidEntityId_IsRejected" fullname="GlobalFront.Tests.EditMode.Client.Replication.ClientReplicationWorldTests.ApplyAdd_InvalidEntityId_IsRejected" methodname="ApplyAdd_InvalidEntityId_IsRejected" classname="GlobalFront.Tests.EditMode.Client.Replication.ClientReplicationWorldTests" runstate="Runnable" seed="2025387150" result="Passed" start-time="2026-09-22 02:56:36Z" end-time="2026-09-22 02:56:36Z" duration="0.000466" asserts="0">
                    <properties>
                      <property name="retryIteration" value="0" />
                      <property name="repeatIteration" value="0" />
                    </properties>
                  </test-case>
                  <test-case id="1629" name="ApplyAdd_SameEntityTwice_IsRejectedAndKeepsTheFirstState" fullname="GlobalFront.Tests.EditMode.Client.Replication.ClientReplicationWorldTests.ApplyAdd_SameEntityTwice_IsRejectedAndKeepsTheFirstState" methodname="ApplyAdd_SameEntityTwice_IsRejectedAndKeepsTheFirstState" classname="GlobalFront.Tests.EditMode.Client.Replication.ClientReplicationWorldTests" runstate="Runnable" seed="81276163" result="Passed" start-time="2026-09-22 02:56:36Z" end-time="2026-09-22 02:56:36Z" duration="0.000407" asserts="0">
                    <properties>
                      <property name="retryIteration" value="0" />
                      <property name="repeatIteration" value="0" />
                    </properties>
                  </test-case>
                  <test-case id="1628" name="ApplyAdd_WithoutMoveTarget_StoresZeroedTargetCoordinates" fullname="GlobalFront.Tests.EditMode.Client.Replication.ClientReplicationWorldTests.ApplyAdd_WithoutMoveTarget_StoresZeroedTargetCoordinates" methodname="ApplyAdd_WithoutMoveTarget_StoresZeroedTargetCoordinates" classname="GlobalFront.Tests.EditMode.Client.Replication.ClientReplicationWorldTests" runstate="Runnable" seed="536820765" result="Passed" start-time="2026-09-22 02:56:36Z" end-time="2026-09-22 02:56:36Z" duration="0.000413" asserts="0">
                    <properties>
                      <property name="retryIteration" value="0" />
                      <property name="repeatIteration" value="0" />
                    </properties>
                  </test-case>
                  <test-case id="1649" name="ApplyRemove_DestroyedUnit_DropsItFromTheTable" fullname="GlobalFront.Tests.EditMode.Client.Replication.ClientReplicationWorldTests.ApplyRemove_DestroyedUnit_DropsItFromTheTable" methodname="ApplyRemove_DestroyedUnit_DropsItFromTheTable" classname="GlobalFront.Tests.EditMode.Client.Replication.ClientReplicationWorldTests" runstate="Runnable" seed="806151316" result="Passed" start-time="2026-09-22 02:56:36Z" end-time="2026-09-22 02:56:36Z" duration="0.000596" asserts="0">
                    <properties>
                      <property name="retryIteration" value="0" />
                      <property name="repeatIteration" value="0" />
                    </properties>
                  </test-case>
                  <test-case id="1650" name="ApplyRemove_FogOfWarHidden_IsCountedSeparately" fullname="GlobalFront.Tests.EditMode.Client.Replication.ClientReplicationWorldTests.ApplyRemove_FogOfWarHidden_IsCountedSeparately" methodname="ApplyRemove_FogOfWarHidden_IsCountedSeparately" classname="GlobalFront.Tests.EditMode.Client.Replication.ClientReplicationWorldTests" runstate="Runnable" seed="131795450" result="Passed" start-time="2026-09-22 02:56:36Z" end-time="2026-09-22 02:56:36Z" duration="0.000399" asserts="0">
                    <properties>
                      <property name="retryIteration" value="0" />
                      <property name="repeatIteration" value="0" />
                    </properties>
                  </test-case>
                  <test-case id="1653" name="ApplyRemove_InvalidEntityId_IsRejected" fullname="GlobalFront.Tests.EditMode.Client.Replication.ClientReplicationWorldTests.ApplyRemove_InvalidEntityId_IsRejected" methodname="ApplyRemove_InvalidEntityId_IsRejected" classname="GlobalFront.Tests.EditMode.Client.Replication.ClientReplicationWorldTests" runstate="Runnable" seed="48048107" result="Passed" start-time="2026-09-22 02:56:36Z" end-time="2026-09-22 02:56:36Z" duration="0.000327" asserts="0">
                    <properties>
                      <property name="retryIteration" value="0" />
                      <property name="repeatIteration" value="0" />
                    </properties>
                  </test-case>
                  <test-case id="1652" name="ApplyRemove_Twice_ReportsTheSecondAsUnknown" fullname="GlobalFront.Tests.EditMode.Client.Replication.ClientReplicationWorldTests.ApplyRemove_Twice_ReportsTheSecondAsUnknown" methodname="ApplyRemove_Twice_ReportsTheSecondAsUnknown" classname="GlobalFront.Tests.EditMode.Client.Replication.ClientReplicationWorldTests" runstate="Runnable" seed="607339200" result="Passed" start-time="2026-09-22 02:56:36Z" end-time="2026-09-22 02:56:36Z" duration="0.000369" asserts="0">
                    <properties>
                      <property name="retryIteration" value="0" />
                      <property name="repeatIteration" value="0" />
                    </properties>
                  </test-case>
                  <test-case id="1651" name="ApplyRemove_UnknownEntity_IsAnIdempotentNoOp" fullname="GlobalFront.Tests.EditMode.Client.Replication.ClientReplicationWorldTests.ApplyRemove_UnknownEntity_IsAnIdempotentNoOp" methodname="ApplyRemove_UnknownEntity_IsAnIdempotentNoOp" classname="GlobalFront.Tests.EditMode.Client.Replication.ClientReplicationWorldTests" runstate="Runnable" seed="934762676" result="Passed" start-time="2026-09-22 02:56:36Z" end-time="2026-09-22 02:56:36Z" duration="0.000491" asserts="0">
                    <properties>
                      <property name="retryIteration" value="0" />
                      <property name="repeatIteration" value="0" />
                    </properties>
                  </test-case>
                  <test-case id="1645" name="ApplyUpdate_ArmedTargetWithBothBits_SetsFlagAndCoordinates" fullname="GlobalFront.Tests.EditMode.Client.Replication.ClientReplicationWorldTests.ApplyUpdate_ArmedTargetWithBothBits_SetsFlagAndCoordinates" methodname="ApplyUpdate_ArmedTargetWithBothBits_SetsFlagAndCoordinates" classname="GlobalFront.Tests.EditMode.Client.Replication.ClientReplicationWorldTests" runstate="Runnable" seed="862425003" result="Passed" start-time="2026-09-22 02:56:36Z" end-time="2026-09-22 02:56:36Z" duration="0.000484" asserts="0">
                    <properties>
                      <property name="retryIteration" value="0" />
                      <property name="repeatIteration" value="0" />
                    </properties>
                  </test-case>
                  <test-case id="1638" name="ApplyUpdate_AttackTargetBit_ChangesOnlyTheAttackTarget" fullname="GlobalFront.Tests.EditMode.Client.Replication.ClientReplicationWorldTests.ApplyUpdate_AttackTargetBit_ChangesOnlyTheAttackTarget" methodname="ApplyUpdate_AttackTargetBit_ChangesOnlyTheAttackTarget" classname="GlobalFront.Tests.EditMode.Client.Replication.ClientReplicationWorldTests" runstate="Runnable" seed="610103808" result="Passed" start-time="2026-09-22 02:56:36Z" end-time="2026-09-22 02:56:36Z" duration="0.001714" asserts="0">
                    <properties>
                      <property name="retryIteration" value="0" />
                      <property name="repeatIteration" value="0" />
                    </properties>
                  </test-case>
                  <test-case id="1639" name="ApplyUpdate_AutoAcquireBit_ChangesOnlyTheFlag" fullname="GlobalFront.Tests.EditMode.Client.Replication.ClientReplicationWorldTests.ApplyUpdate_AutoAcquireBit_ChangesOnlyTheFlag" methodname="ApplyUpdate_AutoAcquireBit_ChangesOnlyTheFlag" classname="GlobalFront.Tests.EditMode.Client.Replication.ClientReplicationWorldTests" runstate="Runnable" seed="8145439" result="Passed" start-time="2026-09-22 02:56:36Z" end-time="2026-09-22 02:56:36Z" duration="0.000399" asserts="0">
                    <properties>
                      <property name="retryIteration" value="0" />
                      <property name="repeatIteration" value="0" />
                    </properties>
                  </test-case>
                  <test-case id="1640" name="ApplyUpdate_EmptyMask_ChangesNothing" fullname="GlobalFront.Tests.EditMode.Client.Replication.ClientReplicationWorldTests.ApplyUpdate_EmptyMask_ChangesNothing" methodname="ApplyUpdate_EmptyMask_ChangesNothing" classname="GlobalFront.Tests.EditMode.Client.Replication.ClientReplicationWorldTests" runstate="Runnable" seed="2071667355" result="Passed" start-time="2026-09-22 02:56:36Z" end-time="2026-09-22 02:56:36Z" duration="0.001012" asserts="0">
                    <properties>
                      <property name="retryIteration" value="0" />
                      <property name="repeatIteration" value="0" />
                    </properties>
                  </test-case>
                  <test-case id="1641" name="ApplyUpdate_FullMask_InstallsEveryTransmittedField" fullname="GlobalFront.Tests.EditMode.Client.Replication.ClientReplicationWorldTests.ApplyUpdate_FullMask_InstallsEveryTransmittedField" methodname="ApplyUpdate_FullMask_InstallsEveryTransmittedField" classname="GlobalFront.Tests.EditMode.Client.Replication.ClientReplicationWorldTests" runstate="Runnable" seed="570818495" result="Passed" start-time="2026-09-22 02:56:36Z" end-time="2026-09-22 02:56:36Z" duration="0.000996" asserts="0">
                    <properties>
                      <property name="retryIteration" value="0" />
                      <property name="repeatIteration" value="0" />
                    </properties>
                  </test-case>
                  <test-case id="1636" name="ApplyUpdate_HasMoveTargetBitSetToOne_ChangesOnlyTheFlag" fullname="GlobalFront.Tests.EditMode.Client.Replication.ClientReplicationWorldTests.ApplyUpdate_HasMoveTargetBitSetToOne_ChangesOnlyTheFlag" methodname="ApplyUpdate_HasMoveTargetBitSetToOne_ChangesOnlyTheFlag" classname="GlobalFront.Tests.EditMode.Client.Replication.ClientReplicationWorldTests" runstate="Runnable" seed="68481705" result="Passed" start-time="2026-09-22 02:56:36Z" end-time="2026-09-22 02:56:36Z" duration="0.000905" asserts="0">
                    <properties>
                      <property name="retryIteration" value="0" />
                      <property name="repeatIteration" value="0" />
                    </properties>
                  </test-case>
                  <test-case id="1635" name="ApplyUpdate_HealthBit_ChangesOnlyTheHealth" fullname="GlobalFront.Tests.EditMode.Client.Replication.ClientReplicationWorldTests.ApplyUpdate_HealthBit_ChangesOnlyTheHealth" methodname="ApplyUpdate_HealthBit_ChangesOnlyTheHealth" classname="GlobalFront.Tests.EditMode.Client.Replication.ClientReplicationWorldTests" runstate="Runnable" seed="312128121" result="Passed" start-time="2026-09-22 02:56:36Z" end-time="2026-09-22 02:56:36Z" duration="0.000435" asserts="0">
                    <properties>
                      <property name="retryIteration" value="0" />
                      <property name="repeatIteration" value="0" />
                    </properties>
                  </test-case>
                  <test-case id="1647" name="ApplyUpdate_InvalidEntityId_IsRejected" fullname="GlobalFront.Tests.EditMode.Client.Replication.ClientReplicationWorldTests.ApplyUpdate_InvalidEntityId_IsRejected" methodname="ApplyUpdate_InvalidEntityId_IsRejected" classname="GlobalFront.Tests.EditMode.Client.Replication.ClientReplicationWorldTests" runstate="Runnable" seed="186920597" result="Passed" start-time="2026-09-22 02:56:36Z" end-time="2026-09-22 02:56:36Z" duration="0.000844" asserts="0">
                    <properties>
                      <property name="retryIteration" value="0" />
                      <property name="repeatIteration" value="0" />
                    </properties>
                  </test-case>
                  <test-case id="1637" name="ApplyUpdate_MoveTargetBit_ChangesOnlyTheCoordinates" fullname="GlobalFront.Tests.EditMode.Client.Replication.ClientReplicationWorldTests.ApplyUpdate_MoveTargetBit_ChangesOnlyTheCoordinates" methodname="ApplyUpdate_MoveTargetBit_ChangesOnlyTheCoordinates" classname="GlobalFront.Tests.EditMode.Client.Replication.ClientReplicationWorldTests" runstate="Runnable" seed="318186703" result="Passed" start-time="2026-09-22 02:56:36Z" end-time="2026-09-22 02:56:36Z" duration="0.000771" asserts="0">
                    <properties>
                      <property name="retryIteration" value="0" />
                      <property name="repeatIteration" value="0" />
                    </properties>
                  </test-case>
                  <test-case id="1644" name="ApplyUpdate_MoveTargetWithoutTheFlagBit_KeepsTheExistingFlag" fullname="GlobalFront.Tests.EditMode.Client.Replication.ClientReplicationWorldTests.ApplyUpdate_MoveTargetWithoutTheFlagBit_KeepsTheExistingFlag" methodname="ApplyUpdate_MoveTargetWithoutTheFlagBit_KeepsTheExistingFlag" classname="GlobalFront.Tests.EditMode.Client.Replication.ClientReplicationWorldTests" runstate="Runnable" seed="1299655353" result="Passed" start-time="2026-09-22 02:56:36Z" end-time="2026-09-22 02:56:36Z" duration="0.000488" asserts="0">
                    <properties>
                      <property name="retryIteration" value="0" />
                      <property name="repeatIteration" value="0" />
                    </properties>
                  </test-case>
                  <test-case id="1642" name="ApplyUpdate_OD14_ClearingTheMoveTargetZeroesTheCoordinates" fullname="GlobalFront.Tests.EditMode.Client.Replication.ClientReplicationWorldTests.ApplyUpdate_OD14_ClearingTheMoveTargetZeroesTheCoordinates" methodname="ApplyUpdate_OD14_ClearingTheMoveTargetZeroesTheCoordinates" classname="GlobalFront.Tests.EditMode.Client.Replication.ClientReplicationWorldTests" runstate="Runnable" seed="2017834468" result="Passed" start-time="2026-09-22 02:56:36Z" end-time="2026-09-22 02:56:36Z" duration="0.000456" asserts="0">
                    <properties>
                      <property name="retryIteration" value="0" />
                      <property name="repeatIteration" value="0" />
                    </properties>
                  </test-case>
                  <test-case id="1643" name="ApplyUpdate_OD14_ClearWithoutTheCoordinateBit_StillZeroesTheCoordinates" fullname="GlobalFront.Tests.EditMode.Client.Replication.ClientReplicationWorldTests.ApplyUpdate_OD14_ClearWithoutTheCoordinateBit_StillZeroesTheCoordinates" methodname="ApplyUpdate_OD14_ClearWithoutTheCoordinateBit_StillZeroesTheCoordinates" classname="GlobalFront.Tests.EditMode.Client.Replication.ClientReplicationWorldTests" runstate="Runnable" seed="1032734445" result="Passed" start-time="2026-09-22 02:56:36Z" end-time="2026-09-22 02:56:36Z" duration="0.000384" asserts="0">
                    <properties>
                      <property name="retryIteration" value="0" />
                      <property name="repeatIteration" value="0" />
                    </properties>
                  </test-case>
                  <test-case id="1633" name="ApplyUpdate_OwnerBit_ChangesOnlyTheOwner" fullname="GlobalFront.Tests.EditMode.Client.Replication.ClientReplicationWorldTests.ApplyUpdate_OwnerBit_ChangesOnlyTheOwner" methodname="ApplyUpdate_OwnerBit_ChangesOnlyTheOwner" classname="GlobalFront.Tests.EditMode.Client.Replication.ClientReplicationWorldTests" runstate="Runnable" seed="1517265054" result="Passed" start-time="2026-09-22 02:56:36Z" end-time="2026-09-22 02:56:36Z" duration="0.001067" asserts="0">
                    <properties>
                      <property name="retryIteration" value="0" />
                      <property name="repeatIteration" value="0" />
                    </properties>
                  </test-case>
                  <test-case id="1634" name="ApplyUpdate_PositionBit_ChangesOnlyThePosition" fullname="GlobalFront.Tests.EditMode.Client.Replication.ClientReplicationWorldTests.ApplyUpdate_PositionBit_ChangesOnlyThePosition" methodname="ApplyUpdate_PositionBit_ChangesOnlyThePosition" classname="GlobalFront.Tests.EditMode.Client.Replication.ClientReplicationWorldTests" runstate="Runnable" seed="135897257" result="Passed" start-time="2026-09-22 02:56:36Z" end-time="2026-09-22 02:56:36Z" duration="0.000501" asserts="0">
                    <properties>
                      <property name="retryIteration" value="0" />
                      <property name="repeatIteration" value="0" />
                    </properties>
                  </test-case>
                  <test-case id="1648" name="ApplyUpdate_ReservedDirtyMaskBit_IsRejectedAndLeavesTheUnitUntouched" fullname="GlobalFront.Tests.EditMode.Client.Replication.ClientReplicationWorldTests.ApplyUpdate_ReservedDirtyMaskBit_IsRejectedAndLeavesTheUnitUntouched" methodname="ApplyUpdate_ReservedDirtyMaskBit_IsRejectedAndLeavesTheUnitUntouched" classname="GlobalFront.Tests.EditMode.Client.Replication.ClientReplicationWorldTests" runstate="Runnable" seed="12870951" result="Passed" start-time="2026-09-22 02:56:36Z" end-time="2026-09-22 02:56:36Z" duration="0.000460" asserts="0">
                    <properties>
                      <property name="retryIteration" value="0" />
                      <property name="repeatIteration" value="0" />
                    </properties>
                  </test-case>
                  <test-case id="1646" name="ApplyUpdate_UnknownEntity_IsRejectedAndChangesNothing" fullname="GlobalFront.Tests.EditMode.Client.Replication.ClientReplicationWorldTests.ApplyUpdate_UnknownEntity_IsRejectedAndChangesNothing" methodname="ApplyUpdate_UnknownEntity_IsRejectedAndChangesNothing" classname="GlobalFront.Tests.EditMode.Client.Replication.ClientReplicationWorldTests" runstate="Runnable" seed="237940871" result="Passed" start-time="2026-09-22 02:56:36Z" end-time="2026-09-22 02:56:36Z" duration="0.000362" asserts="0">
                    <properties>
                      <property name="retryIteration" value="0" />
                      <property name="repeatIteration" value="0" />
                    </properties>
                  </test-case>
                  <test-case id="1656" name="Churn_AddRemoveCycles_KeepTheIndexConsistent" fullname="GlobalFront.Tests.EditMode.Client.Replication.ClientReplicationWorldTests.Churn_AddRemoveCycles_KeepTheIndexConsistent" methodname="Churn_AddRemoveCycles_KeepTheIndexConsistent" classname="GlobalFront.Tests.EditMode.Client.Replication.ClientReplicationWorldTests" runstate="Runnable" seed="1281007253" result="Passed" start-time="2026-09-22 02:56:36Z" end-time="2026-09-22 02:56:36Z" duration="0.003645" asserts="0">
                    <properties>
                      <property name="retryIteration" value="0" />
                      <property name="repeatIteration" value="0" />
                    </properties>
                  </test-case>
                  <test-case id="1662" name="ClientUnitState_EqualityIsFieldwise" fullname="GlobalFront.Tests.EditMode.Client.Replication.ClientReplicationWorldTests.ClientUnitState_EqualityIsFieldwise" methodname="ClientUnitState_EqualityIsFieldwise" classname="GlobalFront.Tests.EditMode.Client.Replication.ClientReplicationWorldTests" runstate="Runnable" seed="1475294847" result="Passed" start-time="2026-09-22 02:56:36Z" end-time="2026-09-22 02:56:36Z" duration="0.004426" asserts="0">
                    <properties>
                      <property name="retryIteration" value="0" />
                      <property name="repeatIteration" value="0" />
                    </properties>
                  </test-case>
                  <test-case id="1660" name="Constructor_RejectsNonPositiveCapacity" fullname="GlobalFront.Tests.EditMode.Client.Replication.ClientReplicationWorldTests.Constructor_RejectsNonPositiveCapacity" methodname="Constructor_RejectsNonPositiveCapacity" classname="GlobalFront.Tests.EditMode.Client.Replication.ClientReplicationWorldTests" runstate="Runnable" seed="1203027670" result="Passed" start-time="2026-09-22 02:56:36Z" end-time="2026-09-22 02:56:36Z" duration="0.000584" asserts="0">
                    <properties>
                      <property name="retryIteration" value="0" />
                      <property name="repeatIteration" value="0" />
                    </properties>
                  </test-case>
                  <test-case id="1657" name="CopyLiveStates_FillsTheCallerBufferInSlotOrder" fullname="GlobalFront.Tests.EditMode.Client.Replication.ClientReplicationWorldTests.CopyLiveStates_FillsTheCallerBufferInSlotOrder" methodname="CopyLiveStates_FillsTheCallerBufferInSlotOrder" classname="GlobalFront.Tests.EditMode.Client.Replication.ClientReplicationWorldTests" runstate="Runnable" seed="1574990269" result="Passed" start-time="2026-09-22 02:56:36Z" end-time="2026-09-22 02:56:36Z" duration="0.000818" asserts="0">
                    <properties>
                      <property name="retryIteration" value="0" />
                      <property name="repeatIteration" value="0" />
                    </properties>
                  </test-case>
                  <test-case id="1661" name="DefaultCapacity_CoversThePhase26EntityTarget" fullname="GlobalFront.Tests.EditMode.Client.Replication.ClientReplicationWorldTests.DefaultCapacity_CoversThePhase26EntityTarget" methodname="DefaultCapacity_CoversThePhase26EntityTarget" classname="GlobalFront.Tests.EditMode.Client.Replication.ClientReplicationWorldTests" runstate="Runnable" seed="2029407094" result="Passed" start-time="2026-09-22 02:56:36Z" end-time="2026-09-22 02:56:36Z" duration="0.000210" asserts="0">
                    <properties>
                      <property name="retryIteration" value="0" />
                      <property name="repeatIteration" value="0" />
                    </properties>
                  </test-case>
                  <test-case id="1654" name="Reset_DropsEveryUnitAndKeepsTheBuffers" fullname="GlobalFront.Tests.EditMode.Client.Replication.ClientReplicationWorldTests.Reset_DropsEveryUnitAndKeepsTheBuffers" methodname="Reset_DropsEveryUnitAndKeepsTheBuffers" classname="GlobalFront.Tests.EditMode.Client.Replication.ClientReplicationWorldTests" runstate="Runnable" seed="491531160" result="Passed" start-time="2026-09-22 02:56:36Z" end-time="2026-09-22 02:56:36Z" duration="0.000415" asserts="0">
                    <properties>
                      <property name="retryIteration" value="0" />
                      <property name="repeatIteration" value="0" />
                    </properties>
                  </test-case>
                  <test-case id="1655" name="Reset_MakesTheWholeCapacityReusable" fullname="GlobalFront.Tests.EditMode.Client.Replication.ClientReplicationWorldTests.Reset_MakesTheWholeCapacityReusable" methodname="Reset_MakesTheWholeCapacityReusable" classname="GlobalFront.Tests.EditMode.Client.Replication.ClientReplicationWorldTests" runstate="Runnable" seed="825778899" result="Passed" start-time="2026-09-22 02:56:36Z" end-time="2026-09-22 02:56:36Z" duration="0.000458" asserts="0">
                    <properties>
                      <property name="retryIteration" value="0" />
                      <property name="repeatIteration" value="0" />
                    </properties>
                  </test-case>
                  <test-case id="1659" name="SlotAccessors_RejectOutOfRangeIndices" fullname="GlobalFront.Tests.EditMode.Client.Replication.ClientReplicationWorldTests.SlotAccessors_RejectOutOfRangeIndices" methodname="SlotAccessors_RejectOutOfRangeIndices" classname="GlobalFront.Tests.EditMode.Client.Replication.ClientReplicationWorldTests" runstate="Runnable" seed="1849585802" result="Passed" start-time="2026-09-22 02:56:36Z" end-time="2026-09-22 02:56:36Z" duration="0.000361" asserts="0">
                    <properties>
                      <property name="retryIteration" value="0" />
                      <property name="repeatIteration" value="0" />
                    </properties>
                  </test-case>
                  <test-case id="1658" name="SlotEnumeration_ExposesEveryLiveUnitExactlyOnce" fullname="GlobalFront.Tests.EditMode.Client.Replication.ClientReplicationWorldTests.SlotEnumeration_ExposesEveryLiveUnitExactlyOnce" methodname="SlotEnumeration_ExposesEveryLiveUnitExactlyOnce" classname="GlobalFront.Tests.EditMode.Client.Replication.ClientReplicationWorldTests" runstate="Runnable" seed="409779747" result="Passed" start-time="2026-09-22 02:56:36Z" end-time="2026-09-22 02:56:36Z" duration="0.000579" asserts="0">
                    <properties>
                      <property name="retryIteration" value="0" />
                      <property name="repeatIteration" value="0" />
                    </properties>
                  </test-case>
                </test-suite>
                <test-suite type="TestFixture" id="1663" name="ReplicationFeedbackGeneratorTests" fullname="GlobalFront.Tests.EditMode.Client.Replication.ReplicationFeedbackGeneratorTests" classname="GlobalFront.Tests.EditMode.Client.Replication.ReplicationFeedbackGeneratorTests" runstate="Runnable" testcasecount="23" result="Passed" start-time="2026-09-22 02:56:36Z" end-time="2026-09-22 02:56:36Z" duration="0.013138" total="23" passed="23" failed="0" inconclusive="0" skipped="0" asserts="0">
                  <properties />
                  <test-case id="1671" name="Ack_CreateGap_SetsTheOverflowFlagOnAFullBitmap" fullname="GlobalFront.Tests.EditMode.Client.Replication.ReplicationFeedbackGeneratorTests.Ack_CreateGap_SetsTheOverflowFlagOnAFullBitmap" methodname="Ack_CreateGap_SetsTheOverflowFlagOnAFullBitmap" classname="GlobalFront.Tests.EditMode.Client.Replication.ReplicationFeedbackGeneratorTests" runstate="Runnable" seed="1142724157" result="Passed" start-time="2026-09-22 02:56:36Z" end-time="2026-09-22 02:56:36Z" duration="0.000677" asserts="0">
                    <properties>
                      <property name="retryIteration" value="0" />
                      <property name="repeatIteration" value="0" />
                    </properties>
                  </test-case>
                  <test-case id="1670" name="Ack_FlagsAndEquality" fullname="GlobalFront.Tests.EditMode.Client.Replication.ReplicationFeedbackGeneratorTests.Ack_FlagsAndEquality" methodname="Ack_FlagsAndEquality" classname="GlobalFront.Tests.EditMode.Client.Replication.ReplicationFeedbackGeneratorTests" runstate="Runnable" seed="1156974037" result="Passed" start-time="2026-09-22 02:56:36Z" end-time="2026-09-22 02:56:36Z" duration="0.001870" asserts="0">
                    <properties>
                      <property name="retryIteration" value="0" />
                      <property name="repeatIteration" value="0" />
                    </properties>
                  </test-case>
[...]
                <properties>
                  <property name="retryIteration" value="0" />
                  <property name="repeatIteration" value="0" />
                </properties>
              </test-case>
              <test-case id="1323" name="SnapshotVersionMismatch_IsDenied" fullname="GlobalFront.Tests.EditMode.TransportFlowAndSecurityTests.SnapshotVersionMismatch_IsDenied" methodname="SnapshotVersionMismatch_IsDenied" classname="GlobalFront.Tests.EditMode.TransportFlowAndSecurityTests" runstate="Runnable" seed="430702804" result="Passed" start-time="2026-09-22 02:56:39Z" end-time="2026-09-22 02:56:39Z" duration="0.001688" asserts="0">
                <properties>
                  <property name="retryIteration" value="0" />
                  <property name="repeatIteration" value="0" />
                </properties>
              </test-case>
              <test-case id="1315" name="StaleRequestedTick_AckCarriesHeaderRejected" fullname="GlobalFront.Tests.EditMode.TransportFlowAndSecurityTests.StaleRequestedTick_AckCarriesHeaderRejected" methodname="StaleRequestedTick_AckCarriesHeaderRejected" classname="GlobalFront.Tests.EditMode.TransportFlowAndSecurityTests" runstate="Runnable" seed="744317890" result="Passed" start-time="2026-09-22 02:56:39Z" end-time="2026-09-22 02:56:39Z" duration="0.002003" asserts="0">
                <properties>
                  <property name="retryIteration" value="0" />
                  <property name="repeatIteration" value="0" />
                </properties>
              </test-case>
            </test-suite>
            <test-suite type="TestFixture" id="1324" name="TransportIntegrationTests" fullname="GlobalFront.Tests.EditMode.TransportIntegrationTests" classname="GlobalFront.Tests.EditMode.TransportIntegrationTests" runstate="Runnable" testcasecount="8" result="Passed" start-time="2026-09-22 02:56:39Z" end-time="2026-09-22 02:56:39Z" duration="0.100176" total="8" passed="8" failed="0" inconclusive="0" skipped="0" asserts="0">
              <properties />
              <test-case id="1326" name="Commands_BothPlayers_AppliedWithRequestedTickSemantics" fullname="GlobalFront.Tests.EditMode.TransportIntegrationTests.Commands_BothPlayers_AppliedWithRequestedTickSemantics" methodname="Commands_BothPlayers_AppliedWithRequestedTickSemantics" classname="GlobalFront.Tests.EditMode.TransportIntegrationTests" runstate="Runnable" seed="660325047" result="Passed" start-time="2026-09-22 02:56:39Z" end-time="2026-09-22 02:56:39Z" duration="0.002779" asserts="0">
                <properties>
                  <property name="retryIteration" value="0" />
                  <property name="repeatIteration" value="0" />
                </properties>
              </test-case>
              <test-case id="1332" name="DeterministicRuns_ProduceIdenticalAuthoritativeState" fullname="GlobalFront.Tests.EditMode.TransportIntegrationTests.DeterministicRuns_ProduceIdenticalAuthoritativeState" methodname="DeterministicRuns_ProduceIdenticalAuthoritativeState" classname="GlobalFront.Tests.EditMode.TransportIntegrationTests" runstate="Runnable" seed="349709578" result="Passed" start-time="2026-09-22 02:56:39Z" end-time="2026-09-22 02:56:39Z" duration="0.005119" asserts="0">
                <properties>
                  <property name="retryIteration" value="0" />
                  <property name="repeatIteration" value="0" />
                </properties>
              </test-case>
              <test-case id="1330" name="GracefulDisconnect_ClosesSession_AndReleasesBinding" fullname="GlobalFront.Tests.EditMode.TransportIntegrationTests.GracefulDisconnect_ClosesSession_AndReleasesBinding" methodname="GracefulDisconnect_ClosesSession_AndReleasesBinding" classname="GlobalFront.Tests.EditMode.TransportIntegrationTests" runstate="Runnable" seed="1592755682" result="Passed" start-time="2026-09-22 02:56:39Z" end-time="2026-09-22 02:56:39Z" duration="0.002923" asserts="0">
                <properties>
                  <property name="retryIteration" value="0" />
                  <property name="repeatIteration" value="0" />
                </properties>
              </test-case>
              <test-case id="1329" name="LargeSnapshot_3000Entities_OwnCarrier_FullDelivery_AcceptedAsLatest" fullname="GlobalFront.Tests.EditMode.TransportIntegrationTests.LargeSnapshot_3000Entities_OwnCarrier_FullDelivery_AcceptedAsLatest" methodname="LargeSnapshot_3000Entities_OwnCarrier_FullDelivery_AcceptedAsLatest" classname="GlobalFront.Tests.EditMode.TransportIntegrationTests" runstate="Runnable" seed="338884121" result="Passed" start-time="2026-09-22 02:56:39Z" end-time="2026-09-22 02:56:39Z" duration="0.069423" asserts="0">
                <properties>
                  <property name="retryIteration" value="0" />
                  <property name="repeatIteration" value="0" />
                </properties>
              </test-case>
              <test-case id="1328" name="Snapshot_MultiFragment_C2_LatestWins_AfterReassembly" fullname="GlobalFront.Tests.EditMode.TransportIntegrationTests.Snapshot_MultiFragment_C2_LatestWins_AfterReassembly" methodname="Snapshot_MultiFragment_C2_LatestWins_AfterReassembly" classname="GlobalFront.Tests.EditMode.TransportIntegrationTests" runstate="Runnable" seed="930014140" result="Passed" start-time="2026-09-22 02:56:39Z" end-time="2026-09-22 02:56:39Z" duration="0.012335" asserts="0">
                <properties>
                  <property name="retryIteration" value="0" />
                  <property name="repeatIteration" value="0" />
                </properties>
              </test-case>
              <test-case id="1327" name="SnapshotDelivery_CarriesSnapshotTick_ForLatestWins" fullname="GlobalFront.Tests.EditMode.TransportIntegrationTests.SnapshotDelivery_CarriesSnapshotTick_ForLatestWins" methodname="SnapshotDelivery_CarriesSnapshotTick_ForLatestWins" classname="GlobalFront.Tests.EditMode.TransportIntegrationTests" runstate="Runnable" seed="1167451709" result="Passed" start-time="2026-09-22 02:56:39Z" end-time="2026-09-22 02:56:39Z" duration="0.001710" asserts="0">
                <properties>
                  <property name="retryIteration" value="0" />
                  <property name="repeatIteration" value="0" />
                </properties>
              </test-case>
              <test-case id="1331" name="TransportTimeout_FeedsPhase24Grace_Mechanics" fullname="GlobalFront.Tests.EditMode.TransportIntegrationTests.TransportTimeout_FeedsPhase24Grace_Mechanics" methodname="TransportTimeout_FeedsPhase24Grace_Mechanics" classname="GlobalFront.Tests.EditMode.TransportIntegrationTests" runstate="Runnable" seed="658289757" result="Passed" start-time="2026-09-22 02:56:39Z" end-time="2026-09-22 02:56:39Z" duration="0.001610" asserts="0">
                <properties>
                  <property name="retryIteration" value="0" />
                  <property name="repeatIteration" value="0" />
                </properties>
              </test-case>
              <test-case id="1325" name="TwoClients_AttachWithDistinctServerAssignedPlayerIds" fullname="GlobalFront.Tests.EditMode.TransportIntegrationTests.TwoClients_AttachWithDistinctServerAssignedPlayerIds" methodname="TwoClients_AttachWithDistinctServerAssignedPlayerIds" classname="GlobalFront.Tests.EditMode.TransportIntegrationTests" runstate="Runnable" seed="1814634760" result="Passed" start-time="2026-09-22 02:56:39Z" end-time="2026-09-22 02:56:39Z" duration="0.001655" asserts="0">
                <properties>
                  <property name="retryIteration" value="0" />
                  <property name="repeatIteration" value="0" />
                </properties>
              </test-case>
            </test-suite>
            <test-suite type="TestFixture" id="1333" name="TransportLifecycleCleanupTests" fullname="GlobalFront.Tests.EditMode.TransportLifecycleCleanupTests" classname="GlobalFront.Tests.EditMode.TransportLifecycleCleanupTests" runstate="Runnable" testcasecount="4" result="Passed" start-time="2026-09-22 02:56:39Z" end-time="2026-09-22 02:56:39Z" duration="0.008554" total="4" passed="4" failed="0" inconclusive="0" skipped="0" asserts="0">
              <properties />
              <test-case id="1334" name="OwnCarrier_ClosedConnection_FreesAllState" fullname="GlobalFront.Tests.EditMode.TransportLifecycleCleanupTests.OwnCarrier_ClosedConnection_FreesAllState" methodname="OwnCarrier_ClosedConnection_FreesAllState" classname="GlobalFront.Tests.EditMode.TransportLifecycleCleanupTests" runstate="Runnable" seed="1428310509" result="Passed" start-time="2026-09-22 02:56:39Z" end-time="2026-09-22 02:56:39Z" duration="0.000740" asserts="0">
                <properties>
                  <property name="retryIteration" value="0" />
                  <property name="repeatIteration" value="0" />
                </properties>
              </test-case>
              <test-case id="1336" name="OwnCarrier_ConnectDisconnectSoak_NoStateAccumulation" fullname="GlobalFront.Tests.EditMode.TransportLifecycleCleanupTests.OwnCarrier_ConnectDisconnectSoak_NoStateAccumulation" methodname="OwnCarrier_ConnectDisconnectSoak_NoStateAccumulation" classname="GlobalFront.Tests.EditMode.TransportLifecycleCleanupTests" runstate="Runnable" seed="1268034063" result="Passed" start-time="2026-09-22 02:56:39Z" end-time="2026-09-22 02:56:39Z" duration="0.003460" asserts="0">
                <properties>
                  <property name="retryIteration" value="0" />
                  <property name="repeatIteration" value="0" />
                </properties>
              </test-case>
              <test-case id="1335" name="OwnCarrier_SpoofedSourceFlood_StateStaysBounded_AndCleansUp" fullname="GlobalFront.Tests.EditMode.TransportLifecycleCleanupTests.OwnCarrier_SpoofedSourceFlood_StateStaysBounded_AndCleansUp" methodname="OwnCarrier_SpoofedSourceFlood_StateStaysBounded_AndCleansUp" classname="GlobalFront.Tests.EditMode.TransportLifecycleCleanupTests" runstate="Runnable" seed="1116316108" result="Passed" start-time="2026-09-22 02:56:39Z" end-time="2026-09-22 02:56:39Z" duration="0.001733" asserts="0">
                <properties>
                  <property name="retryIteration" value="0" />
                  <property name="repeatIteration" value="0" />
                </properties>
              </test-case>
              <test-case id="1337" name="TransportSessionBinder_SnapshotTargets_ReturnsCachedListWithoutAllocations" fullname="GlobalFront.Tests.EditMode.TransportLifecycleCleanupTests.TransportSessionBinder_SnapshotTargets_ReturnsCachedListWithoutAllocations" methodname="TransportSessionBinder_SnapshotTargets_ReturnsCachedListWithoutAllocations" classname="GlobalFront.Tests.EditMode.TransportLifecycleCleanupTests" runstate="Runnable" seed="1947423246" result="Passed" start-time="2026-09-22 02:56:39Z" end-time="2026-09-22 02:56:39Z" duration="0.001042" asserts="0">
                <properties>
                  <property name="retryIteration" value="0" />
                  <property name="repeatIteration" value="0" />
                </properties>
              </test-case>
            </test-suite>
            <test-suite type="TestFixture" id="1338" name="TransportPerformanceBaselineTests" fullname="GlobalFront.Tests.EditMode.TransportPerformanceBaselineTests" classname="GlobalFront.Tests.EditMode.TransportPerformanceBaselineTests" runstate="Runnable" testcasecount="1" result="Passed" start-time="2026-09-22 02:56:39Z" end-time="2026-09-22 02:56:39Z" duration="0.086415" total="1" passed="1" failed="0" inconclusive="0" skipped="0" asserts="0">
              <properties />
              <test-case id="1339" name="Baseline_CommandAndSnapshotFlow_UnderLoss" fullname="GlobalFront.Tests.EditMode.TransportPerformanceBaselineTests.Baseline_CommandAndSnapshotFlow_UnderLoss" methodname="Baseline_CommandAndSnapshotFlow_UnderLoss" classname="GlobalFront.Tests.EditMode.TransportPerformanceBaselineTests" runstate="Runnable" seed="1651414229" result="Passed" start-time="2026-09-22 02:56:39Z" end-time="2026-09-22 02:56:39Z" duration="0.085674" asserts="0">
                <properties>
                  <property name="retryIteration" value="0" />
                  <property name="repeatIteration" value="0" />
                </properties>
                <output><![CDATA[=== GlobalFront Phase 2.5 transport baseline ===
commands delivered: 2000/2000 (reliable)
snapshots received: 48/50 (unreliable, 5% loss)
large C2 snapshot: deliveries=1 size=117016 bytes tick=2001
virtual time: 20205 ms; wall CPU proxy: 12 ms
throughput: 2050 msg/s wall
managed allocations: 0 KB
client bytes sent/received: 171382/222061
server bytes sent/received: 226875/163297
client retransmissions: 225
peak event queue depth: 55
peak reassembly memory: client=115866 server=0 bytes
drops: malformed=0 rate=0 window=75 queue=6
]]></output>
              </test-case>
            </test-suite>
            <test-suite type="TestFixture" id="1340" name="UnitSelectionTests" fullname="GlobalFront.Tests.EditMode.UnitSelectionTests" classname="GlobalFront.Tests.EditMode.UnitSelectionTests" runstate="Runnable" testcasecount="9" result="Passed" start-time="2026-09-22 02:56:39Z" end-time="2026-09-22 02:56:39Z" duration="0.021044" total="9" passed="9" failed="0" inconclusive="0" skipped="0" asserts="0">
              <properties />
              <test-case id="1347" name="Clear_RemovesAllSelectedUnits_AndResetsFlags" fullname="GlobalFront.Tests.EditMode.UnitSelectionTests.Clear_RemovesAllSelectedUnits_AndResetsFlags" methodname="Clear_RemovesAllSelectedUnits_AndResetsFlags" classname="GlobalFront.Tests.EditMode.UnitSelectionTests" runstate="Runnable" seed="1334305969" result="Passed" start-time="2026-09-22 02:56:39Z" end-time="2026-09-22 02:56:39Z" duration="0.004897" asserts="0">
                <properties>
                  <property name="retryIteration" value="0" />
                  <property name="repeatIteration" value="0" />
                </properties>
              </test-case>
              <test-case id="1349" name="GetSelectedEntityIds_ReturnsDeterministicallySortedIds" fullname="GlobalFront.Tests.EditMode.UnitSelectionTests.GetSelectedEntityIds_ReturnsDeterministicallySortedIds" methodname="GetSelectedEntityIds_ReturnsDeterministicallySortedIds" classname="GlobalFront.Tests.EditMode.UnitSelectionTests" runstate="Runnable" seed="2132518418" result="Passed" start-time="2026-09-22 02:56:39Z" end-time="2026-09-22 02:56:39Z" duration="0.001949" asserts="0">
                <properties>
                  <property name="retryIteration" value="0" />
                  <property name="repeatIteration" value="0" />
                </properties>
              </test-case>
              <test-case id="1348" name="PruneDead_RemovesDeadUnits_KeepsAlive" fullname="GlobalFront.Tests.EditMode.UnitSelectionTests.PruneDead_RemovesDeadUnits_KeepsAlive" methodname="PruneDead_RemovesDeadUnits_KeepsAlive" classname="GlobalFront.Tests.EditMode.UnitSelectionTests" runstate="Runnable" seed="1427084399" result="Passed" start-time="2026-09-22 02:56:39Z" end-time="2026-09-22 02:56:39Z" duration="0.002380" asserts="0">
                <properties>
                  <property name="retryIteration" value="0" />
                  <property name="repeatIteration" value="0" />
                </properties>
              </test-case>
              <test-case id="1343" name="SelectInsideScreenRect_Additive_KeepsPreviousSelection" fullname="GlobalFront.Tests.EditMode.UnitSelectionTests.SelectInsideScreenRect_Additive_KeepsPreviousSelection" methodname="SelectInsideScreenRect_Additive_KeepsPreviousSelection" classname="GlobalFront.Tests.EditMode.UnitSelectionTests" runstate="Runnable" seed="1103944532" result="Passed" start-time="2026-09-22 02:56:39Z" end-time="2026-09-22 02:56:39Z" duration="0.001846" asserts="0">
                <properties>
                  <property name="retryIteration" value="0" />
                  <property name="repeatIteration" value="0" />
                </properties>
              </test-case>
              <test-case id="1345" name="SelectInsideScreenRect_IgnoresDeadUnits" fullname="GlobalFront.Tests.EditMode.UnitSelectionTests.SelectInsideScreenRect_IgnoresDeadUnits" methodname="SelectInsideScreenRect_IgnoresDeadUnits" classname="GlobalFront.Tests.EditMode.UnitSelectionTests" runstate="Runnable" seed="175255800" result="Passed" start-time="2026-09-22 02:56:39Z" end-time="2026-09-22 02:56:39Z" duration="0.000945" asserts="0">
                <properties>
                  <property name="retryIteration" value="0" />
                  <property name="repeatIteration" value="0" />
                </properties>
              </test-case>
              <test-case id="1344" name="SelectInsideScreenRect_IgnoresEnemyUnits" fullname="GlobalFront.Tests.EditMode.UnitSelectionTests.SelectInsideScreenRect_IgnoresEnemyUnits" methodname="SelectInsideScreenRect_IgnoresEnemyUnits" classname="GlobalFront.Tests.EditMode.UnitSelectionTests" runstate="Runnable" seed="51398203" result="Passed" start-time="2026-09-22 02:56:39Z" end-time="2026-09-22 02:56:39Z" duration="0.000790" asserts="0">
                <properties>
                  <property name="retryIteration" value="0" />
                  <property name="repeatIteration" value="0" />
                </properties>
              </test-case>
              <test-case id="1346" name="SelectInsideScreenRect_IgnoresUnitsBehindCamera" fullname="GlobalFront.Tests.EditMode.UnitSelectionTests.SelectInsideScreenRect_IgnoresUnitsBehindCamera" methodname="SelectInsideScreenRect_IgnoresUnitsBehindCamera" classname="GlobalFront.Tests.EditMode.UnitSelectionTests" runstate="Runnable" seed="387806874" result="Passed" start-time="2026-09-22 02:56:39Z" end-time="2026-09-22 02:56:39Z" duration="0.000926" asserts="0">
                <properties>
                  <property name="retryIteration" value="0" />
                  <property name="repeatIteration" value="0" />
                </properties>
              </test-case>
              <test-case id="1342" name="SelectInsideScreenRect_NonAdditive_ReplacesPreviousSelection" fullname="GlobalFront.Tests.EditMode.UnitSelectionTests.SelectInsideScreenRect_NonAdditive_ReplacesPreviousSelection" methodname="SelectInsideScreenRect_NonAdditive_ReplacesPreviousSelection" classname="GlobalFront.Tests.EditMode.UnitSelectionTests" runstate="Runnable" seed="1674779363" result="Passed" start-time="2026-09-22 02:56:39Z" end-time="2026-09-22 02:56:39Z" duration="0.002448" asserts="0">
                <properties>
                  <property name="retryIteration" value="0" />
                  <property name="repeatIteration" value="0" />
                </properties>
              </test-case>
              <test-case id="1341" name="SelectInsideScreenRect_SelectsUnitsWithinRect" fullname="GlobalFront.Tests.EditMode.UnitSelectionTests.SelectInsideScreenRect_SelectsUnitsWithinRect" methodname="SelectInsideScreenRect_SelectsUnitsWithinRect" classname="GlobalFront.Tests.EditMode.UnitSelectionTests" runstate="Runnable" seed="637765201" result="Passed" start-time="2026-09-22 02:56:39Z" end-time="2026-09-22 02:56:39Z" duration="0.001836" asserts="0">
                <properties>
                  <property name="retryIteration" value="0" />
                  <property name="repeatIteration" value="0" />
                </properties>
                <output><![CDATA[<b><color=#2EA3FF>MCP-FOR-UNITY</color></b>: [TestRunnerNoThrottle] Restored Interaction Mode after test run.
Saving results to: C:/Users/kinga/AppData/LocalLow/DefaultCompany/GlobalFront\TestResults.xml
]]></output>
              </test-case>
            </test-suite>
          </test-suite>
        </test-suite>
      </test-suite>
    </test-suite>
  </test-suite>
</test-run>